14-12-2020 11:16:23.461 INFO  com.elcom.device.MainApplication.logStarting.55 - Starting MainApplication on DESKTOP-2U9UF8V with PID 10952 (E:\1.ELCOM\0.Vitalsign\1.televital-platform\VitalsignDeviceService\target\classes started by Admin in E:\1.ELCOM\0.Vitalsign\1.televital-platform\VitalsignDeviceService)
14-12-2020 11:16:23.471 INFO  com.elcom.device.MainApplication.logStartupProfileInfo.651 - No active profile set, falling back to default profiles: default
14-12-2020 11:16:27.453 INFO  c.e.d.messaging.rabbitmq.RpcConfig.initRpcQueue.35 - rpcQueueName: vs_device_rpc_queue
14-12-2020 11:16:27.457 INFO  c.e.d.messaging.rabbitmq.RpcConfig.rpcExchange.41 - rpcExchangeName: vs_device_rpc_exchange
14-12-2020 11:16:27.485 INFO  c.e.d.messaging.rabbitmq.RpcConfig.bindingRpc.47 - rpcRoutingKey: vs_device_rpc_key
14-12-2020 11:16:28.068 ERROR o.s.boot.SpringApplication.reportFailure.826 - Application run failed
org.springframework.beans.factory.BeanCreationException: Error creating bean with name 'rpcServer' defined in class path resource [com/elcom/device/messaging/rabbitmq/RpcConfig.class]: Post-processing of merged bean definition failed; nested exception is java.lang.IllegalStateException: Failed to introspect Class [com.elcom.device.messaging.rabbitmq.RpcServer] from ClassLoader [sun.misc.Launcher$AppClassLoader@73d16e93]
	at org.springframework.beans.factory.support.AbstractAutowireCapableBeanFactory.doCreateBean(AbstractAutowireCapableBeanFactory.java:572)
	at org.springframework.beans.factory.support.AbstractAutowireCapableBeanFactory.createBean(AbstractAutowireCapableBeanFactory.java:517)
	at org.springframework.beans.factory.support.AbstractBeanFactory.lambda$doGetBean$0(AbstractBeanFactory.java:323)
	at org.springframework.beans.factory.support.DefaultSingletonBeanRegistry.getSingleton(DefaultSingletonBeanRegistry.java:226)
	at org.springframework.beans.factory.support.AbstractBeanFactory.doGetBean(AbstractBeanFactory.java:321)
	at org.springframework.beans.factory.support.AbstractBeanFactory.getBean(AbstractBeanFactory.java:202)
	at org.springframework.beans.factory.support.DefaultListableBeanFactory.preInstantiateSingletons(DefaultListableBeanFactory.java:895)
	at org.springframework.context.support.AbstractApplicationContext.finishBeanFactoryInitialization(AbstractApplicationContext.java:878)
	at org.springframework.context.support.AbstractApplicationContext.refresh(AbstractApplicationContext.java:550)
	at org.springframework.boot.web.servlet.context.ServletWebServerApplicationContext.refresh(ServletWebServerApplicationContext.java:141)
	at org.springframework.boot.SpringApplication.refresh(SpringApplication.java:747)
	at org.springframework.boot.SpringApplication.refreshContext(SpringApplication.java:397)
	at org.springframework.boot.SpringApplication.run(SpringApplication.java:315)
	at org.springframework.boot.SpringApplication.run(SpringApplication.java:1226)
	at org.springframework.boot.SpringApplication.run(SpringApplication.java:1215)
	at com.elcom.device.MainApplication.main(MainApplication.java:15)
Caused by: java.lang.IllegalStateException: Failed to introspect Class [com.elcom.device.messaging.rabbitmq.RpcServer] from ClassLoader [sun.misc.Launcher$AppClassLoader@73d16e93]
	at org.springframework.util.ReflectionUtils.getDeclaredFields(ReflectionUtils.java:734)
	at org.springframework.util.ReflectionUtils.doWithLocalFields(ReflectionUtils.java:666)
	at org.springframework.orm.jpa.support.PersistenceAnnotationBeanPostProcessor.buildPersistenceMetadata(PersistenceAnnotationBeanPostProcessor.java:428)
	at org.springframework.orm.jpa.support.PersistenceAnnotationBeanPostProcessor.findPersistenceMetadata(PersistenceAnnotationBeanPostProcessor.java:409)
	at org.springframework.orm.jpa.support.PersistenceAnnotationBeanPostProcessor.postProcessMergedBeanDefinition(PersistenceAnnotationBeanPostProcessor.java:336)
	at org.springframework.beans.factory.support.AbstractAutowireCapableBeanFactory.applyMergedBeanDefinitionPostProcessors(AbstractAutowireCapableBeanFactory.java:1094)
	at org.springframework.beans.factory.support.AbstractAutowireCapableBeanFactory.doCreateBean(AbstractAutowireCapableBeanFactory.java:569)
	... 15 common frames omitted
Caused by: java.lang.NoClassDefFoundError: Lcom/elcom/device/bussiness/DeviceBusiness;
	at java.lang.Class.getDeclaredFields0(Native Method)
	at java.lang.Class.privateGetDeclaredFields(Class.java:2583)
	at java.lang.Class.getDeclaredFields(Class.java:1916)
	at org.springframework.util.ReflectionUtils.getDeclaredFields(ReflectionUtils.java:729)
	... 21 common frames omitted
Caused by: java.lang.ClassNotFoundException: com.elcom.device.bussiness.DeviceBusiness
	at java.net.URLClassLoader.findClass(URLClassLoader.java:382)
	at java.lang.ClassLoader.loadClass(ClassLoader.java:418)
	at sun.misc.Launcher$AppClassLoader.loadClass(Launcher.java:355)
	at java.lang.ClassLoader.loadClass(ClassLoader.java:351)
	... 25 common frames omitted
14-12-2020 11:16:53.137 INFO  com.elcom.device.MainApplication.logStarting.55 - Starting MainApplication on DESKTOP-2U9UF8V with PID 10404 (E:\1.ELCOM\0.Vitalsign\1.televital-platform\VitalsignDeviceService\target\classes started by Admin in E:\1.ELCOM\0.Vitalsign\1.televital-platform\VitalsignDeviceService)
14-12-2020 11:16:53.141 INFO  com.elcom.device.MainApplication.logStartupProfileInfo.651 - No active profile set, falling back to default profiles: default
14-12-2020 11:16:57.864 INFO  c.e.d.messaging.rabbitmq.RpcConfig.initRpcQueue.35 - rpcQueueName: vs_device_rpc_queue
14-12-2020 11:16:57.868 INFO  c.e.d.messaging.rabbitmq.RpcConfig.rpcExchange.41 - rpcExchangeName: vs_device_rpc_exchange
14-12-2020 11:16:57.871 INFO  c.e.d.messaging.rabbitmq.RpcConfig.bindingRpc.47 - rpcRoutingKey: vs_device_rpc_key
14-12-2020 11:16:57.883 INFO  c.e.d.m.rabbitmq.WorkerConfig.initWorkerQueue.24 - workerQueueName: vs_device_worker_queue
14-12-2020 11:16:58.908 INFO  c.e.d.messaging.rabbitmq.RpcServer.rpcReceive.36 -  [-->] Server received request for {"requestMethod":"GET","requestPath":"/v1.0/device/decrypt-device-token","headerParam":{"content-type":"application/json","user-agent":"PostmanRuntime/7.26.8","accept":"*/*","postman-token":"0295cfa8-03ce-425f-b5e0-bdfa36215823","host":"localhost:8415","accept-encoding":"gzip, deflate, br","connection":"keep-alive","content-length":"187"}}
14-12-2020 11:16:58.964 INFO  com.elcom.device.MainApplication.logStarted.61 - Started MainApplication in 6.349 seconds (JVM running for 6.844)
14-12-2020 11:16:58.990 ERROR c.e.device.bussiness.DeviceBusiness.decryptDeviceToken.146 - device-token (header) không ???c tr?ng
14-12-2020 11:16:58.994 INFO  c.e.d.messaging.rabbitmq.RpcServer.rpcReceive.85 -  [<--] Server returned null
14-12-2020 11:16:58.996 INFO  c.e.d.messaging.rabbitmq.RpcServer.rpcReceive.36 -  [-->] Server received request for {"requestMethod":"GET","requestPath":"/v1.0/device/decrypt-device-token","headerParam":{"device-token":"iPLZxCJ0Aa079ZU9qXoFK199+tgJSEG2/vNnq6xD9nMoaMHf73fr/23RtUVzYxBGZw4n8CJ0UmyTlc6bUuxlIDWgivK2nhmVaIIzGR92oFtDWPbOwIcnEgwjmpryEN1NALlchrtYHCFFXAGLnMWcPPiRH01kuKMvM0H4ligRykSQNlTiN7gjS832UH+USGZAyagnzjXzoFB5hkPEc0BbcEsWNXJJ3ACxLKtLX1OPnjov4JNDzO4g//uuKcOZPAa555ZLSb6KZLg8nQdkIyxoE5XZFbZQq3Yq2O4ppnZj+qsdYpqCJcOsvpII/Y/3RECbDKdEuTFhyE8EDnpkldlY5w\u003d\u003d","content-type":"application/json","user-agent":"PostmanRuntime/7.26.8","accept":"*/*","postman-token":"aa046b2c-e93d-4327-854e-579239f1629f","host":"localhost:8415","accept-encoding":"gzip, deflate, br","connection":"keep-alive","content-length":"187","cookie":"JSESSIONID\u003d32D762BFF7856C2077DFB41D6E1AD9B8"}}
14-12-2020 11:16:59.826 INFO  c.e.d.service.impl.DeviceServiceImpl.decryptDeviceToken.55 - deviceId decrypted: [ELC-G-001]
14-12-2020 11:16:59.827 INFO  c.e.d.messaging.rabbitmq.RpcServer.rpcReceive.85 -  [<--] Server returned ELC-G-001
14-12-2020 11:17:06.982 INFO  c.e.d.messaging.rabbitmq.RpcServer.rpcReceive.36 -  [-->] Server received request for {"requestMethod":"GET","requestPath":"/v1.0/device/decrypt-device-token","headerParam":{"device-token":"iPLZxCJ0Aa079ZU9qXoFK199+tgJSEG2/vNnq6xD9nMoaMHf73fr/23RtUVzYxBGZw4n8CJ0UmyTlc6bUuxlIDWgivK2nhmVaIIzGR92oFtDWPbOwIcnEgwjmpryEN1NALlchrtYHCFFXAGLnMWcPPiRH01kuKMvM0H4ligRykSQNlTiN7gjS832UH+USGZAyagnzjXzoFB5hkPEc0BbcEsWNXJJ3ACxLKtLX1OPnjov4JNDzO4g//uuKcOZPAa555ZLSb6KZLg8nQdkIyxoE5XZFbZQq3Yq2O4ppnZj+qsdYpqCJcOsvpII/Y/3RECbDKdEuTFhyE8EDnpkldlY5w\u003d\u003d","content-type":"application/json","user-agent":"PostmanRuntime/7.26.8","accept":"*/*","postman-token":"8e3160c0-c08d-4f5f-9e49-31f454aa66b1","host":"localhost:8415","accept-encoding":"gzip, deflate, br","connection":"keep-alive","content-length":"187","cookie":"JSESSIONID\u003d32D762BFF7856C2077DFB41D6E1AD9B8"}}
14-12-2020 11:17:06.999 INFO  c.e.d.service.impl.DeviceServiceImpl.decryptDeviceToken.55 - deviceId decrypted: [ELC-G-001]
14-12-2020 11:17:07.000 INFO  c.e.d.messaging.rabbitmq.RpcServer.rpcReceive.85 -  [<--] Server returned ELC-G-001
14-12-2020 11:19:29.013 INFO  c.e.d.messaging.rabbitmq.RpcServer.rpcReceive.36 -  [-->] Server received request for {"requestMethod":"GET","requestPath":"/v1.0/device/decrypt-device-token","headerParam":{"device-token":"iPLZxCJ0Aa079ZU9qXoFK199+tgJSEG2/vNnq6xD9nMoaMHf73fr/23RtUVzYxBGZw4n8CJ0UmyTlc6bUuxlIDWgivK2nhmVaIIzGR92oFtDWPbOwIcnEgwjmpryEN1NALlchrtYHCFFXAGLnMWcPPiRH01kuKMvM0H4ligRykSQNlTiN7gjS832UH+USGZAyagnzjXzoFB5hkPEc0BbcEsWNXJJ3ACxLKtLX1OPnjov4JNDzO4g//uuKcOZPAa555ZLSb6KZLg8nQdkIyxoE5XZFbZQq3Yq2O4ppnZj+qsdYpqCJcOsvpII/Y/3RECbDKdEuTFhyE8EDnpkldlY5w\u003d\u003d","content-type":"application/json","user-agent":"PostmanRuntime/7.26.8","accept":"*/*","postman-token":"048b57c0-f308-4ecc-b43d-1049479ff060","host":"localhost:8415","accept-encoding":"gzip, deflate, br","connection":"keep-alive","content-length":"187","cookie":"JSESSIONID\u003d32D762BFF7856C2077DFB41D6E1AD9B8"}}
14-12-2020 11:19:29.022 INFO  c.e.d.service.impl.DeviceServiceImpl.decryptDeviceToken.55 - deviceId decrypted: [ELC-G-001]
14-12-2020 11:19:29.023 INFO  c.e.d.messaging.rabbitmq.RpcServer.rpcReceive.85 -  [<--] Server returned ELC-G-001
14-12-2020 11:20:43.152 INFO  c.e.d.messaging.rabbitmq.RpcServer.rpcReceive.36 -  [-->] Server received request for {"requestMethod":"GET","requestPath":"/v1.0/device/decrypt-device-token","headerParam":{"device-token":"iPLZxCJ0Aa079ZU9qXoFK199+tgJSEG2/vNnq6xD9nMoaMHf73fr/23RtUVzYxBGZw4n8CJ0UmyTlc6bUuxlIDWgivK2nhmVaIIzGR92oFtDWPbOwIcnEgwjmpryEN1NALlchrtYHCFFXAGLnMWcPPiRH01kuKMvM0H4ligRykSQNlTiN7gjS832UH+USGZAyagnzjXzoFB5hkPEc0BbcEsWNXJJ3ACxLKtLX1OPnjov4JNDzO4g//uuKcOZPAa555ZLSb6KZLg8nQdkIyxoE5XZFbZQq3Yq2O4ppnZj+qsdYpqCJcOsvpII/Y/3RECbDKdEuTFhyE8EDnpkldlY5w\u003d\u003d","content-type":"application/json","user-agent":"PostmanRuntime/7.26.8","accept":"*/*","postman-token":"048b57c0-f308-4ecc-b43d-1049479ff060","host":"localhost:8415","accept-encoding":"gzip, deflate, br","connection":"keep-alive","content-length":"187","cookie":"JSESSIONID\u003d32D762BFF7856C2077DFB41D6E1AD9B8"}}
14-12-2020 11:20:43.158 INFO  c.e.d.service.impl.DeviceServiceImpl.decryptDeviceToken.55 - deviceId decrypted: [ELC-G-001]
14-12-2020 11:20:43.159 INFO  c.e.d.messaging.rabbitmq.RpcServer.rpcReceive.85 -  [<--] Server returned ELC-G-001
14-12-2020 11:24:01.686 INFO  c.e.d.messaging.rabbitmq.RpcServer.rpcReceive.36 -  [-->] Server received request for {"requestMethod":"GET","requestPath":"/v1.0/device/decrypt-device-token","headerParam":{"device-token":"iPLZxCJ0Aa079ZU9qXoFK199+tgJSEG2/vNnq6xD9nMoaMHf73fr/23RtUVzYxBGZw4n8CJ0UmyTlc6bUuxlIDWgivK2nhmVaIIzGR92oFtDWPbOwIcnEgwjmpryEN1NALlchrtYHCFFXAGLnMWcPPiRH01kuKMvM0H4ligRykSQNlTiN7gjS832UH+USGZAyagnzjXzoFB5hkPEc0BbcEsWNXJJ3ACxLKtLX1OPnjov4JNDzO4g//uuKcOZPAa555ZLSb6KZLg8nQdkIyxoE5XZFbZQq3Yq2O4ppnZj+qsdYpqCJcOsvpII/Y/3RECbDKdEuTFhyE8EDnpkldlY5w\u003d\u003d","content-type":"application/json","user-agent":"PostmanRuntime/7.26.8","accept":"*/*","postman-token":"e0a67c97-9529-411f-b945-397e68074aee","host":"localhost:8415","accept-encoding":"gzip, deflate, br","connection":"keep-alive","content-length":"187","cookie":"JSESSIONID\u003d32D762BFF7856C2077DFB41D6E1AD9B8"}}
14-12-2020 11:24:01.694 INFO  c.e.d.service.impl.DeviceServiceImpl.decryptDeviceToken.55 - deviceId decrypted: [ELC-G-001]
14-12-2020 11:24:01.695 INFO  c.e.d.messaging.rabbitmq.RpcServer.rpcReceive.85 -  [<--] Server returned ELC-G-001
14-12-2020 11:24:46.331 INFO  c.e.d.messaging.rabbitmq.RpcServer.rpcReceive.36 -  [-->] Server received request for {"requestMethod":"GET","requestPath":"/v1.0/device/decrypt-device-token","headerParam":{"device-token":"iPLZxCJ0Aa079ZU9qXoFK199+tgJSEG2/vNnq6xD9nMoaMHf73fr/23RtUVzYxBGZw4n8CJ0UmyTlc6bUuxlIDWgivK2nhmVaIIzGR92oFtDWPbOwIcnEgwjmpryEN1NALlchrtYHCFFXAGLnMWcPPiRH01kuKMvM0H4ligRykSQNlTiN7gjS832UH+USGZAyagnzjXzoFB5hkPEc0BbcEsWNXJJ3ACxLKtLX1OPnjov4JNDzO4g//uuKcOZPAa555ZLSb6KZLg8nQdkIyxoE5XZFbZQq3Yq2O4ppnZj+qsdYpqCJcOsvpII/Y/3RECbDKdEuTFhyE8EDnpkldlY5w\u003d\u003d","content-type":"application/json","user-agent":"PostmanRuntime/7.26.8","accept":"*/*","postman-token":"73b14f74-9f0c-42b8-9012-56fec4387194","host":"localhost:8415","accept-encoding":"gzip, deflate, br","connection":"keep-alive","content-length":"187","cookie":"JSESSIONID\u003d32D762BFF7856C2077DFB41D6E1AD9B8"}}
14-12-2020 11:24:46.340 INFO  c.e.d.service.impl.DeviceServiceImpl.decryptDeviceToken.55 - deviceId decrypted: [ELC-G-001]
14-12-2020 11:24:46.341 INFO  c.e.d.messaging.rabbitmq.RpcServer.rpcReceive.85 -  [<--] Server returned ELC-G-001
14-12-2020 11:26:37.038 INFO  c.e.d.messaging.rabbitmq.RpcServer.rpcReceive.36 -  [-->] Server received request for {"requestMethod":"GET","requestPath":"/v1.0/device/decrypt-device-token","headerParam":{"device-token":"iPLZxCJ0Aa079ZU9qXoFK199+tgJSEG2/vNnq6xD9nMoaMHf73fr/23RtUVzYxBGZw4n8CJ0UmyTlc6bUuxlIDWgivK2nhmVaIIzGR92oFtDWPbOwIcnEgwjmpryEN1NALlchrtYHCFFXAGLnMWcPPiRH01kuKMvM0H4ligRykSQNlTiN7gjS832UH+USGZAyagnzjXzoFB5hkPEc0BbcEsWNXJJ3ACxLKtLX1OPnjov4JNDzO4g//uuKcOZPAa555ZLSb6KZLg8nQdkIyxoE5XZFbZQq3Yq2O4ppnZj+qsdYpqCJcOsvpII/Y/3RECbDKdEuTFhyE8EDnpkldlY5w\u003d\u003d","content-type":"application/json","user-agent":"PostmanRuntime/7.26.8","accept":"*/*","postman-token":"29cf7cd3-70d2-409f-90e3-cf025550b1fb","host":"localhost:8415","accept-encoding":"gzip, deflate, br","connection":"keep-alive","content-length":"186","cookie":"JSESSIONID\u003d32D762BFF7856C2077DFB41D6E1AD9B8"}}
14-12-2020 11:26:37.045 INFO  c.e.d.service.impl.DeviceServiceImpl.decryptDeviceToken.55 - deviceId decrypted: [ELC-G-001]
14-12-2020 11:26:37.046 INFO  c.e.d.messaging.rabbitmq.RpcServer.rpcReceive.85 -  [<--] Server returned ELC-G-001
14-12-2020 11:35:11.979 INFO  c.e.d.messaging.rabbitmq.RpcServer.rpcReceive.36 -  [-->] Server received request for {"requestMethod":"GET","requestPath":"/v1.0/device/decrypt-device-token","headerParam":{"device-token":"iPLZxCJ0Aa079ZU9qXoFK199+tgJSEG2/vNnq6xD9nMoaMHf73fr/23RtUVzYxBGZw4n8CJ0UmyTlc6bUuxlIDWgivK2nhmVaIIzGR92oFtDWPbOwIcnEgwjmpryEN1NALlchrtYHCFFXAGLnMWcPPiRH01kuKMvM0H4ligRykSQNlTiN7gjS832UH+USGZAyagnzjXzoFB5hkPEc0BbcEsWNXJJ3ACxLKtLX1OPnjov4JNDzO4g//uuKcOZPAa555ZLSb6KZLg8nQdkIyxoE5XZFbZQq3Yq2O4ppnZj+qsdYpqCJcOsvpII/Y/3RECbDKdEuTFhyE8EDnpkldlY5w\u003d\u003d","content-type":"application/json","user-agent":"PostmanRuntime/7.26.8","accept":"*/*","postman-token":"2d4dcbfe-06aa-4c0c-b808-259453ed71b7","host":"localhost:8415","accept-encoding":"gzip, deflate, br","connection":"keep-alive","content-length":"189","cookie":"JSESSIONID\u003d32D762BFF7856C2077DFB41D6E1AD9B8"}}
14-12-2020 11:35:11.988 INFO  c.e.d.service.impl.DeviceServiceImpl.decryptDeviceToken.55 - deviceId decrypted: [ELC-G-001]
14-12-2020 11:35:11.988 INFO  c.e.d.messaging.rabbitmq.RpcServer.rpcReceive.85 -  [<--] Server returned ELC-G-001
14-12-2020 11:36:50.526 INFO  c.e.d.messaging.rabbitmq.RpcServer.rpcReceive.36 -  [-->] Server received request for {"requestMethod":"GET","requestPath":"/v1.0/device/decrypt-device-token","headerParam":{"device-token":"iPLZxCJ0Aa079ZU9qXoFK199+tgJSEG2/vNnq6xD9nMoaMHf73fr/23RtUVzYxBGZw4n8CJ0UmyTlc6bUuxlIDWgivK2nhmVaIIzGR92oFtDWPbOwIcnEgwjmpryEN1NALlchrtYHCFFXAGLnMWcPPiRH01kuKMvM0H4ligRykSQNlTiN7gjS832UH+USGZAyagnzjXzoFB5hkPEc0BbcEsWNXJJ3ACxLKtLX1OPnjov4JNDzO4g//uuKcOZPAa555ZLSb6KZLg8nQdkIyxoE5XZFbZQq3Yq2O4ppnZj+qsdYpqCJcOsvpII/Y/3RECbDKdEuTFhyE8EDnpkldlY5w\u003d\u003d","content-type":"application/json","user-agent":"PostmanRuntime/7.26.8","accept":"*/*","postman-token":"cf39ed0a-aae4-453e-9455-e2398d13d7a1","host":"localhost:8415","accept-encoding":"gzip, deflate, br","connection":"keep-alive","content-length":"189","cookie":"JSESSIONID\u003d32D762BFF7856C2077DFB41D6E1AD9B8"}}
14-12-2020 11:36:50.533 INFO  c.e.d.service.impl.DeviceServiceImpl.decryptDeviceToken.55 - deviceId decrypted: [ELC-G-001]
14-12-2020 11:36:50.534 INFO  c.e.d.messaging.rabbitmq.RpcServer.rpcReceive.85 -  [<--] Server returned ELC-G-001
14-12-2020 11:38:46.053 INFO  c.e.d.messaging.rabbitmq.RpcServer.rpcReceive.36 -  [-->] Server received request for {"requestMethod":"GET","requestPath":"/v1.0/device/decrypt-device-token","headerParam":{"content-type":"application/json","user-agent":"PostmanRuntime/7.26.8","accept":"*/*","postman-token":"98040585-fde9-4b64-b56d-0f8db1589628","host":"localhost:8415","accept-encoding":"gzip, deflate, br","connection":"keep-alive","content-length":"193","cookie":"JSESSIONID\u003d32D762BFF7856C2077DFB41D6E1AD9B8"}}
14-12-2020 11:38:46.055 ERROR c.e.device.bussiness.DeviceBusiness.decryptDeviceToken.146 - device-token (header) không ???c tr?ng
14-12-2020 11:38:46.056 INFO  c.e.d.messaging.rabbitmq.RpcServer.rpcReceive.85 -  [<--] Server returned null
14-12-2020 11:39:32.986 INFO  c.e.d.messaging.rabbitmq.RpcServer.rpcReceive.36 -  [-->] Server received request for {"requestMethod":"GET","requestPath":"/v1.0/device/decrypt-device-token","headerParam":{"device-token":"iPLZxCJ0Aa079ZU9qXoFK199+tgJSEG2/vNnq6xD9nMoaMHf73fr/23RtUVzYxBGZw4n8CJ0UmyTlc6bUuxlIDWgivK2nhmVaIIzGR92oFtDWPbOwIcnEgwjmpryEN1NALlchrtYHCFFXAGLnMWcPPiRH01kuKMvM0H4ligRykSQNlTiN7gjS832UH+USGZAyagnzjXzoFB5hkPEc0BbcEsWNXJJ3ACxLKtLX1OPnjov4JNDzO4g//uuKcOZPAa555ZLSb6KZLg8nQdkIyxoE5XZFbZQq3Yq2O4ppnZj+qsdYpqCJcOsvpII/Y/3RECbDKdEuTFhyE8EDnpkldlY5w\u003d\u003d","content-type":"application/json","user-agent":"PostmanRuntime/7.26.8","accept":"*/*","postman-token":"820d671c-3a35-4609-9e33-9c17dbbc7f63","host":"localhost:8415","accept-encoding":"gzip, deflate, br","connection":"keep-alive","content-length":"193","cookie":"JSESSIONID\u003d32D762BFF7856C2077DFB41D6E1AD9B8"}}
14-12-2020 11:39:32.992 INFO  c.e.d.service.impl.DeviceServiceImpl.decryptDeviceToken.55 - deviceId decrypted: [ELC-G-001]
14-12-2020 11:39:32.993 INFO  c.e.d.messaging.rabbitmq.RpcServer.rpcReceive.85 -  [<--] Server returned ELC-G-001
14-12-2020 11:40:10.517 INFO  c.e.d.messaging.rabbitmq.RpcServer.rpcReceive.36 -  [-->] Server received request for {"requestMethod":"GET","requestPath":"/v1.0/device/decrypt-device-token","headerParam":{"device-token":"iPLZxCJ0Aa079ZU9qXoFK199+tgJSEG2/vNnq6xD9nMoaMHf73fr/23RtUVzYxBGZw4n8CJ0UmyTlc6bUuxlIDWgivK2nhmVaIIzGR92oFtDWPbOwIcnEgwjmpryEN1NALlchrtYHCFFXAGLnMWcPPiRH01kuKMvM0H4ligRykSQNlTiN7gjS832UH+USGZAyagnzjXzoFB5hkPEc0BbcEsWNXJJ3ACxLKtLX1OPnjov4JNDzO4g//uuKcOZPAa555ZLSb6KZLg8nQdkIyxoE5XZFbZQq3Yq2O4ppnZj+qsdYpqCJcOsvpII/Y/3RECbDKdEuTFhyE8EDnpkldlY5w\u003d\u003d","content-type":"application/json","user-agent":"PostmanRuntime/7.26.8","accept":"*/*","postman-token":"6b62cb66-c56f-4cfb-9d60-cc8c50b3fd7a","host":"localhost:8415","accept-encoding":"gzip, deflate, br","connection":"keep-alive","content-length":"187","cookie":"JSESSIONID\u003d32D762BFF7856C2077DFB41D6E1AD9B8"}}
14-12-2020 11:40:10.524 INFO  c.e.d.service.impl.DeviceServiceImpl.decryptDeviceToken.55 - deviceId decrypted: [ELC-G-001]
14-12-2020 11:40:10.524 INFO  c.e.d.messaging.rabbitmq.RpcServer.rpcReceive.85 -  [<--] Server returned ELC-G-001
14-12-2020 11:43:02.097 INFO  c.e.d.messaging.rabbitmq.RpcServer.rpcReceive.36 -  [-->] Server received request for {"requestMethod":"GET","requestPath":"/v1.0/device/decrypt-device-token","headerParam":{"device-token":"iPLZxCJ0Aa079ZU9qXoFK199+tgJSEG2/vNnq6xD9nMoaMHf73fr/23RtUVzYxBGZw4n8CJ0UmyTlc6bUuxlIDWgivK2nhmVaIIzGR92oFtDWPbOwIcnEgwjmpryEN1NALlchrtYHCFFXAGLnMWcPPiRH01kuKMvM0H4ligRykSQNlTiN7gjS832UH+USGZAyagnzjXzoFB5hkPEc0BbcEsWNXJJ3ACxLKtLX1OPnjov4JNDzO4g//uuKcOZPAa555ZLSb6KZLg8nQdkIyxoE5XZFbZQq3Yq2O4ppnZj+qsdYpqCJcOsvpII/Y/3RECbDKdEuTFhyE8EDnpkldlY5w\u003d\u003d","content-type":"application/json","user-agent":"PostmanRuntime/7.26.8","accept":"*/*","postman-token":"d0ace274-41c7-4554-a7e0-5a477ce1881a","host":"localhost:8415","accept-encoding":"gzip, deflate, br","connection":"keep-alive","content-length":"187","cookie":"JSESSIONID\u003d32D762BFF7856C2077DFB41D6E1AD9B8"}}
14-12-2020 11:43:02.105 INFO  c.e.d.service.impl.DeviceServiceImpl.decryptDeviceToken.55 - deviceId decrypted: [ELC-G-001]
14-12-2020 11:43:02.105 INFO  c.e.d.messaging.rabbitmq.RpcServer.rpcReceive.85 -  [<--] Server returned ELC-G-001
14-12-2020 11:43:46.652 INFO  c.e.d.messaging.rabbitmq.RpcServer.rpcReceive.36 -  [-->] Server received request for {"requestMethod":"GET","requestPath":"/v1.0/device/decrypt-device-token","headerParam":{"device-token":"iPLZxCJ0Aa079ZU9qXoFK199+tgJSEG2/vNnq6xD9nMoaMHf73fr/23RtUVzYxBGZw4n8CJ0UmyTlc6bUuxlIDWgivK2nhmVaIIzGR92oFtDWPbOwIcnEgwjmpryEN1NALlchrtYHCFFXAGLnMWcPPiRH01kuKMvM0H4ligRykSQNlTiN7gjS832UH+USGZAyagnzjXzoFB5hkPEc0BbcEsWNXJJ3ACxLKtLX1OPnjov4JNDzO4g//uuKcOZPAa555ZLSb6KZLg8nQdkIyxoE5XZFbZQq3Yq2O4ppnZj+qsdYpqCJcOsvpII/Y/3RECbDKdEuTFhyE8EDnpkldlY5w\u003d\u003d","content-type":"application/json","user-agent":"PostmanRuntime/7.26.8","accept":"*/*","postman-token":"3fe49a7b-a3e3-4cd6-bb0f-0ab50665900d","host":"localhost:8415","accept-encoding":"gzip, deflate, br","connection":"keep-alive","content-length":"187","cookie":"JSESSIONID\u003d32D762BFF7856C2077DFB41D6E1AD9B8"}}
14-12-2020 11:43:46.659 INFO  c.e.d.service.impl.DeviceServiceImpl.decryptDeviceToken.55 - deviceId decrypted: [ELC-G-001]
14-12-2020 11:43:46.660 INFO  c.e.d.messaging.rabbitmq.RpcServer.rpcReceive.85 -  [<--] Server returned ELC-G-001
14-12-2020 11:46:38.034 INFO  c.e.d.messaging.rabbitmq.RpcServer.rpcReceive.36 -  [-->] Server received request for {"requestMethod":"GET","requestPath":"/v1.0/device/decrypt-device-token","headerParam":{"device-token":"iPLZxCJ0Aa079ZU9qXoFK199+tgJSEG2/vNnq6xD9nMoaMHf73fr/23RtUVzYxBGZw4n8CJ0UmyTlc6bUuxlIDWgivK2nhmVaIIzGR92oFtDWPbOwIcnEgwjmpryEN1NALlchrtYHCFFXAGLnMWcPPiRH01kuKMvM0H4ligRykSQNlTiN7gjS832UH+USGZAyagnzjXzoFB5hkPEc0BbcEsWNXJJ3ACxLKtLX1OPnjov4JNDzO4g//uuKcOZPAa555ZLSb6KZLg8nQdkIyxoE5XZFbZQq3Yq2O4ppnZj+qsdYpqCJcOsvpII/Y/3RECbDKdEuTFhyE8EDnpkldlY5w\u003d\u003d","content-type":"application/json","user-agent":"PostmanRuntime/7.26.8","accept":"*/*","postman-token":"64fd3eb2-a789-4068-b483-d4ee0afaf4aa","host":"localhost:8415","accept-encoding":"gzip, deflate, br","connection":"keep-alive","content-length":"187","cookie":"JSESSIONID\u003d32D762BFF7856C2077DFB41D6E1AD9B8"}}
14-12-2020 11:46:38.042 INFO  c.e.d.service.impl.DeviceServiceImpl.decryptDeviceToken.55 - deviceId decrypted: [ELC-G-001]
14-12-2020 11:46:38.043 INFO  c.e.d.messaging.rabbitmq.RpcServer.rpcReceive.85 -  [<--] Server returned ELC-G-001
14-12-2020 11:46:54.813 INFO  c.e.d.messaging.rabbitmq.RpcServer.rpcReceive.36 -  [-->] Server received request for {"requestMethod":"GET","requestPath":"/v1.0/device/decrypt-device-token","headerParam":{"device-token":"iPLZxCJ0Aa079ZU9qXoFK199+tgJSEG2/vNnq6xD9nMoaMHf73fr/23RtUVzYxBGZw4n8CJ0UmyTlc6bUuxlIDWgivK2nhmVaIIzGR92oFtDWPbOwIcnEgwjmpryEN1NALlchrtYHCFFXAGLnMWcPPiRH01kuKMvM0H4ligRykSQNlTiN7gjS832UH+USGZAyagnzjXzoFB5hkPEc0BbcEsWNXJJ3ACxLKtLX1OPnjov4JNDzO4g//uuKcOZPAa555ZLSb6KZLg8nQdkIyxoE5XZFbZQq3Yq2O4ppnZj+qsdYpqCJcOsvpII/Y/3RECbDKdEuTFhyE8EDnpkldlY5w\u003d\u003d","content-type":"application/json","user-agent":"PostmanRuntime/7.26.8","accept":"*/*","postman-token":"651a5e6e-ed8d-44e0-a08c-f00550345187","host":"localhost:8415","accept-encoding":"gzip, deflate, br","connection":"keep-alive","content-length":"187","cookie":"JSESSIONID\u003d32D762BFF7856C2077DFB41D6E1AD9B8"}}
14-12-2020 11:46:54.821 INFO  c.e.d.service.impl.DeviceServiceImpl.decryptDeviceToken.55 - deviceId decrypted: [ELC-G-001]
14-12-2020 11:46:54.821 INFO  c.e.d.messaging.rabbitmq.RpcServer.rpcReceive.85 -  [<--] Server returned ELC-G-001
14-12-2020 13:20:37.516 INFO  com.elcom.device.MainApplication.logStarting.55 - Starting MainApplication on DESKTOP-2U9UF8V with PID 10316 (E:\1.ELCOM\0.Vitalsign\1.televital-platform\VitalsignDeviceService\target\classes started by Admin in E:\1.ELCOM\0.Vitalsign\1.televital-platform\VitalsignDeviceService)
14-12-2020 13:20:37.523 INFO  com.elcom.device.MainApplication.logStartupProfileInfo.651 - No active profile set, falling back to default profiles: default
14-12-2020 13:20:42.414 INFO  c.e.d.messaging.rabbitmq.RpcConfig.initRpcQueue.35 - rpcQueueName: vs_device_rpc_queue
14-12-2020 13:20:42.418 INFO  c.e.d.messaging.rabbitmq.RpcConfig.rpcExchange.41 - rpcExchangeName: vs_device_rpc_exchange
14-12-2020 13:20:42.421 INFO  c.e.d.messaging.rabbitmq.RpcConfig.bindingRpc.47 - rpcRoutingKey: vs_device_rpc_key
14-12-2020 13:20:42.436 INFO  c.e.d.m.rabbitmq.WorkerConfig.initWorkerQueue.24 - workerQueueName: vs_device_worker_queue
14-12-2020 13:20:43.515 INFO  com.elcom.device.MainApplication.logStarted.61 - Started MainApplication in 6.525 seconds (JVM running for 7.058)
14-12-2020 13:23:06.082 INFO  c.e.d.messaging.rabbitmq.RpcServer.rpcReceive.36 -  [-->] Server received request for {"requestMethod":"GET","requestPath":"/v1.0/device/decrypt-device-token","headerParam":{"device-token":"iPLZxCJ0Aa079ZU9qXoFK199+tgJSEG2/vNnq6xD9nMoaMHf73fr/23RtUVzYxBGZw4n8CJ0UmyTlc6bUuxlIDWgivK2nhmVaIIzGR92oFtDWPbOwIcnEgwjmpryEN1NALlchrtYHCFFXAGLnMWcPPiRH01kuKMvM0H4ligRykSQNlTiN7gjS832UH+USGZAyagnzjXzoFB5hkPEc0BbcEsWNXJJ3ACxLKtLX1OPnjov4JNDzO4g//uuKcOZPAa555ZLSb6KZLg8nQdkIyxoE5XZFbZQq3Yq2O4ppnZj+qsdYpqCJcOsvpII/Y/3RECbDKdEuTFhyE8EDnpkldlY5w\u003d\u003d","content-type":"application/json","user-agent":"PostmanRuntime/7.26.8","accept":"*/*","postman-token":"8eae29e8-2af4-4174-b6e8-9a67475808b9","host":"localhost:8415","accept-encoding":"gzip, deflate, br","connection":"keep-alive","content-length":"55","cookie":"JSESSIONID\u003d32D762BFF7856C2077DFB41D6E1AD9B8"}}
14-12-2020 13:23:06.665 INFO  c.e.d.service.impl.DeviceServiceImpl.decryptDeviceToken.55 - deviceId decrypted: [ELC-G-001]
14-12-2020 13:23:06.665 INFO  c.e.d.messaging.rabbitmq.RpcServer.rpcReceive.85 -  [<--] Server returned ELC-G-001
14-12-2020 13:23:38.691 INFO  c.e.d.messaging.rabbitmq.RpcServer.rpcReceive.36 -  [-->] Server received request for {"requestMethod":"GET","requestPath":"/v1.0/device/decrypt-device-token","headerParam":{"device-token":"iPLZxCJ0Aa079ZU9qXoFK199+tgJSEG2/vNnq6xD9nMoaMHf73fr/23RtUVzYxBGZw4n8CJ0UmyTlc6bUuxlIDWgivK2nhmVaIIzGR92oFtDWPbOwIcnEgwjmpryEN1NALlchrtYHCFFXAGLnMWcPPiRH01kuKMvM0H4ligRykSQNlTiN7gjS832UH+USGZAyagnzjXzoFB5hkPEc0BbcEsWNXJJ3ACxLKtLX1OPnjov4JNDzO4g//uuKcOZPAa555ZLSb6KZLg8nQdkIyxoE5XZFbZQq3Yq2O4ppnZj+qsdYpqCJcOsvpII/Y/3RECbDKdEuTFhyE8EDnpkldlY5w\u003d\u003d","content-type":"application/json","user-agent":"PostmanRuntime/7.26.8","accept":"*/*","postman-token":"f75505a6-0ca1-4e71-b7ad-16cf90df9ff4","host":"localhost:8415","accept-encoding":"gzip, deflate, br","connection":"keep-alive","content-length":"55","cookie":"JSESSIONID\u003dAC39FED4E9AFAAA3EF4F93E21F49EB53"}}
14-12-2020 13:23:38.700 INFO  c.e.d.service.impl.DeviceServiceImpl.decryptDeviceToken.55 - deviceId decrypted: [ELC-G-001]
14-12-2020 13:23:38.701 INFO  c.e.d.messaging.rabbitmq.RpcServer.rpcReceive.85 -  [<--] Server returned ELC-G-001
14-12-2020 13:25:44.398 INFO  c.e.d.messaging.rabbitmq.RpcServer.rpcReceive.36 -  [-->] Server received request for {"requestMethod":"GET","requestPath":"/v1.0/device/decrypt-device-token","headerParam":{"device-token":"iPLZxCJ0Aa079ZU9qXoFK199+tgJSEG2/vNnq6xD9nMoaMHf73fr/23RtUVzYxBGZw4n8CJ0UmyTlc6bUuxlIDWgivK2nhmVaIIzGR92oFtDWPbOwIcnEgwjmpryEN1NALlchrtYHCFFXAGLnMWcPPiRH01kuKMvM0H4ligRykSQNlTiN7gjS832UH+USGZAyagnzjXzoFB5hkPEc0BbcEsWNXJJ3ACxLKtLX1OPnjov4JNDzO4g//uuKcOZPAa555ZLSb6KZLg8nQdkIyxoE5XZFbZQq3Yq2O4ppnZj+qsdYpqCJcOsvpII/Y/3RECbDKdEuTFhyE8EDnpkldlY5w\u003d\u003d","content-type":"application/json","user-agent":"PostmanRuntime/7.26.8","accept":"*/*","postman-token":"92e13048-86eb-4bb4-80c9-651a3cfce8b2","host":"localhost:8415","accept-encoding":"gzip, deflate, br","connection":"keep-alive","content-length":"55","cookie":"JSESSIONID\u003dAC39FED4E9AFAAA3EF4F93E21F49EB53"}}
14-12-2020 13:25:44.406 INFO  c.e.d.service.impl.DeviceServiceImpl.decryptDeviceToken.55 - deviceId decrypted: [ELC-G-001]
14-12-2020 13:25:44.407 INFO  c.e.d.messaging.rabbitmq.RpcServer.rpcReceive.85 -  [<--] Server returned ELC-G-001
14-12-2020 13:26:07.798 INFO  c.e.d.messaging.rabbitmq.RpcServer.rpcReceive.36 -  [-->] Server received request for {"requestMethod":"GET","requestPath":"/v1.0/device/decrypt-device-token","headerParam":{"device-token":"iPLZxCJ0Aa079ZU9qXoFK199+tgJSEG2/vNnq6xD9nMoaMHf73fr/23RtUVzYxBGZw4n8CJ0UmyTlc6bUuxlIDWgivK2nhmVaIIzGR92oFtDWPbOwIcnEgwjmpryEN1NALlchrtYHCFFXAGLnMWcPPiRH01kuKMvM0H4ligRykSQNlTiN7gjS832UH+USGZAyagnzjXzoFB5hkPEc0BbcEsWNXJJ3ACxLKtLX1OPnjov4JNDzO4g//uuKcOZPAa555ZLSb6KZLg8nQdkIyxoE5XZFbZQq3Yq2O4ppnZj+qsdYpqCJcOsvpII/Y/3RECbDKdEuTFhyE8EDnpkldlY5w\u003d\u003d","content-type":"application/json","user-agent":"PostmanRuntime/7.26.8","accept":"*/*","postman-token":"85676c02-113f-4166-bc8c-c8c94bf131b8","host":"localhost:8415","accept-encoding":"gzip, deflate, br","connection":"keep-alive","content-length":"55","cookie":"JSESSIONID\u003dAC39FED4E9AFAAA3EF4F93E21F49EB53"}}
14-12-2020 13:26:07.805 INFO  c.e.d.service.impl.DeviceServiceImpl.decryptDeviceToken.55 - deviceId decrypted: [ELC-G-001]
14-12-2020 13:26:07.805 INFO  c.e.d.messaging.rabbitmq.RpcServer.rpcReceive.85 -  [<--] Server returned ELC-G-001
14-12-2020 13:29:35.489 INFO  c.e.d.messaging.rabbitmq.RpcServer.rpcReceive.36 -  [-->] Server received request for {"requestMethod":"GET","requestPath":"/v1.0/device/decrypt-device-token","headerParam":{"device-token":"iPLZxCJ0Aa079ZU9qXoFK199+tgJSEG2/vNnq6xD9nMoaMHf73fr/23RtUVzYxBGZw4n8CJ0UmyTlc6bUuxlIDWgivK2nhmVaIIzGR92oFtDWPbOwIcnEgwjmpryEN1NALlchrtYHCFFXAGLnMWcPPiRH01kuKMvM0H4ligRykSQNlTiN7gjS832UH+USGZAyagnzjXzoFB5hkPEc0BbcEsWNXJJ3ACxLKtLX1OPnjov4JNDzO4g//uuKcOZPAa555ZLSb6KZLg8nQdkIyxoE5XZFbZQq3Yq2O4ppnZj+qsdYpqCJcOsvpII/Y/3RECbDKdEuTFhyE8EDnpkldlY5w\u003d\u003d","content-type":"application/json","user-agent":"PostmanRuntime/7.26.8","accept":"*/*","postman-token":"85676c02-113f-4166-bc8c-c8c94bf131b8","host":"localhost:8415","accept-encoding":"gzip, deflate, br","connection":"keep-alive","content-length":"55","cookie":"JSESSIONID\u003dAC39FED4E9AFAAA3EF4F93E21F49EB53"}}
14-12-2020 13:29:35.499 INFO  c.e.d.service.impl.DeviceServiceImpl.decryptDeviceToken.55 - deviceId decrypted: [ELC-G-001]
14-12-2020 13:29:35.500 INFO  c.e.d.messaging.rabbitmq.RpcServer.rpcReceive.85 -  [<--] Server returned ELC-G-001
14-12-2020 13:30:15.139 INFO  c.e.d.messaging.rabbitmq.RpcServer.rpcReceive.36 -  [-->] Server received request for {"requestMethod":"GET","requestPath":"/v1.0/device/decrypt-device-token","headerParam":{"device-token":"iPLZxCJ0Aa079ZU9qXoFK199+tgJSEG2/vNnq6xD9nMoaMHf73fr/23RtUVzYxBGZw4n8CJ0UmyTlc6bUuxlIDWgivK2nhmVaIIzGR92oFtDWPbOwIcnEgwjmpryEN1NALlchrtYHCFFXAGLnMWcPPiRH01kuKMvM0H4ligRykSQNlTiN7gjS832UH+USGZAyagnzjXzoFB5hkPEc0BbcEsWNXJJ3ACxLKtLX1OPnjov4JNDzO4g//uuKcOZPAa555ZLSb6KZLg8nQdkIyxoE5XZFbZQq3Yq2O4ppnZj+qsdYpqCJcOsvpII/Y/3RECbDKdEuTFhyE8EDnpkldlY5w\u003d\u003d","content-type":"application/json","user-agent":"PostmanRuntime/7.26.8","accept":"*/*","postman-token":"a4903339-b3c7-452f-98ba-43361627e6b7","host":"localhost:8415","accept-encoding":"gzip, deflate, br","connection":"keep-alive","content-length":"55","cookie":"JSESSIONID\u003dAC39FED4E9AFAAA3EF4F93E21F49EB53"}}
14-12-2020 13:30:15.146 INFO  c.e.d.service.impl.DeviceServiceImpl.decryptDeviceToken.55 - deviceId decrypted: [ELC-G-001]
14-12-2020 13:30:15.147 INFO  c.e.d.messaging.rabbitmq.RpcServer.rpcReceive.85 -  [<--] Server returned ELC-G-001
14-12-2020 13:39:47.984 INFO  com.elcom.device.MainApplication.logStarting.55 - Starting MainApplication on DESKTOP-2U9UF8V with PID 11384 (E:\1.ELCOM\0.Vitalsign\1.televital-platform\VitalsignDeviceService\target\classes started by Admin in E:\1.ELCOM\0.Vitalsign\1.televital-platform\VitalsignDeviceService)
14-12-2020 13:39:47.989 INFO  com.elcom.device.MainApplication.logStartupProfileInfo.651 - No active profile set, falling back to default profiles: default
14-12-2020 13:39:52.529 INFO  c.e.d.messaging.rabbitmq.RpcConfig.initRpcQueue.35 - rpcQueueName: vs_device_rpc_queue
14-12-2020 13:39:52.538 INFO  c.e.d.messaging.rabbitmq.RpcConfig.rpcExchange.41 - rpcExchangeName: vs_device_rpc_exchange
14-12-2020 13:39:52.543 INFO  c.e.d.messaging.rabbitmq.RpcConfig.bindingRpc.47 - rpcRoutingKey: vs_device_rpc_key
14-12-2020 13:39:52.560 INFO  c.e.d.m.rabbitmq.WorkerConfig.initWorkerQueue.24 - workerQueueName: vs_device_worker_queue
14-12-2020 13:39:53.738 INFO  com.elcom.device.MainApplication.logStarted.61 - Started MainApplication in 6.34 seconds (JVM running for 7.038)
14-12-2020 13:41:54.147 INFO  c.e.d.messaging.rabbitmq.RpcServer.rpcReceive.33 -  [-->] Server received request for {"requestMethod":"GET","requestPath":"/v1.0/device/decrypt-device-token","headerParam":{"device-token":"iPLZxCJ0Aa079ZU9qXoFK199+tgJSEG2/vNnq6xD9nMoaMHf73fr/23RtUVzYxBGZw4n8CJ0UmyTlc6bUuxlIDWgivK2nhmVaIIzGR92oFtDWPbOwIcnEgwjmpryEN1NALlchrtYHCFFXAGLnMWcPPiRH01kuKMvM0H4ligRykSQNlTiN7gjS832UH+USGZAyagnzjXzoFB5hkPEc0BbcEsWNXJJ3ACxLKtLX1OPnjov4JNDzO4g//uuKcOZPAa555ZLSb6KZLg8nQdkIyxoE5XZFbZQq3Yq2O4ppnZj+qsdYpqCJcOsvpII/Y/3RECbDKdEuTFhyE8EDnpkldlY5w\u003d\u003d","content-type":"application/json","user-agent":"PostmanRuntime/7.26.8","accept":"*/*","postman-token":"2710b5a8-4f0a-429c-988e-c0578ec94dd4","host":"localhost:8415","accept-encoding":"gzip, deflate, br","connection":"keep-alive","content-length":"55","cookie":"JSESSIONID\u003dAC39FED4E9AFAAA3EF4F93E21F49EB53"}}
14-12-2020 13:41:54.658 INFO  c.e.d.service.impl.DeviceServiceImpl.decryptDeviceToken.43 - deviceId decrypted: [ELC-G-001]
14-12-2020 13:41:54.658 INFO  c.e.d.messaging.rabbitmq.RpcServer.rpcReceive.72 -  [<--] Server returned ELC-G-001
14-12-2020 16:24:26.600 INFO  com.elcom.device.MainApplication.logStarting.55 - Starting MainApplication on DESKTOP-2U9UF8V with PID 11896 (E:\1.ELCOM\0.Vitalsign\1.televital-platform\VitalsignDeviceService\target\classes started by Admin in E:\1.ELCOM\0.Vitalsign\1.televital-platform\VitalsignDeviceService)
14-12-2020 16:24:26.604 INFO  com.elcom.device.MainApplication.logStartupProfileInfo.651 - No active profile set, falling back to default profiles: default
14-12-2020 16:24:31.445 INFO  c.e.d.messaging.rabbitmq.RpcConfig.initRpcQueue.35 - rpcQueueName: vs_device_rpc_queue
14-12-2020 16:24:31.449 INFO  c.e.d.messaging.rabbitmq.RpcConfig.rpcExchange.41 - rpcExchangeName: vs_device_rpc_exchange
14-12-2020 16:24:31.452 INFO  c.e.d.messaging.rabbitmq.RpcConfig.bindingRpc.47 - rpcRoutingKey: vs_device_rpc_key
14-12-2020 16:24:31.467 INFO  c.e.d.m.rabbitmq.WorkerConfig.initWorkerQueue.24 - workerQueueName: vs_device_worker_queue
14-12-2020 16:24:32.562 INFO  com.elcom.device.MainApplication.logStarted.61 - Started MainApplication in 6.517 seconds (JVM running for 7.102)
14-12-2020 16:30:29.670 INFO  c.e.d.messaging.rabbitmq.RpcServer.rpcReceive.33 -  [-->] Server received request for {"requestMethod":"GET","requestPath":"/v1.0/device/decrypt-device-token","headerParam":{"device-token":"iPLZxCJ0Aa079ZU9qXoFK199+tgJSEG2/vNnq6xD9nMoaMHf73fr/23RtUVzYxBGZw4n8CJ0UmyTlc6bUuxlIDWgivK2nhmVaIIzGR92oFtDWPbOwIcnEgwjmpryEN1NALlchrtYHCFFXAGLnMWcPPiRH01kuKMvM0H4ligRykSQNlTiN7gjS832UH+USGZAyagnzjXzoFB5hkPEc0BbcEsWNXJJ3ACxLKtLX1OPnjov4JNDzO4g//uuKcOZPAa555ZLSb6KZLg8nQdkIyxoE5XZFbZQq3Yq2O4ppnZj+qsdYpqCJcOsvpII/Y/3RECbDKdEuTFhyE8EDnpkldlY5w\u003d\u003d","content-type":"application/json","user-agent":"PostmanRuntime/7.26.8","accept":"*/*","postman-token":"4d3bf7a4-20c7-40c9-977e-36263c639706","host":"localhost:8415","accept-encoding":"gzip, deflate, br","connection":"keep-alive","content-length":"204","cookie":"JSESSIONID\u003dAA619E963C66B4882A84287CF84B9921"}}
14-12-2020 16:30:30.249 INFO  c.e.d.service.impl.DeviceServiceImpl.decryptDeviceToken.43 - deviceId decrypted: [ELC-G-001]
14-12-2020 16:30:30.249 INFO  c.e.d.messaging.rabbitmq.RpcServer.rpcReceive.72 -  [<--] Server returned ELC-G-001
14-12-2020 16:32:23.624 INFO  c.e.d.messaging.rabbitmq.RpcServer.rpcReceive.33 -  [-->] Server received request for {"requestMethod":"GET","requestPath":"/v1.0/device/decrypt-device-token","headerParam":{"device-token":"iPLZxCJ0Aa079ZU9qXoFK199+tgJSEG2/vNnq6xD9nMoaMHf73fr/23RtUVzYxBGZw4n8CJ0UmyTlc6bUuxlIDWgivK2nhmVaIIzGR92oFtDWPbOwIcnEgwjmpryEN1NALlchrtYHCFFXAGLnMWcPPiRH01kuKMvM0H4ligRykSQNlTiN7gjS832UH+USGZAyagnzjXzoFB5hkPEc0BbcEsWNXJJ3ACxLKtLX1OPnjov4JNDzO4g//uuKcOZPAa555ZLSb6KZLg8nQdkIyxoE5XZFbZQq3Yq2O4ppnZj+qsdYpqCJcOsvpII/Y/3RECbDKdEuTFhyE8EDnpkldlY5w\u003d\u003d","content-type":"application/json","user-agent":"PostmanRuntime/7.26.8","accept":"*/*","postman-token":"aebd57cb-da35-452e-a7ec-a4e2d1aa331d","host":"localhost:8415","accept-encoding":"gzip, deflate, br","connection":"keep-alive","content-length":"204","cookie":"JSESSIONID\u003d70C64586666DB7981B8D6CF02DA59F4A"}}
14-12-2020 16:32:23.652 INFO  c.e.d.service.impl.DeviceServiceImpl.decryptDeviceToken.43 - deviceId decrypted: [ELC-G-001]
14-12-2020 16:32:23.653 INFO  c.e.d.messaging.rabbitmq.RpcServer.rpcReceive.72 -  [<--] Server returned ELC-G-001
14-12-2020 16:56:40.311 INFO  com.elcom.device.MainApplication.logStarting.55 - Starting MainApplication on DESKTOP-2U9UF8V with PID 11420 (E:\1.ELCOM\0.Vitalsign\1.televital-platform\VitalsignDeviceService\target\classes started by Admin in E:\1.ELCOM\0.Vitalsign\1.televital-platform\VitalsignDeviceService)
14-12-2020 16:56:40.315 INFO  com.elcom.device.MainApplication.logStartupProfileInfo.651 - No active profile set, falling back to default profiles: default
14-12-2020 16:56:45.525 INFO  c.e.d.messaging.rabbitmq.RpcConfig.initRpcQueue.35 - rpcQueueName: vs_device_rpc_queue
14-12-2020 16:56:45.530 INFO  c.e.d.messaging.rabbitmq.RpcConfig.rpcExchange.41 - rpcExchangeName: vs_device_rpc_exchange
14-12-2020 16:56:45.533 INFO  c.e.d.messaging.rabbitmq.RpcConfig.bindingRpc.47 - rpcRoutingKey: vs_device_rpc_key
14-12-2020 16:56:45.549 INFO  c.e.d.m.rabbitmq.WorkerConfig.initWorkerQueue.24 - workerQueueName: vs_device_worker_queue
14-12-2020 16:56:47.176 INFO  com.elcom.device.MainApplication.logStarted.61 - Started MainApplication in 7.454 seconds (JVM running for 7.932)
14-12-2020 16:59:49.723 INFO  c.e.d.messaging.rabbitmq.RpcServer.rpcReceive.33 -  [-->] Server received request for {"requestMethod":"GET","requestPath":"/v1.0/device/decrypt-device-token","headerParam":{"device-token":"iPLZxCJ0Aa079ZU9qXoFK199+tgJSEG2/vNnq6xD9nMoaMHf73fr/23RtUVzYxBGZw4n8CJ0UmyTlc6bUuxlIDWgivK2nhmVaIIzGR92oFtDWPbOwIcnEgwjmpryEN1NALlchrtYHCFFXAGLnMWcPPiRH01kuKMvM0H4ligRykSQNlTiN7gjS832UH+USGZAyagnzjXzoFB5hkPEc0BbcEsWNXJJ3ACxLKtLX1OPnjov4JNDzO4g//uuKcOZPAa555ZLSb6KZLg8nQdkIyxoE5XZFbZQq3Yq2O4ppnZj+qsdYpqCJcOsvpII/Y/3RECbDKdEuTFhyE8EDnpkldlY5w\u003d\u003d","content-type":"application/json","user-agent":"PostmanRuntime/7.26.8","accept":"*/*","postman-token":"b246a2d9-166e-43ec-9e90-102d74407518","host":"localhost:8415","accept-encoding":"gzip, deflate, br","connection":"keep-alive","content-length":"204","cookie":"JSESSIONID\u003d8D451D2A35A5EC5F81B627A4606FD309"}}
14-12-2020 16:59:50.271 INFO  c.e.d.service.impl.DeviceServiceImpl.decryptDeviceToken.43 - deviceId decrypted: [ELC-G-001]
14-12-2020 16:59:50.271 INFO  c.e.d.messaging.rabbitmq.RpcServer.rpcReceive.72 -  [<--] Server returned ELC-G-001
14-12-2020 17:15:06.768 INFO  com.elcom.device.MainApplication.logStarting.55 - Starting MainApplication on DESKTOP-2U9UF8V with PID 9096 (E:\1.ELCOM\0.Vitalsign\1.televital-platform\VitalsignDeviceService\target\classes started by Admin in E:\1.ELCOM\0.Vitalsign\1.televital-platform\VitalsignDeviceService)
14-12-2020 17:15:06.773 INFO  com.elcom.device.MainApplication.logStartupProfileInfo.651 - No active profile set, falling back to default profiles: default
14-12-2020 17:15:11.364 INFO  c.e.d.messaging.rabbitmq.RpcConfig.initRpcQueue.35 - rpcQueueName: vs_device_rpc_queue
14-12-2020 17:15:11.368 INFO  c.e.d.messaging.rabbitmq.RpcConfig.rpcExchange.41 - rpcExchangeName: vs_device_rpc_exchange
14-12-2020 17:15:11.372 INFO  c.e.d.messaging.rabbitmq.RpcConfig.bindingRpc.47 - rpcRoutingKey: vs_device_rpc_key
14-12-2020 17:15:11.385 INFO  c.e.d.m.rabbitmq.WorkerConfig.initWorkerQueue.24 - workerQueueName: vs_device_worker_queue
14-12-2020 17:15:12.615 INFO  com.elcom.device.MainApplication.logStarted.61 - Started MainApplication in 6.462 seconds (JVM running for 7.064)
14-12-2020 17:18:03.537 INFO  c.e.d.messaging.rabbitmq.RpcServer.rpcReceive.33 -  [-->] Server received request for {"requestMethod":"GET","requestPath":"/v1.0/device/decrypt-device-token","headerParam":{"device-token":"iPLZxCJ0Aa079ZU9qXoFK199+tgJSEG2/vNnq6xD9nMoaMHf73fr/23RtUVzYxBGZw4n8CJ0UmyTlc6bUuxlIDWgivK2nhmVaIIzGR92oFtDWPbOwIcnEgwjmpryEN1NALlchrtYHCFFXAGLnMWcPPiRH01kuKMvM0H4ligRykSQNlTiN7gjS832UH+USGZAyagnzjXzoFB5hkPEc0BbcEsWNXJJ3ACxLKtLX1OPnjov4JNDzO4g//uuKcOZPAa555ZLSb6KZLg8nQdkIyxoE5XZFbZQq3Yq2O4ppnZj+qsdYpqCJcOsvpII/Y/3RECbDKdEuTFhyE8EDnpkldlY5w\u003d\u003d","content-type":"application/json","user-agent":"PostmanRuntime/7.26.8","accept":"*/*","postman-token":"7047c5e6-248b-4888-9f5e-9ad109dc58c4","host":"localhost:8415","accept-encoding":"gzip, deflate, br","connection":"keep-alive","content-length":"204","cookie":"JSESSIONID\u003d8D451D2A35A5EC5F81B627A4606FD309"}}
14-12-2020 17:18:03.868 INFO  c.e.d.service.impl.DeviceServiceImpl.decryptDeviceToken.43 - deviceId decrypted: [ELC-G-001]
14-12-2020 17:18:03.869 INFO  c.e.d.messaging.rabbitmq.RpcServer.rpcReceive.72 -  [<--] Server returned ELC-G-001
14-12-2020 17:20:31.258 INFO  c.e.d.messaging.rabbitmq.RpcServer.rpcReceive.33 -  [-->] Server received request for {"requestMethod":"GET","requestPath":"/v1.0/device/decrypt-device-token","headerParam":{"device-token":"iPLZxCJ0Aa079ZU9qXoFK199+tgJSEG2/vNnq6xD9nMoaMHf73fr/23RtUVzYxBGZw4n8CJ0UmyTlc6bUuxlIDWgivK2nhmVaIIzGR92oFtDWPbOwIcnEgwjmpryEN1NALlchrtYHCFFXAGLnMWcPPiRH01kuKMvM0H4ligRykSQNlTiN7gjS832UH+USGZAyagnzjXzoFB5hkPEc0BbcEsWNXJJ3ACxLKtLX1OPnjov4JNDzO4g//uuKcOZPAa555ZLSb6KZLg8nQdkIyxoE5XZFbZQq3Yq2O4ppnZj+qsdYpqCJcOsvpII/Y/3RECbDKdEuTFhyE8EDnpkldlY5w\u003d\u003d","content-type":"application/json","user-agent":"PostmanRuntime/7.26.8","accept":"*/*","postman-token":"04f09180-7769-46d2-b82e-1b1d4208df3b","host":"localhost:8415","accept-encoding":"gzip, deflate, br","connection":"keep-alive","content-length":"204","cookie":"JSESSIONID\u003d8D451D2A35A5EC5F81B627A4606FD309"}}
14-12-2020 17:20:31.273 INFO  c.e.d.service.impl.DeviceServiceImpl.decryptDeviceToken.43 - deviceId decrypted: [ELC-G-001]
14-12-2020 17:20:31.273 INFO  c.e.d.messaging.rabbitmq.RpcServer.rpcReceive.72 -  [<--] Server returned ELC-G-001
14-12-2020 17:20:59.658 INFO  c.e.d.messaging.rabbitmq.RpcServer.rpcReceive.33 -  [-->] Server received request for {"requestMethod":"GET","requestPath":"/v1.0/device/decrypt-device-token","headerParam":{"device-token":"iPLZxCJ0Aa079ZU9qXoFK199+tgJSEG2/vNnq6xD9nMoaMHf73fr/23RtUVzYxBGZw4n8CJ0UmyTlc6bUuxlIDWgivK2nhmVaIIzGR92oFtDWPbOwIcnEgwjmpryEN1NALlchrtYHCFFXAGLnMWcPPiRH01kuKMvM0H4ligRykSQNlTiN7gjS832UH+USGZAyagnzjXzoFB5hkPEc0BbcEsWNXJJ3ACxLKtLX1OPnjov4JNDzO4g//uuKcOZPAa555ZLSb6KZLg8nQdkIyxoE5XZFbZQq3Yq2O4ppnZj+qsdYpqCJcOsvpII/Y/3RECbDKdEuTFhyE8EDnpkldlY5w\u003d\u003d","content-type":"application/json","user-agent":"PostmanRuntime/7.26.8","accept":"*/*","postman-token":"f649169f-e081-483f-a275-b038a1713564","host":"localhost:8415","accept-encoding":"gzip, deflate, br","connection":"keep-alive","content-length":"204","cookie":"JSESSIONID\u003d8D451D2A35A5EC5F81B627A4606FD309"}}
14-12-2020 17:20:59.667 INFO  c.e.d.service.impl.DeviceServiceImpl.decryptDeviceToken.43 - deviceId decrypted: [ELC-G-001]
14-12-2020 17:20:59.668 INFO  c.e.d.messaging.rabbitmq.RpcServer.rpcReceive.72 -  [<--] Server returned ELC-G-001
14-12-2020 17:23:51.952 INFO  c.e.d.messaging.rabbitmq.RpcServer.rpcReceive.33 -  [-->] Server received request for {"requestMethod":"GET","requestPath":"/v1.0/device/decrypt-device-token","headerParam":{"device-token":"iPLZxCJ0Aa079ZU9qXoFK199+tgJSEG2/vNnq6xD9nMoaMHf73fr/23RtUVzYxBGZw4n8CJ0UmyTlc6bUuxlIDWgivK2nhmVaIIzGR92oFtDWPbOwIcnEgwjmpryEN1NALlchrtYHCFFXAGLnMWcPPiRH01kuKMvM0H4ligRykSQNlTiN7gjS832UH+USGZAyagnzjXzoFB5hkPEc0BbcEsWNXJJ3ACxLKtLX1OPnjov4JNDzO4g//uuKcOZPAa555ZLSb6KZLg8nQdkIyxoE5XZFbZQq3Yq2O4ppnZj+qsdYpqCJcOsvpII/Y/3RECbDKdEuTFhyE8EDnpkldlY5w\u003d\u003d","content-type":"application/json","user-agent":"PostmanRuntime/7.26.8","accept":"*/*","postman-token":"f649169f-e081-483f-a275-b038a1713564","host":"localhost:8415","accept-encoding":"gzip, deflate, br","connection":"keep-alive","content-length":"204","cookie":"JSESSIONID\u003d8D451D2A35A5EC5F81B627A4606FD309"}}
14-12-2020 17:23:51.960 INFO  c.e.d.service.impl.DeviceServiceImpl.decryptDeviceToken.43 - deviceId decrypted: [ELC-G-001]
14-12-2020 17:23:51.961 INFO  c.e.d.messaging.rabbitmq.RpcServer.rpcReceive.72 -  [<--] Server returned ELC-G-001
14-12-2020 17:24:16.280 INFO  c.e.d.messaging.rabbitmq.RpcServer.rpcReceive.33 -  [-->] Server received request for {"requestMethod":"GET","requestPath":"/v1.0/device/decrypt-device-token","headerParam":{"device-token":"iPLZxCJ0Aa079ZU9qXoFK199+tgJSEG2/vNnq6xD9nMoaMHf73fr/23RtUVzYxBGZw4n8CJ0UmyTlc6bUuxlIDWgivK2nhmVaIIzGR92oFtDWPbOwIcnEgwjmpryEN1NALlchrtYHCFFXAGLnMWcPPiRH01kuKMvM0H4ligRykSQNlTiN7gjS832UH+USGZAyagnzjXzoFB5hkPEc0BbcEsWNXJJ3ACxLKtLX1OPnjov4JNDzO4g//uuKcOZPAa555ZLSb6KZLg8nQdkIyxoE5XZFbZQq3Yq2O4ppnZj+qsdYpqCJcOsvpII/Y/3RECbDKdEuTFhyE8EDnpkldlY5w\u003d\u003d","content-type":"application/json","user-agent":"PostmanRuntime/7.26.8","accept":"*/*","postman-token":"f8c61434-f5d5-4189-9a72-7237f2860946","host":"localhost:8415","accept-encoding":"gzip, deflate, br","connection":"keep-alive","content-length":"204","cookie":"JSESSIONID\u003d8D451D2A35A5EC5F81B627A4606FD309"}}
14-12-2020 17:24:16.288 INFO  c.e.d.service.impl.DeviceServiceImpl.decryptDeviceToken.43 - deviceId decrypted: [ELC-G-001]
14-12-2020 17:24:16.289 INFO  c.e.d.messaging.rabbitmq.RpcServer.rpcReceive.72 -  [<--] Server returned ELC-G-001
14-12-2020 17:24:34.190 INFO  c.e.d.messaging.rabbitmq.RpcServer.rpcReceive.33 -  [-->] Server received request for {"requestMethod":"GET","requestPath":"/v1.0/device/decrypt-device-token","headerParam":{"device-token":"iPLZxCJ0Aa079ZU9qXoFK199+tgJSEG2/vNnq6xD9nMoaMHf73fr/23RtUVzYxBGZw4n8CJ0UmyTlc6bUuxlIDWgivK2nhmVaIIzGR92oFtDWPbOwIcnEgwjmpryEN1NALlchrtYHCFFXAGLnMWcPPiRH01kuKMvM0H4ligRykSQNlTiN7gjS832UH+USGZAyagnzjXzoFB5hkPEc0BbcEsWNXJJ3ACxLKtLX1OPnjov4JNDzO4g//uuKcOZPAa555ZLSb6KZLg8nQdkIyxoE5XZFbZQq3Yq2O4ppnZj+qsdYpqCJcOsvpII/Y/3RECbDKdEuTFhyE8EDnpkldlY5w\u003d\u003d","content-type":"application/json","user-agent":"PostmanRuntime/7.26.8","accept":"*/*","postman-token":"ff1aefbd-7202-4724-a06f-a5e02d5b4af2","host":"localhost:8415","accept-encoding":"gzip, deflate, br","connection":"keep-alive","content-length":"204","cookie":"JSESSIONID\u003d8D451D2A35A5EC5F81B627A4606FD309"}}
14-12-2020 17:24:34.197 INFO  c.e.d.service.impl.DeviceServiceImpl.decryptDeviceToken.43 - deviceId decrypted: [ELC-G-001]
14-12-2020 17:24:34.198 INFO  c.e.d.messaging.rabbitmq.RpcServer.rpcReceive.72 -  [<--] Server returned ELC-G-001
14-12-2020 17:26:28.168 INFO  c.e.d.messaging.rabbitmq.RpcServer.rpcReceive.33 -  [-->] Server received request for {"requestMethod":"GET","requestPath":"/v1.0/device/decrypt-device-token","headerParam":{"device-token":"iPLZxCJ0Aa079ZU9qXoFK199+tgJSEG2/vNnq6xD9nMoaMHf73fr/23RtUVzYxBGZw4n8CJ0UmyTlc6bUuxlIDWgivK2nhmVaIIzGR92oFtDWPbOwIcnEgwjmpryEN1NALlchrtYHCFFXAGLnMWcPPiRH01kuKMvM0H4ligRykSQNlTiN7gjS832UH+USGZAyagnzjXzoFB5hkPEc0BbcEsWNXJJ3ACxLKtLX1OPnjov4JNDzO4g//uuKcOZPAa555ZLSb6KZLg8nQdkIyxoE5XZFbZQq3Yq2O4ppnZj+qsdYpqCJcOsvpII/Y/3RECbDKdEuTFhyE8EDnpkldlY5w\u003d\u003d","content-type":"application/json","user-agent":"PostmanRuntime/7.26.8","accept":"*/*","postman-token":"ff1aefbd-7202-4724-a06f-a5e02d5b4af2","host":"localhost:8415","accept-encoding":"gzip, deflate, br","connection":"keep-alive","content-length":"204","cookie":"JSESSIONID\u003d8D451D2A35A5EC5F81B627A4606FD309"}}
14-12-2020 17:26:28.174 INFO  c.e.d.service.impl.DeviceServiceImpl.decryptDeviceToken.43 - deviceId decrypted: [ELC-G-001]
14-12-2020 17:26:28.175 INFO  c.e.d.messaging.rabbitmq.RpcServer.rpcReceive.72 -  [<--] Server returned ELC-G-001
14-12-2020 17:26:58.790 INFO  c.e.d.messaging.rabbitmq.RpcServer.rpcReceive.33 -  [-->] Server received request for {"requestMethod":"GET","requestPath":"/v1.0/device/decrypt-device-token","headerParam":{"device-token":"iPLZxCJ0Aa079ZU9qXoFK199+tgJSEG2/vNnq6xD9nMoaMHf73fr/23RtUVzYxBGZw4n8CJ0UmyTlc6bUuxlIDWgivK2nhmVaIIzGR92oFtDWPbOwIcnEgwjmpryEN1NALlchrtYHCFFXAGLnMWcPPiRH01kuKMvM0H4ligRykSQNlTiN7gjS832UH+USGZAyagnzjXzoFB5hkPEc0BbcEsWNXJJ3ACxLKtLX1OPnjov4JNDzO4g//uuKcOZPAa555ZLSb6KZLg8nQdkIyxoE5XZFbZQq3Yq2O4ppnZj+qsdYpqCJcOsvpII/Y/3RECbDKdEuTFhyE8EDnpkldlY5w\u003d\u003d","content-type":"application/json","user-agent":"PostmanRuntime/7.26.8","accept":"*/*","postman-token":"1cccd12b-47f9-4f6f-9782-0b04284cf188","host":"localhost:8415","accept-encoding":"gzip, deflate, br","connection":"keep-alive","content-length":"204","cookie":"JSESSIONID\u003d8D451D2A35A5EC5F81B627A4606FD309"}}
14-12-2020 17:26:58.797 INFO  c.e.d.service.impl.DeviceServiceImpl.decryptDeviceToken.43 - deviceId decrypted: [ELC-G-001]
14-12-2020 17:26:58.798 INFO  c.e.d.messaging.rabbitmq.RpcServer.rpcReceive.72 -  [<--] Server returned ELC-G-001
14-12-2020 17:34:21.390 INFO  c.e.d.messaging.rabbitmq.RpcServer.rpcReceive.33 -  [-->] Server received request for {"requestMethod":"GET","requestPath":"/v1.0/device/decrypt-device-token","headerParam":{"device-token":"iPLZxCJ0Aa079ZU9qXoFK199+tgJSEG2/vNnq6xD9nMoaMHf73fr/23RtUVzYxBGZw4n8CJ0UmyTlc6bUuxlIDWgivK2nhmVaIIzGR92oFtDWPbOwIcnEgwjmpryEN1NALlchrtYHCFFXAGLnMWcPPiRH01kuKMvM0H4ligRykSQNlTiN7gjS832UH+USGZAyagnzjXzoFB5hkPEc0BbcEsWNXJJ3ACxLKtLX1OPnjov4JNDzO4g//uuKcOZPAa555ZLSb6KZLg8nQdkIyxoE5XZFbZQq3Yq2O4ppnZj+qsdYpqCJcOsvpII/Y/3RECbDKdEuTFhyE8EDnpkldlY5w\u003d\u003d","content-type":"application/json","user-agent":"PostmanRuntime/7.26.8","accept":"*/*","postman-token":"1cccd12b-47f9-4f6f-9782-0b04284cf188","host":"localhost:8415","accept-encoding":"gzip, deflate, br","connection":"keep-alive","content-length":"204","cookie":"JSESSIONID\u003d8D451D2A35A5EC5F81B627A4606FD309"}}
14-12-2020 17:34:21.399 INFO  c.e.d.service.impl.DeviceServiceImpl.decryptDeviceToken.43 - deviceId decrypted: [ELC-G-001]
14-12-2020 17:34:21.400 INFO  c.e.d.messaging.rabbitmq.RpcServer.rpcReceive.72 -  [<--] Server returned ELC-G-001
14-12-2020 17:34:40.578 INFO  c.e.d.messaging.rabbitmq.RpcServer.rpcReceive.33 -  [-->] Server received request for {"requestMethod":"GET","requestPath":"/v1.0/device/decrypt-device-token","headerParam":{"device-token":"iPLZxCJ0Aa079ZU9qXoFK199+tgJSEG2/vNnq6xD9nMoaMHf73fr/23RtUVzYxBGZw4n8CJ0UmyTlc6bUuxlIDWgivK2nhmVaIIzGR92oFtDWPbOwIcnEgwjmpryEN1NALlchrtYHCFFXAGLnMWcPPiRH01kuKMvM0H4ligRykSQNlTiN7gjS832UH+USGZAyagnzjXzoFB5hkPEc0BbcEsWNXJJ3ACxLKtLX1OPnjov4JNDzO4g//uuKcOZPAa555ZLSb6KZLg8nQdkIyxoE5XZFbZQq3Yq2O4ppnZj+qsdYpqCJcOsvpII/Y/3RECbDKdEuTFhyE8EDnpkldlY5w\u003d\u003d","content-type":"application/json","user-agent":"PostmanRuntime/7.26.8","accept":"*/*","postman-token":"9600ea60-fb17-4c60-9e49-c2018bc926b9","host":"localhost:8415","accept-encoding":"gzip, deflate, br","connection":"keep-alive","content-length":"204","cookie":"JSESSIONID\u003d8D451D2A35A5EC5F81B627A4606FD309"}}
14-12-2020 17:34:40.584 INFO  c.e.d.service.impl.DeviceServiceImpl.decryptDeviceToken.43 - deviceId decrypted: [ELC-G-001]
14-12-2020 17:34:40.585 INFO  c.e.d.messaging.rabbitmq.RpcServer.rpcReceive.72 -  [<--] Server returned ELC-G-001
14-12-2020 23:03:35.292 INFO  c.e.d.messaging.rabbitmq.RpcServer.rpcReceive.33 -  [-->] Server received request for {"requestMethod":"GET","requestPath":"/v1.0/device/decrypt-device-token","headerParam":{"device-token":"iPLZxCJ0Aa079ZU9qXoFK199+tgJSEG2/vNnq6xD9nMoaMHf73fr/23RtUVzYxBGZw4n8CJ0UmyTlc6bUuxlIDWgivK2nhmVaIIzGR92oFtDWPbOwIcnEgwjmpryEN1NALlchrtYHCFFXAGLnMWcPPiRH01kuKMvM0H4ligRykSQNlTiN7gjS832UH+USGZAyagnzjXzoFB5hkPEc0BbcEsWNXJJ3ACxLKtLX1OPnjov4JNDzO4g//uuKcOZPAa555ZLSb6KZLg8nQdkIyxoE5XZFbZQq3Yq2O4ppnZj+qsdYpqCJcOsvpII/Y/3RECbDKdEuTFhyE8EDnpkldlY5w\u003d\u003d","content-type":"application/json","user-agent":"PostmanRuntime/7.26.8","accept":"*/*","postman-token":"43c885ca-5610-4b99-9603-64cad6485f59","host":"localhost:8415","accept-encoding":"gzip, deflate, br","connection":"keep-alive","content-length":"206","cookie":"JSESSIONID\u003d8D451D2A35A5EC5F81B627A4606FD309"}}
14-12-2020 23:03:35.330 INFO  c.e.d.service.impl.DeviceServiceImpl.decryptDeviceToken.43 - deviceId decrypted: [ELC-G-001]
14-12-2020 23:03:35.331 INFO  c.e.d.messaging.rabbitmq.RpcServer.rpcReceive.72 -  [<--] Server returned ELC-G-001
14-12-2020 23:04:24.349 INFO  c.e.d.messaging.rabbitmq.RpcServer.rpcReceive.33 -  [-->] Server received request for {"requestMethod":"GET","requestPath":"/v1.0/device/decrypt-device-token","headerParam":{"device-token":"iPLZxCJ0Aa079ZU9qXoFK199+tgJSEG2/vNnq6xD9nMoaMHf73fr/23RtUVzYxBGZw4n8CJ0UmyTlc6bUuxlIDWgivK2nhmVaIIzGR92oFtDWPbOwIcnEgwjmpryEN1NALlchrtYHCFFXAGLnMWcPPiRH01kuKMvM0H4ligRykSQNlTiN7gjS832UH+USGZAyagnzjXzoFB5hkPEc0BbcEsWNXJJ3ACxLKtLX1OPnjov4JNDzO4g//uuKcOZPAa555ZLSb6KZLg8nQdkIyxoE5XZFbZQq3Yq2O4ppnZj+qsdYpqCJcOsvpII/Y/3RECbDKdEuTFhyE8EDnpkldlY5w\u003d\u003d","content-type":"application/json","user-agent":"PostmanRuntime/7.26.8","accept":"*/*","postman-token":"5c7435cc-175b-4f99-bcd7-eed576798631","host":"localhost:8415","accept-encoding":"gzip, deflate, br","connection":"keep-alive","content-length":"203","cookie":"JSESSIONID\u003dB62ACD10736C4C4C3D5C8F3B7BDFF8AC"}}
14-12-2020 23:04:24.357 INFO  c.e.d.service.impl.DeviceServiceImpl.decryptDeviceToken.43 - deviceId decrypted: [ELC-G-001]
14-12-2020 23:04:24.358 INFO  c.e.d.messaging.rabbitmq.RpcServer.rpcReceive.72 -  [<--] Server returned ELC-G-001
