18-12-2020 16:31:21.766 INFO  com.elcom.device.MainApplication.logStarting.55 - Starting MainApplication on DESKTOP-2U9UF8V with PID 12044 (E:\1.ELCOM\0.Vitalsign\1.televital-platform\VitalsignDeviceService\target\classes started by Admin in E:\1.ELCOM\0.Vitalsign\1.televital-platform\VitalsignDeviceService)
18-12-2020 16:31:21.811 INFO  com.elcom.device.MainApplication.logStartupProfileInfo.651 - No active profile set, falling back to default profiles: default
18-12-2020 16:31:33.442 INFO  c.e.d.messaging.rabbitmq.RpcConfig.initRpcQueue.35 - rpcQueueName: vs_device_rpc_queue_ducnh
18-12-2020 16:31:33.447 INFO  c.e.d.messaging.rabbitmq.RpcConfig.rpcExchange.41 - rpcExchangeName: vs_device_rpc_exchange_ducnh
18-12-2020 16:31:33.452 INFO  c.e.d.messaging.rabbitmq.RpcConfig.bindingRpc.47 - rpcRoutingKey: vs_device_rpc_key_ducnh
18-12-2020 16:31:33.478 INFO  c.e.d.m.rabbitmq.WorkerConfig.initWorkerQueue.24 - workerQueueName: vs_device_worker_queue_ducnh
18-12-2020 16:31:36.497 INFO  com.elcom.device.MainApplication.logStarted.61 - Started MainApplication in 15.496 seconds (JVM running for 16.141)
18-12-2020 16:33:04.053 INFO  c.e.d.messaging.rabbitmq.RpcServer.rpcReceive.40 -  [-->] Server received request for {"requestMethod":"GET","requestPath":"/v1.0/device/find-device-for-add-customer","urlParam":"businessUnitId\u003d10d7ff14-d06b-49c3-8791-43d44b5ca50d\u0026deviceName\u003d11d7ff14-d06b","headerParam":{"user-agent":"PostmanRuntime/7.26.8","accept":"*/*","postman-token":"fd3bfb84-58bf-451e-bc6a-20c2e83007d9","host":"localhost:8415","accept-encoding":"gzip, deflate, br","connection":"keep-alive","cookie":"JSESSIONID\u003dD7A3DE3682AB5AF9DBB43F0B5C224DAC"}}
18-12-2020 16:33:04.183 INFO  c.e.d.m.rabbitmq.RabbitMQClient.callRpcService.43 - callRpcService - exchangeName: vs_user_rpc_exchange_ducnh, queueName: vs_user_rpc_queue_ducnh, key : vs_user_rpc_ducnh
18-12-2020 16:33:04.425 INFO  c.e.device.controller.BaseController.authenToken.80 - authenToken - result: {"status":403,"message":"Forbidden","data":{"status":403,"message":"Forbidden","data":null,"total":null}}
18-12-2020 16:33:04.456 INFO  c.e.d.messaging.rabbitmq.RpcServer.rpcReceive.133 -  [<--] Server returned {"status":403,"message":"Forbidden","data":{"status":403,"message":"Forbidden","data":"B?n ch?a ??ng nh?p"}}
18-12-2020 16:33:11.915 INFO  c.e.d.messaging.rabbitmq.RpcServer.rpcReceive.40 -  [-->] Server received request for {"requestMethod":"GET","requestPath":"/v1.0/device/find-device-for-add-customer","urlParam":"businessUnitId\u003d10d7ff14-d06b-49c3-8791-43d44b5ca50d\u0026deviceName\u003d11d7ff14-d06b","headerParam":{"authorization":"Bearer eyJhbGciOiJIUzUxMiJ9.eyJzdWIiOiI1MGQ3ZmYxNC1kMDZiLTQ5YzMtODc5MS00M2Q0NGI1Y2E1OWQiLCJpYXQiOjE2MDgxOTg3MDMsImV4cCI6MTYwODgwMzUwM30.zGDIpEq2d6mmAOhTDc5_J0nIX-kmPRYmOmkyomk3u9Ic76lR1oGTABBOjkyvWRwZR3pg-lznVJLFVVJqFwm_eA","user-agent":"PostmanRuntime/7.26.8","accept":"*/*","postman-token":"75b61c00-18f5-411f-b1e2-1ec5ad792917","host":"localhost:8415","accept-encoding":"gzip, deflate, br","connection":"keep-alive","cookie":"JSESSIONID\u003dF213590C2EA533356A2D6AAF20548CA6"}}
18-12-2020 16:33:11.919 INFO  c.e.d.m.rabbitmq.RabbitMQClient.callRpcService.43 - callRpcService - exchangeName: vs_user_rpc_exchange_ducnh, queueName: vs_user_rpc_queue_ducnh, key : vs_user_rpc_ducnh
18-12-2020 16:33:12.676 INFO  c.e.device.controller.BaseController.authenToken.80 - authenToken - result: {"status":200,"message":"200 OK","data":{"status":200,"message":"200 OK","data":{"accessToken":null,"refreshToken":null,"uuid":"50d7ff14-d06b-49c3-8791-43d44b5ca59d","userName":"anhdv","email":"anhdv@elcom.com.vn","mobile":null,"fullName":"?? Vi?t Anh","avatar":"avatar013.jpg","status":1,"address":null,"skype":null,"facebook":null,"signupType":2,"createdAt":1605511140000,"lastLogin":1608198703000,"emailVerify":0,"mobileVerify":0,"lastUpdate":1608198703000,"loginIp":null,"isDelete":0,"birthDay":null,"gender":null,"fbId":null,"ggId":"","appleId":null,"setPassword":1,"profileUpdate":null,"avatarUpdate":1608103947000},"total":null}}
18-12-2020 16:33:12.825 INFO  c.e.d.messaging.rabbitmq.RpcServer.rpcReceive.133 -  [<--] Server returned {"status":200,"message":"Data not found","data":{"status":200,"message":"Data not found"}}
18-12-2020 16:33:23.827 INFO  c.e.d.messaging.rabbitmq.RpcServer.rpcReceive.40 -  [-->] Server received request for {"requestMethod":"GET","requestPath":"/v1.0/device/find-device-for-add-customer","urlParam":"businessUnitId\u003d10d7ff14-d06b-49c3-8791-43d44b5ca50d\u0026deviceName\u003d11d7ff14-d06b","headerParam":{"authorization":"Bearer eyJhbGciOiJIUzUxMiJ9.eyJzdWIiOiI1MGQ3ZmYxNC1kMDZiLTQ5YzMtODc5MS00M2Q0NGI1Y2E1OWQiLCJpYXQiOjE2MDgxOTg3MDMsImV4cCI6MTYwODgwMzUwM30.zGDIpEq2d6mmAOhTDc5_J0nIX-kmPRYmOmkyomk3u9Ic76lR1oGTABBOjkyvWRwZR3pg-lznVJLFVVJqFwm_eA","user-agent":"PostmanRuntime/7.26.8","accept":"*/*","postman-token":"aa4cadc4-69db-4493-8250-b6a7cbba06b2","host":"localhost:8415","accept-encoding":"gzip, deflate, br","connection":"keep-alive","cookie":"JSESSIONID\u003dF213590C2EA533356A2D6AAF20548CA6"}}
18-12-2020 16:33:23.830 INFO  c.e.d.m.rabbitmq.RabbitMQClient.callRpcService.43 - callRpcService - exchangeName: vs_user_rpc_exchange_ducnh, queueName: vs_user_rpc_queue_ducnh, key : vs_user_rpc_ducnh
18-12-2020 16:33:23.889 INFO  c.e.device.controller.BaseController.authenToken.80 - authenToken - result: {"status":200,"message":"200 OK","data":{"status":200,"message":"200 OK","data":{"accessToken":null,"refreshToken":null,"uuid":"50d7ff14-d06b-49c3-8791-43d44b5ca59d","userName":"anhdv","email":"anhdv@elcom.com.vn","mobile":null,"fullName":"?? Vi?t Anh","avatar":"avatar013.jpg","status":1,"address":null,"skype":null,"facebook":null,"signupType":2,"createdAt":1605511140000,"lastLogin":1608198703000,"emailVerify":0,"mobileVerify":0,"lastUpdate":1608198703000,"loginIp":null,"isDelete":0,"birthDay":null,"gender":null,"fbId":null,"ggId":"","appleId":null,"setPassword":1,"profileUpdate":null,"avatarUpdate":1608103947000},"total":null}}
18-12-2020 16:33:23.906 INFO  c.e.d.messaging.rabbitmq.RpcServer.rpcReceive.133 -  [<--] Server returned {"status":200,"message":"Data not found","data":{"status":200,"message":"Data not found"}}
18-12-2020 16:36:29.813 INFO  c.e.d.messaging.rabbitmq.RpcServer.rpcReceive.40 -  [-->] Server received request for {"requestMethod":"GET","requestPath":"/v1.0/device/find-device-for-add-customer","urlParam":"businessUnitId\u003d10d7ff14-d06b-49c3-8791-43d44b5ca50d\u0026deviceName\u003dELC-G-","headerParam":{"authorization":"Bearer eyJhbGciOiJIUzUxMiJ9.eyJzdWIiOiI1MGQ3ZmYxNC1kMDZiLTQ5YzMtODc5MS00M2Q0NGI1Y2E1OWQiLCJpYXQiOjE2MDgxOTg3MDMsImV4cCI6MTYwODgwMzUwM30.zGDIpEq2d6mmAOhTDc5_J0nIX-kmPRYmOmkyomk3u9Ic76lR1oGTABBOjkyvWRwZR3pg-lznVJLFVVJqFwm_eA","user-agent":"PostmanRuntime/7.26.8","accept":"*/*","postman-token":"372924a4-ed99-428c-a5c5-d12620c2c82d","host":"localhost:8415","accept-encoding":"gzip, deflate, br","connection":"keep-alive","cookie":"JSESSIONID\u003dF213590C2EA533356A2D6AAF20548CA6"}}
18-12-2020 16:36:29.816 INFO  c.e.d.m.rabbitmq.RabbitMQClient.callRpcService.43 - callRpcService - exchangeName: vs_user_rpc_exchange_ducnh, queueName: vs_user_rpc_queue_ducnh, key : vs_user_rpc_ducnh
18-12-2020 16:36:30.127 INFO  c.e.device.controller.BaseController.authenToken.80 - authenToken - result: {"status":200,"message":"200 OK","data":{"status":200,"message":"200 OK","data":{"accessToken":null,"refreshToken":null,"uuid":"50d7ff14-d06b-49c3-8791-43d44b5ca59d","userName":"anhdv","email":"anhdv@elcom.com.vn","mobile":null,"fullName":"?? Vi?t Anh","avatar":"avatar013.jpg","status":1,"address":null,"skype":null,"facebook":null,"signupType":2,"createdAt":1605511140000,"lastLogin":1608198703000,"emailVerify":0,"mobileVerify":0,"lastUpdate":1608198703000,"loginIp":null,"isDelete":0,"birthDay":null,"gender":null,"fbId":null,"ggId":"","appleId":null,"setPassword":1,"profileUpdate":null,"avatarUpdate":1608103947000},"total":null}}
18-12-2020 16:36:30.170 ERROR c.e.d.r.GateCustomizeRepository.findDeviceforAddCustomer.125 - org.hibernate.PropertyNotFoundException: Could not resolve PropertyAccess for business_unit_id on class com.elcom.device.model.Gate
18-12-2020 16:36:30.172 INFO  c.e.d.messaging.rabbitmq.RpcServer.rpcReceive.133 -  [<--] Server returned {"status":200,"message":"Data not found","data":{"status":200,"message":"Data not found"}}
18-12-2020 16:36:37.163 INFO  c.e.d.messaging.rabbitmq.RpcServer.rpcReceive.40 -  [-->] Server received request for {"requestMethod":"GET","requestPath":"/v1.0/device/find-device-for-add-customer","urlParam":"businessUnitId\u003d10d7ff14-d06b-49c3-8791-43d44b5ca50d\u0026deviceName\u003dELC-G","headerParam":{"authorization":"Bearer eyJhbGciOiJIUzUxMiJ9.eyJzdWIiOiI1MGQ3ZmYxNC1kMDZiLTQ5YzMtODc5MS00M2Q0NGI1Y2E1OWQiLCJpYXQiOjE2MDgxOTg3MDMsImV4cCI6MTYwODgwMzUwM30.zGDIpEq2d6mmAOhTDc5_J0nIX-kmPRYmOmkyomk3u9Ic76lR1oGTABBOjkyvWRwZR3pg-lznVJLFVVJqFwm_eA","user-agent":"PostmanRuntime/7.26.8","accept":"*/*","postman-token":"466fd403-2014-4348-b480-0afd2c4add0a","host":"localhost:8415","accept-encoding":"gzip, deflate, br","connection":"keep-alive","cookie":"JSESSIONID\u003dF213590C2EA533356A2D6AAF20548CA6"}}
18-12-2020 16:36:37.167 INFO  c.e.d.m.rabbitmq.RabbitMQClient.callRpcService.43 - callRpcService - exchangeName: vs_user_rpc_exchange_ducnh, queueName: vs_user_rpc_queue_ducnh, key : vs_user_rpc_ducnh
18-12-2020 16:36:37.244 INFO  c.e.device.controller.BaseController.authenToken.80 - authenToken - result: {"status":200,"message":"200 OK","data":{"status":200,"message":"200 OK","data":{"accessToken":null,"refreshToken":null,"uuid":"50d7ff14-d06b-49c3-8791-43d44b5ca59d","userName":"anhdv","email":"anhdv@elcom.com.vn","mobile":null,"fullName":"?? Vi?t Anh","avatar":"avatar013.jpg","status":1,"address":null,"skype":null,"facebook":null,"signupType":2,"createdAt":1605511140000,"lastLogin":1608198703000,"emailVerify":0,"mobileVerify":0,"lastUpdate":1608198703000,"loginIp":null,"isDelete":0,"birthDay":null,"gender":null,"fbId":null,"ggId":"","appleId":null,"setPassword":1,"profileUpdate":null,"avatarUpdate":1608103947000},"total":null}}
18-12-2020 16:36:37.259 ERROR c.e.d.r.GateCustomizeRepository.findDeviceforAddCustomer.125 - org.hibernate.PropertyNotFoundException: Could not resolve PropertyAccess for business_unit_id on class com.elcom.device.model.Gate
18-12-2020 16:36:37.261 INFO  c.e.d.messaging.rabbitmq.RpcServer.rpcReceive.133 -  [<--] Server returned {"status":200,"message":"Data not found","data":{"status":200,"message":"Data not found"}}
18-12-2020 16:37:05.205 INFO  c.e.d.messaging.rabbitmq.RpcServer.rpcReceive.40 -  [-->] Server received request for {"requestMethod":"GET","requestPath":"/v1.0/device/find-device-for-add-customer","urlParam":"businessUnitId\u003d10d7ff14-d06b-49c3-8791-43d44b5ca50d\u0026deviceName\u003dG","headerParam":{"authorization":"Bearer eyJhbGciOiJIUzUxMiJ9.eyJzdWIiOiI1MGQ3ZmYxNC1kMDZiLTQ5YzMtODc5MS00M2Q0NGI1Y2E1OWQiLCJpYXQiOjE2MDgxOTg3MDMsImV4cCI6MTYwODgwMzUwM30.zGDIpEq2d6mmAOhTDc5_J0nIX-kmPRYmOmkyomk3u9Ic76lR1oGTABBOjkyvWRwZR3pg-lznVJLFVVJqFwm_eA","user-agent":"PostmanRuntime/7.26.8","accept":"*/*","postman-token":"e1eebd8a-bdf2-4e70-8cef-389d47faa9fe","host":"localhost:8415","accept-encoding":"gzip, deflate, br","connection":"keep-alive","cookie":"JSESSIONID\u003dF213590C2EA533356A2D6AAF20548CA6"}}
18-12-2020 16:37:05.208 INFO  c.e.d.m.rabbitmq.RabbitMQClient.callRpcService.43 - callRpcService - exchangeName: vs_user_rpc_exchange_ducnh, queueName: vs_user_rpc_queue_ducnh, key : vs_user_rpc_ducnh
18-12-2020 16:37:05.281 INFO  c.e.device.controller.BaseController.authenToken.80 - authenToken - result: {"status":200,"message":"200 OK","data":{"status":200,"message":"200 OK","data":{"accessToken":null,"refreshToken":null,"uuid":"50d7ff14-d06b-49c3-8791-43d44b5ca59d","userName":"anhdv","email":"anhdv@elcom.com.vn","mobile":null,"fullName":"?? Vi?t Anh","avatar":"avatar013.jpg","status":1,"address":null,"skype":null,"facebook":null,"signupType":2,"createdAt":1605511140000,"lastLogin":1608198703000,"emailVerify":0,"mobileVerify":0,"lastUpdate":1608198703000,"loginIp":null,"isDelete":0,"birthDay":null,"gender":null,"fbId":null,"ggId":"","appleId":null,"setPassword":1,"profileUpdate":null,"avatarUpdate":1608103947000},"total":null}}
18-12-2020 16:37:05.293 ERROR c.e.d.r.GateCustomizeRepository.findDeviceforAddCustomer.125 - org.hibernate.PropertyNotFoundException: Could not resolve PropertyAccess for business_unit_id on class com.elcom.device.model.Gate
18-12-2020 16:37:05.294 INFO  c.e.d.messaging.rabbitmq.RpcServer.rpcReceive.133 -  [<--] Server returned {"status":200,"message":"Data not found","data":{"status":200,"message":"Data not found"}}
18-12-2020 16:39:56.924 INFO  c.e.d.messaging.rabbitmq.RpcServer.rpcReceive.40 -  [-->] Server received request for {"requestMethod":"GET","requestPath":"/v1.0/device/find-device-for-add-customer","urlParam":"businessUnitId\u003d10d7ff14-d06b-49c3-8791-43d44b5ca50d\u0026deviceName\u003dG","headerParam":{"authorization":"Bearer eyJhbGciOiJIUzUxMiJ9.eyJzdWIiOiI1MGQ3ZmYxNC1kMDZiLTQ5YzMtODc5MS00M2Q0NGI1Y2E1OWQiLCJpYXQiOjE2MDgxOTg3MDMsImV4cCI6MTYwODgwMzUwM30.zGDIpEq2d6mmAOhTDc5_J0nIX-kmPRYmOmkyomk3u9Ic76lR1oGTABBOjkyvWRwZR3pg-lznVJLFVVJqFwm_eA","user-agent":"PostmanRuntime/7.26.8","accept":"*/*","postman-token":"e74d7622-a076-4d6c-bd34-1b2de29133bb","host":"localhost:8415","accept-encoding":"gzip, deflate, br","connection":"keep-alive","cookie":"JSESSIONID\u003dF213590C2EA533356A2D6AAF20548CA6"}}
18-12-2020 16:39:56.927 INFO  c.e.d.m.rabbitmq.RabbitMQClient.callRpcService.43 - callRpcService - exchangeName: vs_user_rpc_exchange_ducnh, queueName: vs_user_rpc_queue_ducnh, key : vs_user_rpc_ducnh
18-12-2020 16:39:56.999 INFO  c.e.device.controller.BaseController.authenToken.80 - authenToken - result: {"status":200,"message":"200 OK","data":{"status":200,"message":"200 OK","data":{"accessToken":null,"refreshToken":null,"uuid":"50d7ff14-d06b-49c3-8791-43d44b5ca59d","userName":"anhdv","email":"anhdv@elcom.com.vn","mobile":null,"fullName":"?? Vi?t Anh","avatar":"avatar013.jpg","status":1,"address":null,"skype":null,"facebook":null,"signupType":2,"createdAt":1605511140000,"lastLogin":1608198703000,"emailVerify":0,"mobileVerify":0,"lastUpdate":1608198703000,"loginIp":null,"isDelete":0,"birthDay":null,"gender":null,"fbId":null,"ggId":"","appleId":null,"setPassword":1,"profileUpdate":null,"avatarUpdate":1608103947000},"total":null}}
18-12-2020 16:40:22.698 ERROR c.e.d.r.GateCustomizeRepository.findDeviceforAddCustomer.125 - org.hibernate.PropertyNotFoundException: Could not resolve PropertyAccess for business_unit_id on class com.elcom.device.model.Gate
18-12-2020 16:42:10.045 INFO  com.elcom.device.MainApplication.logStarting.55 - Starting MainApplication on DESKTOP-2U9UF8V with PID 5864 (E:\1.ELCOM\0.Vitalsign\1.televital-platform\VitalsignDeviceService\target\classes started by Admin in E:\1.ELCOM\0.Vitalsign\1.televital-platform\VitalsignDeviceService)
18-12-2020 16:42:10.061 INFO  com.elcom.device.MainApplication.logStartupProfileInfo.651 - No active profile set, falling back to default profiles: default
18-12-2020 16:42:15.872 INFO  c.e.d.messaging.rabbitmq.RpcConfig.initRpcQueue.35 - rpcQueueName: vs_device_rpc_queue_ducnh
18-12-2020 16:42:15.877 INFO  c.e.d.messaging.rabbitmq.RpcConfig.rpcExchange.41 - rpcExchangeName: vs_device_rpc_exchange_ducnh
18-12-2020 16:42:15.880 INFO  c.e.d.messaging.rabbitmq.RpcConfig.bindingRpc.47 - rpcRoutingKey: vs_device_rpc_key_ducnh
18-12-2020 16:42:15.899 INFO  c.e.d.m.rabbitmq.WorkerConfig.initWorkerQueue.24 - workerQueueName: vs_device_worker_queue_ducnh
18-12-2020 16:42:17.543 INFO  c.e.d.messaging.rabbitmq.RpcServer.rpcReceive.40 -  [-->] Server received request for {"requestMethod":"GET","requestPath":"/v1.0/device/find-device-for-add-customer","urlParam":"businessUnitId\u003d10d7ff14-d06b-49c3-8791-43d44b5ca50d\u0026deviceName\u003dG","headerParam":{"authorization":"Bearer eyJhbGciOiJIUzUxMiJ9.eyJzdWIiOiI1MGQ3ZmYxNC1kMDZiLTQ5YzMtODc5MS00M2Q0NGI1Y2E1OWQiLCJpYXQiOjE2MDgxOTg3MDMsImV4cCI6MTYwODgwMzUwM30.zGDIpEq2d6mmAOhTDc5_J0nIX-kmPRYmOmkyomk3u9Ic76lR1oGTABBOjkyvWRwZR3pg-lznVJLFVVJqFwm_eA","user-agent":"PostmanRuntime/7.26.8","accept":"*/*","postman-token":"e74d7622-a076-4d6c-bd34-1b2de29133bb","host":"localhost:8415","accept-encoding":"gzip, deflate, br","connection":"keep-alive","cookie":"JSESSIONID\u003dF213590C2EA533356A2D6AAF20548CA6"}}
18-12-2020 16:42:17.585 INFO  com.elcom.device.MainApplication.logStarted.61 - Started MainApplication in 8.173 seconds (JVM running for 8.699)
18-12-2020 16:42:17.651 INFO  c.e.d.m.rabbitmq.RabbitMQClient.callRpcService.43 - callRpcService - exchangeName: vs_user_rpc_exchange_ducnh, queueName: vs_user_rpc_queue_ducnh, key : vs_user_rpc_ducnh
18-12-2020 16:42:17.755 INFO  c.e.device.controller.BaseController.authenToken.80 - authenToken - result: {"status":200,"message":"200 OK","data":{"status":200,"message":"200 OK","data":{"accessToken":null,"refreshToken":null,"uuid":"50d7ff14-d06b-49c3-8791-43d44b5ca59d","userName":"anhdv","email":"anhdv@elcom.com.vn","mobile":null,"fullName":"?? Vi?t Anh","avatar":"avatar013.jpg","status":1,"address":null,"skype":null,"facebook":null,"signupType":2,"createdAt":1605511140000,"lastLogin":1608198703000,"emailVerify":0,"mobileVerify":0,"lastUpdate":1608198703000,"loginIp":null,"isDelete":0,"birthDay":null,"gender":null,"fbId":null,"ggId":"","appleId":null,"setPassword":1,"profileUpdate":null,"avatarUpdate":1608103947000},"total":null}}
18-12-2020 16:42:17.902 ERROR c.e.d.r.GateCustomizeRepository.findDeviceforAddCustomer.125 - org.hibernate.PropertyNotFoundException: Could not resolve PropertyAccess for business_unit_id on class com.elcom.device.model.Gate
18-12-2020 16:42:17.921 INFO  c.e.d.messaging.rabbitmq.RpcServer.rpcReceive.133 -  [<--] Server returned {"status":200,"message":"Data not found","data":{"status":200,"message":"Data not found"}}
18-12-2020 16:42:18.536 INFO  c.e.d.messaging.rabbitmq.RpcServer.rpcReceive.40 -  [-->] Server received request for {"requestMethod":"GET","requestPath":"/v1.0/device/find-device-for-add-customer","urlParam":"businessUnitId\u003d10d7ff14-d06b-49c3-8791-43d44b5ca50d\u0026deviceName\u003dG","headerParam":{"authorization":"Bearer eyJhbGciOiJIUzUxMiJ9.eyJzdWIiOiI1MGQ3ZmYxNC1kMDZiLTQ5YzMtODc5MS00M2Q0NGI1Y2E1OWQiLCJpYXQiOjE2MDgxOTg3MDMsImV4cCI6MTYwODgwMzUwM30.zGDIpEq2d6mmAOhTDc5_J0nIX-kmPRYmOmkyomk3u9Ic76lR1oGTABBOjkyvWRwZR3pg-lznVJLFVVJqFwm_eA","user-agent":"PostmanRuntime/7.26.8","accept":"*/*","postman-token":"397437fb-437d-4e7a-b39e-96961fc406e2","host":"localhost:8415","accept-encoding":"gzip, deflate, br","connection":"keep-alive","cookie":"JSESSIONID\u003dF213590C2EA533356A2D6AAF20548CA6"}}
18-12-2020 16:42:18.539 INFO  c.e.d.m.rabbitmq.RabbitMQClient.callRpcService.43 - callRpcService - exchangeName: vs_user_rpc_exchange_ducnh, queueName: vs_user_rpc_queue_ducnh, key : vs_user_rpc_ducnh
18-12-2020 16:42:18.605 INFO  c.e.device.controller.BaseController.authenToken.80 - authenToken - result: {"status":200,"message":"200 OK","data":{"status":200,"message":"200 OK","data":{"accessToken":null,"refreshToken":null,"uuid":"50d7ff14-d06b-49c3-8791-43d44b5ca59d","userName":"anhdv","email":"anhdv@elcom.com.vn","mobile":null,"fullName":"?? Vi?t Anh","avatar":"avatar013.jpg","status":1,"address":null,"skype":null,"facebook":null,"signupType":2,"createdAt":1605511140000,"lastLogin":1608198703000,"emailVerify":0,"mobileVerify":0,"lastUpdate":1608198703000,"loginIp":null,"isDelete":0,"birthDay":null,"gender":null,"fbId":null,"ggId":"","appleId":null,"setPassword":1,"profileUpdate":null,"avatarUpdate":1608103947000},"total":null}}
18-12-2020 16:42:18.617 ERROR c.e.d.r.GateCustomizeRepository.findDeviceforAddCustomer.125 - org.hibernate.PropertyNotFoundException: Could not resolve PropertyAccess for business_unit_id on class com.elcom.device.model.Gate
18-12-2020 16:42:18.620 INFO  c.e.d.messaging.rabbitmq.RpcServer.rpcReceive.133 -  [<--] Server returned {"status":200,"message":"Data not found","data":{"status":200,"message":"Data not found"}}
18-12-2020 16:44:14.119 INFO  com.elcom.device.MainApplication.logStarting.55 - Starting MainApplication on DESKTOP-2U9UF8V with PID 13524 (E:\1.ELCOM\0.Vitalsign\1.televital-platform\VitalsignDeviceService\target\classes started by Admin in E:\1.ELCOM\0.Vitalsign\1.televital-platform\VitalsignDeviceService)
18-12-2020 16:44:14.128 INFO  com.elcom.device.MainApplication.logStartupProfileInfo.651 - No active profile set, falling back to default profiles: default
18-12-2020 16:44:19.764 INFO  c.e.d.messaging.rabbitmq.RpcConfig.initRpcQueue.35 - rpcQueueName: vs_device_rpc_queue_ducnh
18-12-2020 16:44:19.768 INFO  c.e.d.messaging.rabbitmq.RpcConfig.rpcExchange.41 - rpcExchangeName: vs_device_rpc_exchange_ducnh
18-12-2020 16:44:19.772 INFO  c.e.d.messaging.rabbitmq.RpcConfig.bindingRpc.47 - rpcRoutingKey: vs_device_rpc_key_ducnh
18-12-2020 16:44:19.790 INFO  c.e.d.m.rabbitmq.WorkerConfig.initWorkerQueue.24 - workerQueueName: vs_device_worker_queue_ducnh
18-12-2020 16:44:21.511 INFO  com.elcom.device.MainApplication.logStarted.61 - Started MainApplication in 8.088 seconds (JVM running for 8.706)
18-12-2020 16:44:24.286 INFO  c.e.d.messaging.rabbitmq.RpcServer.rpcReceive.40 -  [-->] Server received request for {"requestMethod":"GET","requestPath":"/v1.0/device/find-device-for-add-customer","urlParam":"businessUnitId\u003d10d7ff14-d06b-49c3-8791-43d44b5ca50d\u0026deviceName\u003dG","headerParam":{"authorization":"Bearer eyJhbGciOiJIUzUxMiJ9.eyJzdWIiOiI1MGQ3ZmYxNC1kMDZiLTQ5YzMtODc5MS00M2Q0NGI1Y2E1OWQiLCJpYXQiOjE2MDgxOTg3MDMsImV4cCI6MTYwODgwMzUwM30.zGDIpEq2d6mmAOhTDc5_J0nIX-kmPRYmOmkyomk3u9Ic76lR1oGTABBOjkyvWRwZR3pg-lznVJLFVVJqFwm_eA","user-agent":"PostmanRuntime/7.26.8","accept":"*/*","postman-token":"f156cd1f-a7f4-463a-b638-46bc0d83dfe8","host":"localhost:8415","accept-encoding":"gzip, deflate, br","connection":"keep-alive","cookie":"JSESSIONID\u003dF213590C2EA533356A2D6AAF20548CA6"}}
18-12-2020 16:44:24.381 INFO  c.e.d.m.rabbitmq.RabbitMQClient.callRpcService.43 - callRpcService - exchangeName: vs_user_rpc_exchange_ducnh, queueName: vs_user_rpc_queue_ducnh, key : vs_user_rpc_ducnh
18-12-2020 16:44:24.750 INFO  c.e.device.controller.BaseController.authenToken.80 - authenToken - result: {"status":200,"message":"200 OK","data":{"status":200,"message":"200 OK","data":{"accessToken":null,"refreshToken":null,"uuid":"50d7ff14-d06b-49c3-8791-43d44b5ca59d","userName":"anhdv","email":"anhdv@elcom.com.vn","mobile":null,"fullName":"?? Vi?t Anh","avatar":"avatar013.jpg","status":1,"address":null,"skype":null,"facebook":null,"signupType":2,"createdAt":1605511140000,"lastLogin":1608198703000,"emailVerify":0,"mobileVerify":0,"lastUpdate":1608198703000,"loginIp":null,"isDelete":0,"birthDay":null,"gender":null,"fbId":null,"ggId":"","appleId":null,"setPassword":1,"profileUpdate":null,"avatarUpdate":1608103947000},"total":null}}
18-12-2020 16:44:24.904 ERROR c.e.d.r.GateCustomizeRepository.findDeviceforAddCustomer.126 - org.hibernate.PropertyNotFoundException: Could not resolve PropertyAccess for home_admin_id on class com.elcom.device.model.Gate
18-12-2020 16:44:24.926 INFO  c.e.d.messaging.rabbitmq.RpcServer.rpcReceive.133 -  [<--] Server returned {"status":200,"message":"Data not found","data":{"status":200,"message":"Data not found"}}
18-12-2020 16:46:10.603 INFO  com.elcom.device.MainApplication.logStarting.55 - Starting MainApplication on DESKTOP-2U9UF8V with PID 8344 (E:\1.ELCOM\0.Vitalsign\1.televital-platform\VitalsignDeviceService\target\classes started by Admin in E:\1.ELCOM\0.Vitalsign\1.televital-platform\VitalsignDeviceService)
18-12-2020 16:46:10.609 INFO  com.elcom.device.MainApplication.logStartupProfileInfo.651 - No active profile set, falling back to default profiles: default
18-12-2020 16:46:15.294 ERROR o.s.boot.SpringApplication.reportFailure.826 - Application run failed
org.springframework.beans.factory.UnsatisfiedDependencyException: Error creating bean with name 'buDeviceBusiness': Unsatisfied dependency expressed through field 'deviceService'; nested exception is org.springframework.beans.factory.BeanCreationException: Error creating bean with name 'deviceServiceImpl' defined in file [E:\1.ELCOM\0.Vitalsign\1.televital-platform\VitalsignDeviceService\target\classes\com\elcom\device\service\impl\DeviceServiceImpl.class]: Post-processing of merged bean definition failed; nested exception is java.lang.IllegalStateException: Failed to introspect Class [com.elcom.device.service.impl.DeviceServiceImpl] from ClassLoader [sun.misc.Launcher$AppClassLoader@18b4aac2]
	at org.springframework.beans.factory.annotation.AutowiredAnnotationBeanPostProcessor$AutowiredFieldElement.inject(AutowiredAnnotationBeanPostProcessor.java:643)
	at org.springframework.beans.factory.annotation.InjectionMetadata.inject(InjectionMetadata.java:130)
	at org.springframework.beans.factory.annotation.AutowiredAnnotationBeanPostProcessor.postProcessProperties(AutowiredAnnotationBeanPostProcessor.java:399)
	at org.springframework.beans.factory.support.AbstractAutowireCapableBeanFactory.populateBean(AbstractAutowireCapableBeanFactory.java:1422)
	at org.springframework.beans.factory.support.AbstractAutowireCapableBeanFactory.doCreateBean(AbstractAutowireCapableBeanFactory.java:594)
	at org.springframework.beans.factory.support.AbstractAutowireCapableBeanFactory.createBean(AbstractAutowireCapableBeanFactory.java:517)
	at org.springframework.beans.factory.support.AbstractBeanFactory.lambda$doGetBean$0(AbstractBeanFactory.java:323)
	at org.springframework.beans.factory.support.DefaultSingletonBeanRegistry.getSingleton(DefaultSingletonBeanRegistry.java:226)
	at org.springframework.beans.factory.support.AbstractBeanFactory.doGetBean(AbstractBeanFactory.java:321)
	at org.springframework.beans.factory.support.AbstractBeanFactory.getBean(AbstractBeanFactory.java:202)
	at org.springframework.beans.factory.support.DefaultListableBeanFactory.preInstantiateSingletons(DefaultListableBeanFactory.java:895)
	at org.springframework.context.support.AbstractApplicationContext.finishBeanFactoryInitialization(AbstractApplicationContext.java:878)
	at org.springframework.context.support.AbstractApplicationContext.refresh(AbstractApplicationContext.java:550)
	at org.springframework.boot.web.servlet.context.ServletWebServerApplicationContext.refresh(ServletWebServerApplicationContext.java:141)
	at org.springframework.boot.SpringApplication.refresh(SpringApplication.java:747)
	at org.springframework.boot.SpringApplication.refreshContext(SpringApplication.java:397)
	at org.springframework.boot.SpringApplication.run(SpringApplication.java:315)
	at org.springframework.boot.SpringApplication.run(SpringApplication.java:1226)
	at org.springframework.boot.SpringApplication.run(SpringApplication.java:1215)
	at com.elcom.device.MainApplication.main(MainApplication.java:15)
Caused by: org.springframework.beans.factory.BeanCreationException: Error creating bean with name 'deviceServiceImpl' defined in file [E:\1.ELCOM\0.Vitalsign\1.televital-platform\VitalsignDeviceService\target\classes\com\elcom\device\service\impl\DeviceServiceImpl.class]: Post-processing of merged bean definition failed; nested exception is java.lang.IllegalStateException: Failed to introspect Class [com.elcom.device.service.impl.DeviceServiceImpl] from ClassLoader [sun.misc.Launcher$AppClassLoader@18b4aac2]
	at org.springframework.beans.factory.support.AbstractAutowireCapableBeanFactory.doCreateBean(AbstractAutowireCapableBeanFactory.java:572)
	at org.springframework.beans.factory.support.AbstractAutowireCapableBeanFactory.createBean(AbstractAutowireCapableBeanFactory.java:517)
	at org.springframework.beans.factory.support.AbstractBeanFactory.lambda$doGetBean$0(AbstractBeanFactory.java:323)
	at org.springframework.beans.factory.support.DefaultSingletonBeanRegistry.getSingleton(DefaultSingletonBeanRegistry.java:226)
	at org.springframework.beans.factory.support.AbstractBeanFactory.doGetBean(AbstractBeanFactory.java:321)
	at org.springframework.beans.factory.support.AbstractBeanFactory.getBean(AbstractBeanFactory.java:202)
	at org.springframework.beans.factory.config.DependencyDescriptor.resolveCandidate(DependencyDescriptor.java:276)
	at org.springframework.beans.factory.support.DefaultListableBeanFactory.doResolveDependency(DefaultListableBeanFactory.java:1306)
	at org.springframework.beans.factory.support.DefaultListableBeanFactory.resolveDependency(DefaultListableBeanFactory.java:1226)
	at org.springframework.beans.factory.annotation.AutowiredAnnotationBeanPostProcessor$AutowiredFieldElement.inject(AutowiredAnnotationBeanPostProcessor.java:640)
	... 19 common frames omitted
Caused by: java.lang.IllegalStateException: Failed to introspect Class [com.elcom.device.service.impl.DeviceServiceImpl] from ClassLoader [sun.misc.Launcher$AppClassLoader@18b4aac2]
	at org.springframework.util.ReflectionUtils.getDeclaredFields(ReflectionUtils.java:734)
	at org.springframework.util.ReflectionUtils.doWithLocalFields(ReflectionUtils.java:666)
	at org.springframework.orm.jpa.support.PersistenceAnnotationBeanPostProcessor.buildPersistenceMetadata(PersistenceAnnotationBeanPostProcessor.java:428)
	at org.springframework.orm.jpa.support.PersistenceAnnotationBeanPostProcessor.findPersistenceMetadata(PersistenceAnnotationBeanPostProcessor.java:409)
	at org.springframework.orm.jpa.support.PersistenceAnnotationBeanPostProcessor.postProcessMergedBeanDefinition(PersistenceAnnotationBeanPostProcessor.java:336)
	at org.springframework.beans.factory.support.AbstractAutowireCapableBeanFactory.applyMergedBeanDefinitionPostProcessors(AbstractAutowireCapableBeanFactory.java:1094)
	at org.springframework.beans.factory.support.AbstractAutowireCapableBeanFactory.doCreateBean(AbstractAutowireCapableBeanFactory.java:569)
	... 28 common frames omitted
Caused by: java.lang.NoClassDefFoundError: Lcom/elcom/device/repository/GateCustomizeRepository;
	at java.lang.Class.getDeclaredFields0(Native Method)
	at java.lang.Class.privateGetDeclaredFields(Class.java:2583)
	at java.lang.Class.getDeclaredFields(Class.java:1916)
	at org.springframework.util.ReflectionUtils.getDeclaredFields(ReflectionUtils.java:729)
	... 34 common frames omitted
Caused by: java.lang.ClassNotFoundException: com.elcom.device.repository.GateCustomizeRepository
	at java.net.URLClassLoader.findClass(URLClassLoader.java:382)
	at java.lang.ClassLoader.loadClass(ClassLoader.java:418)
	at sun.misc.Launcher$AppClassLoader.loadClass(Launcher.java:355)
	at java.lang.ClassLoader.loadClass(ClassLoader.java:351)
	... 38 common frames omitted
18-12-2020 16:46:37.050 INFO  com.elcom.device.MainApplication.logStarting.55 - Starting MainApplication on DESKTOP-2U9UF8V with PID 13488 (E:\1.ELCOM\0.Vitalsign\1.televital-platform\VitalsignDeviceService\target\classes started by Admin in E:\1.ELCOM\0.Vitalsign\1.televital-platform\VitalsignDeviceService)
18-12-2020 16:46:37.055 INFO  com.elcom.device.MainApplication.logStartupProfileInfo.651 - No active profile set, falling back to default profiles: default
18-12-2020 16:46:43.687 INFO  c.e.d.messaging.rabbitmq.RpcConfig.initRpcQueue.35 - rpcQueueName: vs_device_rpc_queue_ducnh
18-12-2020 16:46:43.692 INFO  c.e.d.messaging.rabbitmq.RpcConfig.rpcExchange.41 - rpcExchangeName: vs_device_rpc_exchange_ducnh
18-12-2020 16:46:43.695 INFO  c.e.d.messaging.rabbitmq.RpcConfig.bindingRpc.47 - rpcRoutingKey: vs_device_rpc_key_ducnh
18-12-2020 16:46:43.721 INFO  c.e.d.m.rabbitmq.WorkerConfig.initWorkerQueue.24 - workerQueueName: vs_device_worker_queue_ducnh
18-12-2020 16:46:45.518 INFO  com.elcom.device.MainApplication.logStarted.61 - Started MainApplication in 9.092 seconds (JVM running for 9.734)
18-12-2020 16:46:48.997 INFO  c.e.d.messaging.rabbitmq.RpcServer.rpcReceive.40 -  [-->] Server received request for {"requestMethod":"GET","requestPath":"/v1.0/device/find-device-for-add-customer","urlParam":"businessUnitId\u003d10d7ff14-d06b-49c3-8791-43d44b5ca50d\u0026deviceName\u003dG","headerParam":{"authorization":"Bearer eyJhbGciOiJIUzUxMiJ9.eyJzdWIiOiI1MGQ3ZmYxNC1kMDZiLTQ5YzMtODc5MS00M2Q0NGI1Y2E1OWQiLCJpYXQiOjE2MDgxOTg3MDMsImV4cCI6MTYwODgwMzUwM30.zGDIpEq2d6mmAOhTDc5_J0nIX-kmPRYmOmkyomk3u9Ic76lR1oGTABBOjkyvWRwZR3pg-lznVJLFVVJqFwm_eA","user-agent":"PostmanRuntime/7.26.8","accept":"*/*","postman-token":"712616e2-8bd1-4443-91ce-d6d371e8145d","host":"localhost:8415","accept-encoding":"gzip, deflate, br","connection":"keep-alive","cookie":"JSESSIONID\u003dF213590C2EA533356A2D6AAF20548CA6"}}
18-12-2020 16:46:49.079 INFO  c.e.d.m.rabbitmq.RabbitMQClient.callRpcService.43 - callRpcService - exchangeName: vs_user_rpc_exchange_ducnh, queueName: vs_user_rpc_queue_ducnh, key : vs_user_rpc_ducnh
18-12-2020 16:46:49.186 INFO  c.e.device.controller.BaseController.authenToken.80 - authenToken - result: {"status":200,"message":"200 OK","data":{"status":200,"message":"200 OK","data":{"accessToken":null,"refreshToken":null,"uuid":"50d7ff14-d06b-49c3-8791-43d44b5ca59d","userName":"anhdv","email":"anhdv@elcom.com.vn","mobile":null,"fullName":"?? Vi?t Anh","avatar":"avatar013.jpg","status":1,"address":null,"skype":null,"facebook":null,"signupType":2,"createdAt":1605511140000,"lastLogin":1608198703000,"emailVerify":0,"mobileVerify":0,"lastUpdate":1608198703000,"loginIp":null,"isDelete":0,"birthDay":null,"gender":null,"fbId":null,"ggId":"","appleId":null,"setPassword":1,"profileUpdate":null,"avatarUpdate":1608103947000},"total":null}}
18-12-2020 16:46:49.364 INFO  c.e.d.messaging.rabbitmq.RpcServer.rpcReceive.133 -  [<--] Server returned {"status":200,"message":"200 OK","data":{"status":200,"message":"200 OK","data":[{"id":"680b4712-64c1-4e8d-81e9-f004d95e6be8","name":"Gate 01","businessUnitId":"10d7ff14-d06b-49c3-8791-43d44b5ca50d","homeAdminId":"11d7ff14-d06b-49c3-8791-43d44b5ca10a","healthProfileId":"13d7ff14-d06b-49c3-8791-43d44b5ca10d","model":"GHSHD","serialNumber":"ELC-G-001"},{"id":"680b4712-64c1-4e8d-81e9-f004d95e6bf8","name":"Gate 02","businessUnitId":"10d7ff14-d06b-49c3-8791-43d44b5ca50d","homeAdminId":"11d7ff14-d06b-49c3-8791-43d44b5ca10a","model":"GHSHD","serialNumber":"ELC-G-002"},{"id":"680b4712-64c1-4e8d-81e9-f004d95e6bg9","name":"Gate 04","businessUnitId":"10d7ff14-d06b-49c3-8791-43d44b5ca50d","model":"GHSHD","serialNumber":"ELC-G-004"}]}}
18-12-2020 16:48:25.745 INFO  c.e.d.messaging.rabbitmq.RpcServer.rpcReceive.40 -  [-->] Server received request for {"requestMethod":"GET","requestPath":"/v1.0/device/find-device-for-add-customer","urlParam":"businessUnitId\u003d10d7ff14-d06b-49c3-8791-43d44b5ca50d\u0026deviceName\u003dG","headerParam":{"authorization":"Bearer eyJhbGciOiJIUzUxMiJ9.eyJzdWIiOiI1MGQ3ZmYxNC1kMDZiLTQ5YzMtODc5MS00M2Q0NGI1Y2E1OWQiLCJpYXQiOjE2MDgxOTg3MDMsImV4cCI6MTYwODgwMzUwM30.zGDIpEq2d6mmAOhTDc5_J0nIX-kmPRYmOmkyomk3u9Ic76lR1oGTABBOjkyvWRwZR3pg-lznVJLFVVJqFwm_eA","user-agent":"PostmanRuntime/7.26.8","accept":"*/*","postman-token":"527f879d-259e-473f-b188-c2cb78022396","host":"localhost:8415","accept-encoding":"gzip, deflate, br","connection":"keep-alive","cookie":"JSESSIONID\u003dF213590C2EA533356A2D6AAF20548CA6"}}
18-12-2020 16:48:25.749 INFO  c.e.d.m.rabbitmq.RabbitMQClient.callRpcService.43 - callRpcService - exchangeName: vs_user_rpc_exchange_ducnh, queueName: vs_user_rpc_queue_ducnh, key : vs_user_rpc_ducnh
18-12-2020 16:48:25.800 INFO  c.e.device.controller.BaseController.authenToken.80 - authenToken - result: {"status":200,"message":"200 OK","data":{"status":200,"message":"200 OK","data":{"accessToken":null,"refreshToken":null,"uuid":"50d7ff14-d06b-49c3-8791-43d44b5ca59d","userName":"anhdv","email":"anhdv@elcom.com.vn","mobile":null,"fullName":"?? Vi?t Anh","avatar":"avatar013.jpg","status":1,"address":null,"skype":null,"facebook":null,"signupType":2,"createdAt":1605511140000,"lastLogin":1608198703000,"emailVerify":0,"mobileVerify":0,"lastUpdate":1608198703000,"loginIp":null,"isDelete":0,"birthDay":null,"gender":null,"fbId":null,"ggId":"","appleId":null,"setPassword":1,"profileUpdate":null,"avatarUpdate":1608103947000},"total":null}}
18-12-2020 16:48:25.817 INFO  c.e.d.messaging.rabbitmq.RpcServer.rpcReceive.133 -  [<--] Server returned {"status":200,"message":"200 OK","data":{"status":200,"message":"200 OK","data":[{"id":"680b4712-64c1-4e8d-81e9-f004d95e6be8","name":"Gate 01","businessUnitId":"10d7ff14-d06b-49c3-8791-43d44b5ca50d","homeAdminId":"11d7ff14-d06b-49c3-8791-43d44b5ca10a","healthProfileId":"13d7ff14-d06b-49c3-8791-43d44b5ca10d","model":"GHSHD","serialNumber":"ELC-G-001"},{"id":"680b4712-64c1-4e8d-81e9-f004d95e6bf8","name":"Gate 02","businessUnitId":"10d7ff14-d06b-49c3-8791-43d44b5ca50d","homeAdminId":"11d7ff14-d06b-49c3-8791-43d44b5ca10a","model":"GHSHD","serialNumber":"ELC-G-002"},{"id":"680b4712-64c1-4e8d-81e9-f004d95e6bg9","name":"Gate 04","businessUnitId":"10d7ff14-d06b-49c3-8791-43d44b5ca50d","model":"GHSHD","serialNumber":"ELC-G-004"}]}}
18-12-2020 16:54:21.623 INFO  com.elcom.device.MainApplication.logStarting.55 - Starting MainApplication on DESKTOP-2U9UF8V with PID 11912 (E:\1.ELCOM\0.Vitalsign\1.televital-platform\VitalsignDeviceService\target\classes started by Admin in E:\1.ELCOM\0.Vitalsign\1.televital-platform\VitalsignDeviceService)
18-12-2020 16:54:21.642 INFO  com.elcom.device.MainApplication.logStartupProfileInfo.651 - No active profile set, falling back to default profiles: default
18-12-2020 16:54:27.884 INFO  c.e.d.messaging.rabbitmq.RpcConfig.initRpcQueue.35 - rpcQueueName: vs_device_rpc_queue_ducnh
18-12-2020 16:54:27.889 INFO  c.e.d.messaging.rabbitmq.RpcConfig.rpcExchange.41 - rpcExchangeName: vs_device_rpc_exchange_ducnh
18-12-2020 16:54:27.894 INFO  c.e.d.messaging.rabbitmq.RpcConfig.bindingRpc.47 - rpcRoutingKey: vs_device_rpc_key_ducnh
18-12-2020 16:54:27.923 INFO  c.e.d.m.rabbitmq.WorkerConfig.initWorkerQueue.24 - workerQueueName: vs_device_worker_queue_ducnh
18-12-2020 16:54:30.294 INFO  com.elcom.device.MainApplication.logStarted.61 - Started MainApplication in 10.053 seconds (JVM running for 10.82)
18-12-2020 16:54:31.686 INFO  c.e.d.messaging.rabbitmq.RpcServer.rpcReceive.40 -  [-->] Server received request for {"requestMethod":"GET","requestPath":"/v1.0/device/find-device-for-add-customer","urlParam":"businessUnitId\u003d10d7ff14-d06b-49c3-8791-43d44b5ca50d\u0026deviceName\u003dG","headerParam":{"authorization":"Bearer eyJhbGciOiJIUzUxMiJ9.eyJzdWIiOiI1MGQ3ZmYxNC1kMDZiLTQ5YzMtODc5MS00M2Q0NGI1Y2E1OWQiLCJpYXQiOjE2MDgxOTg3MDMsImV4cCI6MTYwODgwMzUwM30.zGDIpEq2d6mmAOhTDc5_J0nIX-kmPRYmOmkyomk3u9Ic76lR1oGTABBOjkyvWRwZR3pg-lznVJLFVVJqFwm_eA","user-agent":"PostmanRuntime/7.26.8","accept":"*/*","postman-token":"04f13056-ec46-4f20-bbc6-f8094f673c85","host":"localhost:8415","accept-encoding":"gzip, deflate, br","connection":"keep-alive","cookie":"JSESSIONID\u003dF213590C2EA533356A2D6AAF20548CA6"}}
18-12-2020 16:54:31.768 INFO  c.e.d.m.rabbitmq.RabbitMQClient.callRpcService.43 - callRpcService - exchangeName: vs_user_rpc_exchange_ducnh, queueName: vs_user_rpc_queue_ducnh, key : vs_user_rpc_ducnh
18-12-2020 16:54:31.872 INFO  c.e.device.controller.BaseController.authenToken.80 - authenToken - result: {"status":200,"message":"200 OK","data":{"status":200,"message":"200 OK","data":{"accessToken":null,"refreshToken":null,"uuid":"50d7ff14-d06b-49c3-8791-43d44b5ca59d","userName":"anhdv","email":"anhdv@elcom.com.vn","mobile":null,"fullName":"?? Vi?t Anh","avatar":"avatar013.jpg","status":1,"address":null,"skype":null,"facebook":null,"signupType":2,"createdAt":1605511140000,"lastLogin":1608198703000,"emailVerify":0,"mobileVerify":0,"lastUpdate":1608198703000,"loginIp":null,"isDelete":0,"birthDay":null,"gender":null,"fbId":null,"ggId":"","appleId":null,"setPassword":1,"profileUpdate":null,"avatarUpdate":1608103947000},"total":null}}
18-12-2020 16:54:32.020 ERROR o.h.e.jdbc.spi.SqlExceptionHelper.logExceptions.142 - You have an error in your SQL syntax; check the manual that corresponds to your MariaDB server version for the right syntax to use near 'g.manufacture AS manufacture, g.firmware_version As firmwareVersion FROM gate...' at line 1
18-12-2020 16:54:32.029 ERROR c.e.d.r.GateCustomizeRepository.findDeviceforAddCustomer.129 - org.hibernate.exception.SQLGrammarException: could not extract ResultSet
18-12-2020 16:54:32.057 INFO  c.e.d.messaging.rabbitmq.RpcServer.rpcReceive.133 -  [<--] Server returned {"status":200,"message":"Data not found","data":{"status":200,"message":"Data not found"}}
18-12-2020 16:54:34.514 INFO  c.e.d.messaging.rabbitmq.RpcServer.rpcReceive.40 -  [-->] Server received request for {"requestMethod":"GET","requestPath":"/v1.0/device/find-device-for-add-customer","urlParam":"businessUnitId\u003d10d7ff14-d06b-49c3-8791-43d44b5ca50d\u0026deviceName\u003dG","headerParam":{"authorization":"Bearer eyJhbGciOiJIUzUxMiJ9.eyJzdWIiOiI1MGQ3ZmYxNC1kMDZiLTQ5YzMtODc5MS00M2Q0NGI1Y2E1OWQiLCJpYXQiOjE2MDgxOTg3MDMsImV4cCI6MTYwODgwMzUwM30.zGDIpEq2d6mmAOhTDc5_J0nIX-kmPRYmOmkyomk3u9Ic76lR1oGTABBOjkyvWRwZR3pg-lznVJLFVVJqFwm_eA","user-agent":"PostmanRuntime/7.26.8","accept":"*/*","postman-token":"e91d8ded-b524-41d3-90f0-5ef071ed5141","host":"localhost:8415","accept-encoding":"gzip, deflate, br","connection":"keep-alive","cookie":"JSESSIONID\u003dF213590C2EA533356A2D6AAF20548CA6"}}
18-12-2020 16:54:34.519 INFO  c.e.d.m.rabbitmq.RabbitMQClient.callRpcService.43 - callRpcService - exchangeName: vs_user_rpc_exchange_ducnh, queueName: vs_user_rpc_queue_ducnh, key : vs_user_rpc_ducnh
18-12-2020 16:54:34.588 INFO  c.e.device.controller.BaseController.authenToken.80 - authenToken - result: {"status":200,"message":"200 OK","data":{"status":200,"message":"200 OK","data":{"accessToken":null,"refreshToken":null,"uuid":"50d7ff14-d06b-49c3-8791-43d44b5ca59d","userName":"anhdv","email":"anhdv@elcom.com.vn","mobile":null,"fullName":"?? Vi?t Anh","avatar":"avatar013.jpg","status":1,"address":null,"skype":null,"facebook":null,"signupType":2,"createdAt":1605511140000,"lastLogin":1608198703000,"emailVerify":0,"mobileVerify":0,"lastUpdate":1608198703000,"loginIp":null,"isDelete":0,"birthDay":null,"gender":null,"fbId":null,"ggId":"","appleId":null,"setPassword":1,"profileUpdate":null,"avatarUpdate":1608103947000},"total":null}}
18-12-2020 16:54:34.602 ERROR o.h.e.jdbc.spi.SqlExceptionHelper.logExceptions.142 - You have an error in your SQL syntax; check the manual that corresponds to your MariaDB server version for the right syntax to use near 'g.manufacture AS manufacture, g.firmware_version As firmwareVersion FROM gate...' at line 1
18-12-2020 16:54:34.603 ERROR c.e.d.r.GateCustomizeRepository.findDeviceforAddCustomer.129 - org.hibernate.exception.SQLGrammarException: could not extract ResultSet
18-12-2020 16:54:34.605 INFO  c.e.d.messaging.rabbitmq.RpcServer.rpcReceive.133 -  [<--] Server returned {"status":200,"message":"Data not found","data":{"status":200,"message":"Data not found"}}
18-12-2020 16:54:58.031 INFO  c.e.d.messaging.rabbitmq.RpcServer.rpcReceive.40 -  [-->] Server received request for {"requestMethod":"GET","requestPath":"/v1.0/device/find-device-for-add-customer","urlParam":"businessUnitId\u003d10d7ff14-d06b-49c3-8791-43d44b5ca50d\u0026customerId\u003d11d7ff14-d06b-49c3-8791-43d44b5ca10a\u0026deviceName\u003dG","headerParam":{"authorization":"Bearer eyJhbGciOiJIUzUxMiJ9.eyJzdWIiOiI1MGQ3ZmYxNC1kMDZiLTQ5YzMtODc5MS00M2Q0NGI1Y2E1OWQiLCJpYXQiOjE2MDgxOTg3MDMsImV4cCI6MTYwODgwMzUwM30.zGDIpEq2d6mmAOhTDc5_J0nIX-kmPRYmOmkyomk3u9Ic76lR1oGTABBOjkyvWRwZR3pg-lznVJLFVVJqFwm_eA","user-agent":"PostmanRuntime/7.26.8","accept":"*/*","postman-token":"b8f18c3a-abcc-4f5c-9273-6d14f859ede2","host":"localhost:8415","accept-encoding":"gzip, deflate, br","connection":"keep-alive","cookie":"JSESSIONID\u003dF213590C2EA533356A2D6AAF20548CA6"}}
18-12-2020 16:54:58.034 INFO  c.e.d.m.rabbitmq.RabbitMQClient.callRpcService.43 - callRpcService - exchangeName: vs_user_rpc_exchange_ducnh, queueName: vs_user_rpc_queue_ducnh, key : vs_user_rpc_ducnh
18-12-2020 16:54:58.115 INFO  c.e.device.controller.BaseController.authenToken.80 - authenToken - result: {"status":200,"message":"200 OK","data":{"status":200,"message":"200 OK","data":{"accessToken":null,"refreshToken":null,"uuid":"50d7ff14-d06b-49c3-8791-43d44b5ca59d","userName":"anhdv","email":"anhdv@elcom.com.vn","mobile":null,"fullName":"?? Vi?t Anh","avatar":"avatar013.jpg","status":1,"address":null,"skype":null,"facebook":null,"signupType":2,"createdAt":1605511140000,"lastLogin":1608198703000,"emailVerify":0,"mobileVerify":0,"lastUpdate":1608198703000,"loginIp":null,"isDelete":0,"birthDay":null,"gender":null,"fbId":null,"ggId":"","appleId":null,"setPassword":1,"profileUpdate":null,"avatarUpdate":1608103947000},"total":null}}
18-12-2020 16:54:58.130 ERROR o.h.e.jdbc.spi.SqlExceptionHelper.logExceptions.142 - You have an error in your SQL syntax; check the manual that corresponds to your MariaDB server version for the right syntax to use near 'g.manufacture AS manufacture, g.firmware_version As firmwareVersion FROM gate...' at line 1
18-12-2020 16:54:58.131 ERROR c.e.d.r.GateCustomizeRepository.findDeviceforAddCustomer.129 - org.hibernate.exception.SQLGrammarException: could not extract ResultSet
18-12-2020 16:54:58.133 INFO  c.e.d.messaging.rabbitmq.RpcServer.rpcReceive.133 -  [<--] Server returned {"status":200,"message":"Data not found","data":{"status":200,"message":"Data not found"}}
18-12-2020 16:57:35.332 INFO  com.elcom.device.MainApplication.logStarting.55 - Starting MainApplication on DESKTOP-2U9UF8V with PID 12484 (E:\1.ELCOM\0.Vitalsign\1.televital-platform\VitalsignDeviceService\target\classes started by Admin in E:\1.ELCOM\0.Vitalsign\1.televital-platform\VitalsignDeviceService)
18-12-2020 16:57:35.337 INFO  com.elcom.device.MainApplication.logStartupProfileInfo.651 - No active profile set, falling back to default profiles: default
18-12-2020 16:57:41.665 INFO  c.e.d.messaging.rabbitmq.RpcConfig.initRpcQueue.35 - rpcQueueName: vs_device_rpc_queue_ducnh
18-12-2020 16:57:41.670 INFO  c.e.d.messaging.rabbitmq.RpcConfig.rpcExchange.41 - rpcExchangeName: vs_device_rpc_exchange_ducnh
18-12-2020 16:57:41.673 INFO  c.e.d.messaging.rabbitmq.RpcConfig.bindingRpc.47 - rpcRoutingKey: vs_device_rpc_key_ducnh
18-12-2020 16:57:41.693 INFO  c.e.d.m.rabbitmq.WorkerConfig.initWorkerQueue.24 - workerQueueName: vs_device_worker_queue_ducnh
18-12-2020 16:57:45.015 INFO  com.elcom.device.MainApplication.logStarted.61 - Started MainApplication in 10.345 seconds (JVM running for 10.911)
18-12-2020 16:58:16.397 INFO  com.elcom.device.MainApplication.logStarting.55 - Starting MainApplication on DESKTOP-2U9UF8V with PID 11460 (E:\1.ELCOM\0.Vitalsign\1.televital-platform\VitalsignDeviceService\target\classes started by Admin in E:\1.ELCOM\0.Vitalsign\1.televital-platform\VitalsignDeviceService)
18-12-2020 16:58:16.404 INFO  com.elcom.device.MainApplication.logStartupProfileInfo.651 - No active profile set, falling back to default profiles: default
18-12-2020 16:58:23.324 INFO  c.e.d.messaging.rabbitmq.RpcConfig.initRpcQueue.35 - rpcQueueName: vs_device_rpc_queue_ducnh
18-12-2020 16:58:23.329 INFO  c.e.d.messaging.rabbitmq.RpcConfig.rpcExchange.41 - rpcExchangeName: vs_device_rpc_exchange_ducnh
18-12-2020 16:58:23.333 INFO  c.e.d.messaging.rabbitmq.RpcConfig.bindingRpc.47 - rpcRoutingKey: vs_device_rpc_key_ducnh
18-12-2020 16:58:23.427 INFO  c.e.d.m.rabbitmq.WorkerConfig.initWorkerQueue.24 - workerQueueName: vs_device_worker_queue_ducnh
18-12-2020 16:58:27.202 INFO  com.elcom.device.MainApplication.logStarted.61 - Started MainApplication in 11.571 seconds (JVM running for 12.115)
18-12-2020 16:58:56.961 INFO  c.e.d.messaging.rabbitmq.RpcServer.rpcReceive.40 -  [-->] Server received request for {"requestMethod":"GET","requestPath":"/v1.0/device/find-device-for-add-customer","urlParam":"businessUnitId\u003d10d7ff14-d06b-49c3-8791-43d44b5ca50d\u0026customerId\u003d11d7ff14-d06b-49c3-8791-43d44b5ca10a\u0026deviceName\u003dG","headerParam":{"authorization":"Bearer eyJhbGciOiJIUzUxMiJ9.eyJzdWIiOiI1MGQ3ZmYxNC1kMDZiLTQ5YzMtODc5MS00M2Q0NGI1Y2E1OWQiLCJpYXQiOjE2MDgxOTg3MDMsImV4cCI6MTYwODgwMzUwM30.zGDIpEq2d6mmAOhTDc5_J0nIX-kmPRYmOmkyomk3u9Ic76lR1oGTABBOjkyvWRwZR3pg-lznVJLFVVJqFwm_eA","user-agent":"PostmanRuntime/7.26.8","accept":"*/*","postman-token":"85770040-450d-4dbe-a62f-2a3de0d6c314","host":"localhost:8415","accept-encoding":"gzip, deflate, br","connection":"keep-alive","cookie":"JSESSIONID\u003dF213590C2EA533356A2D6AAF20548CA6"}}
18-12-2020 16:58:57.099 INFO  c.e.d.m.rabbitmq.RabbitMQClient.callRpcService.43 - callRpcService - exchangeName: vs_user_rpc_exchange_ducnh, queueName: vs_user_rpc_queue_ducnh, key : vs_user_rpc_ducnh
18-12-2020 16:59:06.345 INFO  c.e.device.controller.BaseController.authenToken.80 - authenToken - result: {"status":200,"message":"200 OK","data":{"status":200,"message":"200 OK","data":{"accessToken":null,"refreshToken":null,"uuid":"50d7ff14-d06b-49c3-8791-43d44b5ca59d","userName":"anhdv","email":"anhdv@elcom.com.vn","mobile":null,"fullName":"?? Vi?t Anh","avatar":"avatar013.jpg","status":1,"address":null,"skype":null,"facebook":null,"signupType":2,"createdAt":1605511140000,"lastLogin":1608198703000,"emailVerify":0,"mobileVerify":0,"lastUpdate":1608198703000,"loginIp":null,"isDelete":0,"birthDay":null,"gender":null,"fbId":null,"ggId":"","appleId":null,"setPassword":1,"profileUpdate":null,"avatarUpdate":1608103947000},"total":null}}
18-12-2020 16:59:06.505 INFO  c.e.d.messaging.rabbitmq.RpcServer.rpcReceive.133 -  [<--] Server returned {"status":200,"message":"200 OK","data":{"status":200,"message":"200 OK","data":[{"id":"680b4712-64c1-4e8d-81e9-f004d95e6bg9","name":"Gate 04","businessUnitId":"10d7ff14-d06b-49c3-8791-43d44b5ca50d","homeAdminId":"1f59dac5-fdc4-4d9e-bdea-27d8aa945b4b","model":"GHSHD","serialNumber":"ELC-G-004","manufacture":"USA","firmwareVersion":"0.0.1"}]}}
