04-12-2020 15:55:47.560 INFO  c.e.v.VitalsignProjectServicesApplication.logStarting - Starting VitalsignProjectServicesApplication on DESKTOP-2U9UF8V with PID 10516 (E:\1.ELCOM\0.Vitalsign\1.televital-platform\VitalsignDataDevice\target\classes started by Admin in E:\1.ELCOM\0.Vitalsign\1.televital-platform\VitalsignDataDevice)
04-12-2020 15:55:47.580 INFO  c.e.v.VitalsignProjectServicesApplication.logStartupProfileInfo - No active profile set, falling back to default profiles: default
04-12-2020 15:55:49.631 INFO  o.h.jpa.internal.util.LogHelper.logPersistenceUnitInformation - HHH000204: Processing PersistenceUnitInfo [name: default]
04-12-2020 15:55:49.663 INFO  org.hibernate.Version.logVersion - HHH000412: Hibernate ORM core version 5.4.15.Final
04-12-2020 15:55:49.751 INFO  o.h.annotations.common.Version.<clinit> - HCANN000001: Hibernate Commons Annotations {5.1.0.Final}
04-12-2020 15:55:49.902 INFO  org.hibernate.dialect.Dialect.<init> - HHH000400: Using dialect: org.hibernate.dialect.MariaDB103Dialect
04-12-2020 15:55:50.506 INFO  o.h.e.t.j.p.i.JtaPlatformInitiator.initiateService - HHH000490: Using JtaPlatform implementation: [org.hibernate.engine.transaction.jta.platform.internal.NoJtaPlatform]
04-12-2020 15:55:51.717 INFO  c.e.v.VitalsignProjectServicesApplication.logStarted - Started VitalsignProjectServicesApplication in 4.799 seconds (JVM running for 5.388)
04-12-2020 15:55:51.723 INFO  c.e.v.mqtt.MqttSubscriberInitApp.subscribersByDisplay - [subscribersByDisplay topic ]
04-12-2020 15:55:52.129 INFO  com.elcom.vitalsign.utils.SslUtil.getSocketFactory - Unencrypted key - no password needed
04-12-2020 15:55:52.684 INFO  c.e.v.mqtt.MqttSubscriberInitApp.subscribersByDisplay - [DISPLAY/REQ/GATE/SENSOR/#000000001] subscribe topic [DISPLAY/REQ/GATE/SENSOR/#] FAILED!, ex: MqttException (0) - javax.net.ssl.SSLHandshakeException: PKIX path building failed: sun.security.provider.certpath.SunCertPathBuilderException: unable to find valid certification path to requested target
04-12-2020 15:55:52.712 INFO  c.e.v.mqtt.MqttSubscriberInitApp.subscribersByDisplay - [DISPLAY/UNLINK/GATE/REQ/#000000001] subscribe topic [DISPLAY/UNLINK/GATE/REQ/#] FAILED!, ex: MqttException (0) - javax.net.ssl.SSLHandshakeException: PKIX path building failed: sun.security.provider.certpath.SunCertPathBuilderException: unable to find valid certification path to requested target
04-12-2020 15:55:52.735 INFO  c.e.v.mqtt.MqttSubscriberInitApp.subscribersByDisplay - [GET/PATIENT/LIST/#000000001] subscribe topic [GET/PATIENT/LIST/#] FAILED!, ex: MqttException (0) - javax.net.ssl.SSLHandshakeException: PKIX path building failed: sun.security.provider.certpath.SunCertPathBuilderException: unable to find valid certification path to requested target
04-12-2020 15:55:52.757 INFO  c.e.v.mqtt.MqttSubscriberInitApp.subscribersByDisplay - [DISPLAY/LINK/GATE/REQ/#000000001] subscribe topic [DISPLAY/LINK/GATE/REQ/#] FAILED!, ex: MqttException (0) - javax.net.ssl.SSLHandshakeException: PKIX path building failed: sun.security.provider.certpath.SunCertPathBuilderException: unable to find valid certification path to requested target
04-12-2020 15:55:52.783 INFO  c.e.v.mqtt.MqttSubscriberInitApp.subscribersByDisplay - [RES/CONNECT/TO/SENSOR/#000000001] subscribe topic [RES/CONNECT/TO/SENSOR/#] FAILED!, ex: MqttException (0) - javax.net.ssl.SSLHandshakeException: PKIX path building failed: sun.security.provider.certpath.SunCertPathBuilderException: unable to find valid certification path to requested target
04-12-2020 15:55:52.810 INFO  c.e.v.mqtt.MqttSubscriberInitApp.subscribersByDisplay - [RES/DISCONNECT/TO/SENSOR/#000000001] subscribe topic [RES/DISCONNECT/TO/SENSOR/#] FAILED!, ex: MqttException (0) - javax.net.ssl.SSLHandshakeException: PKIX path building failed: sun.security.provider.certpath.SunCertPathBuilderException: unable to find valid certification path to requested target
04-12-2020 15:55:52.834 INFO  c.e.v.mqtt.MqttSubscriberInitApp.subscribersByDisplay - [DISPLAY/SERVER/SEARCH_GATE_REQ/#000000001] subscribe topic [DISPLAY/SERVER/SEARCH_GATE_REQ/#] FAILED!, ex: MqttException (0) - javax.net.ssl.SSLHandshakeException: PKIX path building failed: sun.security.provider.certpath.SunCertPathBuilderException: unable to find valid certification path to requested target
04-12-2020 15:55:52.857 INFO  c.e.v.mqtt.MqttSubscriberInitApp.subscribersByDisplay - [DISPLAY/SERVER/GET_GATE_SENSOR_LINKED_REQ/#000000001] subscribe topic [DISPLAY/SERVER/GET_GATE_SENSOR_LINKED_REQ/#] FAILED!, ex: MqttException (0) - javax.net.ssl.SSLHandshakeException: PKIX path building failed: sun.security.provider.certpath.SunCertPathBuilderException: unable to find valid certification path to requested target
04-12-2020 15:55:52.858 INFO  c.e.v.mqtt.MqttSubscriberInitApp.subscribersByGate - [subscribersByGate topic ]
04-12-2020 15:55:52.862 INFO  com.elcom.vitalsign.utils.SslUtil.getSocketFactory - Unencrypted key - no password needed
04-12-2020 15:55:52.890 INFO  c.e.v.mqtt.MqttSubscriberInitApp.subscribersByGate - [GATE/REQ/DISPLAY/SENSOR/#000000001] subscribe topic [GATE/REQ/DISPLAY/SENSOR/#] FAILED!, ex: MqttException (0) - javax.net.ssl.SSLHandshakeException: PKIX path building failed: sun.security.provider.certpath.SunCertPathBuilderException: unable to find valid certification path to requested target
04-12-2020 15:55:52.917 INFO  c.e.v.mqtt.MqttSubscriberInitApp.subscribersByGate - [GATE/SERVER/ADD_SENSOR_REQ/#000000001] subscribe topic [GATE/SERVER/ADD_SENSOR_REQ/#] FAILED!, ex: MqttException (0) - javax.net.ssl.SSLHandshakeException: PKIX path building failed: sun.security.provider.certpath.SunCertPathBuilderException: unable to find valid certification path to requested target
04-12-2020 15:56:36.188 INFO  c.e.v.VitalsignProjectServicesApplication.logStarting - Starting VitalsignProjectServicesApplication on DESKTOP-2U9UF8V with PID 2112 (E:\1.ELCOM\0.Vitalsign\1.televital-platform\VitalsignDataDevice\target\classes started by Admin in E:\1.ELCOM\0.Vitalsign\1.televital-platform\VitalsignDataDevice)
04-12-2020 15:56:36.192 INFO  c.e.v.VitalsignProjectServicesApplication.logStartupProfileInfo - No active profile set, falling back to default profiles: default
04-12-2020 15:56:37.841 INFO  o.h.jpa.internal.util.LogHelper.logPersistenceUnitInformation - HHH000204: Processing PersistenceUnitInfo [name: default]
04-12-2020 15:56:37.874 INFO  org.hibernate.Version.logVersion - HHH000412: Hibernate ORM core version 5.4.15.Final
04-12-2020 15:56:37.963 INFO  o.h.annotations.common.Version.<clinit> - HCANN000001: Hibernate Commons Annotations {5.1.0.Final}
04-12-2020 15:56:38.150 INFO  org.hibernate.dialect.Dialect.<init> - HHH000400: Using dialect: org.hibernate.dialect.MariaDB103Dialect
04-12-2020 15:56:38.748 INFO  o.h.e.t.j.p.i.JtaPlatformInitiator.initiateService - HHH000490: Using JtaPlatform implementation: [org.hibernate.engine.transaction.jta.platform.internal.NoJtaPlatform]
04-12-2020 15:56:39.679 INFO  c.e.v.VitalsignProjectServicesApplication.logStarted - Started VitalsignProjectServicesApplication in 3.937 seconds (JVM running for 4.406)
04-12-2020 15:56:39.753 INFO  c.e.v.mqtt.MqttSubscriberInitApp.subscribersByDisplay - [subscribersByDisplay topic ]
04-12-2020 15:56:40.077 INFO  com.elcom.vitalsign.utils.SslUtil.getSocketFactory - Unencrypted key - no password needed
04-12-2020 15:56:40.506 INFO  c.e.v.mqtt.MqttSubscriberInitApp.subscribersByDisplay - [DISPLAY/REQ/GATE/SENSOR/#000000001] subscribe topic [DISPLAY/REQ/GATE/SENSOR/#] SUCCESS!
04-12-2020 15:56:40.567 INFO  c.e.v.mqtt.MqttSubscriberInitApp.subscribersByDisplay - [DISPLAY/UNLINK/GATE/REQ/#000000001] subscribe topic [DISPLAY/UNLINK/GATE/REQ/#] SUCCESS!
04-12-2020 15:56:40.630 INFO  c.e.v.mqtt.MqttSubscriberInitApp.subscribersByDisplay - [GET/PATIENT/LIST/#000000001] subscribe topic [GET/PATIENT/LIST/#] SUCCESS!
04-12-2020 15:56:40.694 INFO  c.e.v.mqtt.MqttSubscriberInitApp.subscribersByDisplay - [DISPLAY/LINK/GATE/REQ/#000000001] subscribe topic [DISPLAY/LINK/GATE/REQ/#] SUCCESS!
04-12-2020 15:56:40.757 INFO  c.e.v.mqtt.MqttSubscriberInitApp.subscribersByDisplay - [RES/CONNECT/TO/SENSOR/#000000001] subscribe topic [RES/CONNECT/TO/SENSOR/#] SUCCESS!
04-12-2020 15:56:40.826 INFO  c.e.v.mqtt.MqttSubscriberInitApp.subscribersByDisplay - [RES/DISCONNECT/TO/SENSOR/#000000001] subscribe topic [RES/DISCONNECT/TO/SENSOR/#] SUCCESS!
04-12-2020 15:56:40.890 INFO  c.e.v.mqtt.MqttSubscriberInitApp.subscribersByDisplay - [DISPLAY/SERVER/SEARCH_GATE_REQ/#000000001] subscribe topic [DISPLAY/SERVER/SEARCH_GATE_REQ/#] SUCCESS!
04-12-2020 15:56:40.955 INFO  c.e.v.mqtt.MqttSubscriberInitApp.subscribersByDisplay - [DISPLAY/SERVER/GET_GATE_SENSOR_LINKED_REQ/#000000001] subscribe topic [DISPLAY/SERVER/GET_GATE_SENSOR_LINKED_REQ/#] SUCCESS!
04-12-2020 15:56:40.955 INFO  c.e.v.mqtt.MqttSubscriberInitApp.subscribersByGate - [subscribersByGate topic ]
04-12-2020 15:56:40.958 INFO  com.elcom.vitalsign.utils.SslUtil.getSocketFactory - Unencrypted key - no password needed
04-12-2020 15:56:41.039 INFO  c.e.v.mqtt.MqttSubscriberInitApp.subscribersByGate - [GATE/REQ/DISPLAY/SENSOR/#000000001] subscribe topic [GATE/REQ/DISPLAY/SENSOR/#] SUCCESS!
04-12-2020 15:56:41.102 INFO  c.e.v.mqtt.MqttSubscriberInitApp.subscribersByGate - [GATE/SERVER/ADD_SENSOR_REQ/#000000001] subscribe topic [GATE/SERVER/ADD_SENSOR_REQ/#] SUCCESS!
