14-12-2020 10:49:00.888 INFO  com.elcom.gateway.MainApplication.logStarting.55 - Starting MainApplication on DESKTOP-2U9UF8V with PID 10616 (E:\1.ELCOM\0.Vitalsign\1.televital-platform\VitalsignApiGateway\target\classes started by Admin in E:\1.ELCOM\0.Vitalsign\1.televital-platform\VitalsignApiGateway)
14-12-2020 10:49:00.896 INFO  com.elcom.gateway.MainApplication.logStartupProfileInfo.651 - No active profile set, falling back to default profiles: default
14-12-2020 10:49:03.710 INFO  com.elcom.gateway.MainApplication.logStarted.61 - Started MainApplication in 3.355 seconds (JVM running for 3.726)
14-12-2020 11:08:56.607 ERROR o.a.c.c.C.[.[.[.[dispatcherServlet].log.175 - Servlet.service() for servlet [dispatcherServlet] in context with path [] threw exception
org.springframework.security.web.firewall.RequestRejectedException: The request was rejected because the URL contained a potentially malicious String "//"
	at org.springframework.security.web.firewall.StrictHttpFirewall.rejectedBlacklistedUrls(StrictHttpFirewall.java:369)
	at org.springframework.security.web.firewall.StrictHttpFirewall.getFirewalledRequest(StrictHttpFirewall.java:336)
	at org.springframework.security.web.FilterChainProxy.doFilterInternal(FilterChainProxy.java:194)
	at org.springframework.security.web.FilterChainProxy.doFilter(FilterChainProxy.java:178)
	at org.springframework.web.filter.DelegatingFilterProxy.invokeDelegate(DelegatingFilterProxy.java:358)
	at org.springframework.web.filter.DelegatingFilterProxy.doFilter(DelegatingFilterProxy.java:271)
	at org.apache.catalina.core.ApplicationFilterChain.internalDoFilter(ApplicationFilterChain.java:193)
	at org.apache.catalina.core.ApplicationFilterChain.doFilter(ApplicationFilterChain.java:166)
	at org.springframework.web.filter.RequestContextFilter.doFilterInternal(RequestContextFilter.java:100)
	at org.springframework.web.filter.OncePerRequestFilter.doFilter(OncePerRequestFilter.java:119)
	at org.apache.catalina.core.ApplicationFilterChain.internalDoFilter(ApplicationFilterChain.java:193)
	at org.apache.catalina.core.ApplicationFilterChain.doFilter(ApplicationFilterChain.java:166)
	at org.springframework.web.filter.FormContentFilter.doFilterInternal(FormContentFilter.java:93)
	at org.springframework.web.filter.OncePerRequestFilter.doFilter(OncePerRequestFilter.java:119)
	at org.apache.catalina.core.ApplicationFilterChain.internalDoFilter(ApplicationFilterChain.java:193)
	at org.apache.catalina.core.ApplicationFilterChain.doFilter(ApplicationFilterChain.java:166)
	at org.springframework.web.filter.CharacterEncodingFilter.doFilterInternal(CharacterEncodingFilter.java:201)
	at org.springframework.web.filter.OncePerRequestFilter.doFilter(OncePerRequestFilter.java:119)
	at org.apache.catalina.core.ApplicationFilterChain.internalDoFilter(ApplicationFilterChain.java:193)
	at org.apache.catalina.core.ApplicationFilterChain.doFilter(ApplicationFilterChain.java:166)
	at org.apache.catalina.core.StandardWrapperValve.invoke(StandardWrapperValve.java:202)
	at org.apache.catalina.core.StandardContextValve.invoke(StandardContextValve.java:96)
	at org.apache.catalina.authenticator.AuthenticatorBase.invoke(AuthenticatorBase.java:541)
	at org.apache.catalina.core.StandardHostValve.invoke(StandardHostValve.java:139)
	at org.apache.catalina.valves.ErrorReportValve.invoke(ErrorReportValve.java:92)
	at org.apache.catalina.core.StandardEngineValve.invoke(StandardEngineValve.java:74)
	at org.apache.catalina.connector.CoyoteAdapter.service(CoyoteAdapter.java:343)
	at org.apache.coyote.http11.Http11Processor.service(Http11Processor.java:373)
	at org.apache.coyote.AbstractProcessorLight.process(AbstractProcessorLight.java:65)
	at org.apache.coyote.AbstractProtocol$ConnectionHandler.process(AbstractProtocol.java:868)
	at org.apache.tomcat.util.net.NioEndpoint$SocketProcessor.doRun(NioEndpoint.java:1590)
	at org.apache.tomcat.util.net.SocketProcessorBase.run(SocketProcessorBase.java:49)
	at java.util.concurrent.ThreadPoolExecutor.runWorker(ThreadPoolExecutor.java:1149)
	at java.util.concurrent.ThreadPoolExecutor$Worker.run(ThreadPoolExecutor.java:624)
	at org.apache.tomcat.util.threads.TaskThread$WrappingRunnable.run(TaskThread.java:61)
	at java.lang.Thread.run(Thread.java:748)
14-12-2020 11:11:43.623 INFO  c.e.g.controller.BaseController.processRequest.68 - [POST] to requestPath: /v1.0/user-system/create-profile - urlParam:  - pathParm: null - headerParam: content-type=application/json&user-agent=PostmanRuntime/7.26.8&accept=*/*&postman-token=0295cfa8-03ce-425f-b5e0-bdfa36215823&host=localhost:8415&accept-encoding=gzip, deflate, br&connection=keep-alive&content-length=187
14-12-2020 11:11:43.628 INFO  c.e.g.controller.BaseController.processRequest.80 - Get Rabbit type for POST /user-system/create-profile ==> Rabbit: rpc
14-12-2020 11:11:53.881 INFO  c.e.g.controller.BaseController.processRequest.90 - Elapsed [10242 (ms)] for requestUri: [/v1.0/user-system/create-profile], requestSession: [32D762BFF7856C2077DFB41D6E1AD9B8]
14-12-2020 11:12:04.118 ERROR o.s.a.r.l.DirectReplyToMessageListenerContainer.callExecuteListener.1056 - Failed to invoke listener
org.springframework.amqp.rabbit.support.ListenerExecutionFailedException: Listener threw exception
	at org.springframework.amqp.rabbit.listener.AbstractMessageListenerContainer.wrapToListenerExecutionFailedExceptionIfNeeded(AbstractMessageListenerContainer.java:1693)
	at org.springframework.amqp.rabbit.listener.AbstractMessageListenerContainer.doInvokeListener(AbstractMessageListenerContainer.java:1583)
	at org.springframework.amqp.rabbit.listener.AbstractMessageListenerContainer.actualInvokeListener(AbstractMessageListenerContainer.java:1498)
	at org.springframework.amqp.rabbit.listener.AbstractMessageListenerContainer.invokeListener(AbstractMessageListenerContainer.java:1486)
	at org.springframework.amqp.rabbit.listener.AbstractMessageListenerContainer.doExecuteListener(AbstractMessageListenerContainer.java:1477)
	at org.springframework.amqp.rabbit.listener.AbstractMessageListenerContainer.executeListener(AbstractMessageListenerContainer.java:1421)
	at org.springframework.amqp.rabbit.listener.DirectMessageListenerContainer$SimpleConsumer.callExecuteListener(DirectMessageListenerContainer.java:1037)
	at org.springframework.amqp.rabbit.listener.DirectMessageListenerContainer$SimpleConsumer.handleDelivery(DirectMessageListenerContainer.java:997)
	at com.rabbitmq.client.impl.ConsumerDispatcher$5.run(ConsumerDispatcher.java:149)
	at com.rabbitmq.client.impl.ConsumerWorkService$WorkPoolRunnable.run(ConsumerWorkService.java:104)
	at java.util.concurrent.ThreadPoolExecutor.runWorker(ThreadPoolExecutor.java:1149)
	at java.util.concurrent.ThreadPoolExecutor$Worker.run(ThreadPoolExecutor.java:624)
	at java.lang.Thread.run(Thread.java:748)
Caused by: org.springframework.amqp.AmqpRejectAndDontRequeueException: Reply received after timeout
	at org.springframework.amqp.rabbit.core.RabbitTemplate.onMessage(RabbitTemplate.java:2561)
	at org.springframework.amqp.rabbit.listener.DirectReplyToMessageListenerContainer.lambda$setMessageListener$1(DirectReplyToMessageListenerContainer.java:100)
	at org.springframework.amqp.rabbit.listener.AbstractMessageListenerContainer.doInvokeListener(AbstractMessageListenerContainer.java:1579)
	... 11 common frames omitted
14-12-2020 11:15:43.363 INFO  c.e.g.controller.BaseController.processRequest.68 - [POST] to requestPath: /v1.0/user-system/create-profile - urlParam:  - pathParm: null - headerParam: device-token=iPLZxCJ0Aa079ZU9qXoFK199+tgJSEG2/vNnq6xD9nMoaMHf73fr/23RtUVzYxBGZw4n8CJ0UmyTlc6bUuxlIDWgivK2nhmVaIIzGR92oFtDWPbOwIcnEgwjmpryEN1NALlchrtYHCFFXAGLnMWcPPiRH01kuKMvM0H4ligRykSQNlTiN7gjS832UH+USGZAyagnzjXzoFB5hkPEc0BbcEsWNXJJ3ACxLKtLX1OPnjov4JNDzO4g//uuKcOZPAa555ZLSb6KZLg8nQdkIyxoE5XZFbZQq3Yq2O4ppnZj+qsdYpqCJcOsvpII/Y/3RECbDKdEuTFhyE8EDnpkldlY5w==&content-type=application/json&user-agent=PostmanRuntime/7.26.8&accept=*/*&postman-token=aa046b2c-e93d-4327-854e-579239f1629f&host=localhost:8415&accept-encoding=gzip, deflate, br&connection=keep-alive&content-length=187&cookie=JSESSIONID=32D762BFF7856C2077DFB41D6E1AD9B8
14-12-2020 11:15:43.365 INFO  c.e.g.controller.BaseController.processRequest.80 - Get Rabbit type for POST /user-system/create-profile ==> Rabbit: rpc
14-12-2020 11:15:53.403 INFO  c.e.g.controller.BaseController.processRequest.90 - Elapsed [10040 (ms)] for requestUri: [/v1.0/user-system/create-profile], requestSession: [32D762BFF7856C2077DFB41D6E1AD9B8]
14-12-2020 11:16:03.473 ERROR o.s.a.r.l.DirectReplyToMessageListenerContainer.callExecuteListener.1056 - Failed to invoke listener
org.springframework.amqp.rabbit.support.ListenerExecutionFailedException: Listener threw exception
	at org.springframework.amqp.rabbit.listener.AbstractMessageListenerContainer.wrapToListenerExecutionFailedExceptionIfNeeded(AbstractMessageListenerContainer.java:1693)
	at org.springframework.amqp.rabbit.listener.AbstractMessageListenerContainer.doInvokeListener(AbstractMessageListenerContainer.java:1583)
	at org.springframework.amqp.rabbit.listener.AbstractMessageListenerContainer.actualInvokeListener(AbstractMessageListenerContainer.java:1498)
	at org.springframework.amqp.rabbit.listener.AbstractMessageListenerContainer.invokeListener(AbstractMessageListenerContainer.java:1486)
	at org.springframework.amqp.rabbit.listener.AbstractMessageListenerContainer.doExecuteListener(AbstractMessageListenerContainer.java:1477)
	at org.springframework.amqp.rabbit.listener.AbstractMessageListenerContainer.executeListener(AbstractMessageListenerContainer.java:1421)
	at org.springframework.amqp.rabbit.listener.DirectMessageListenerContainer$SimpleConsumer.callExecuteListener(DirectMessageListenerContainer.java:1037)
	at org.springframework.amqp.rabbit.listener.DirectMessageListenerContainer$SimpleConsumer.handleDelivery(DirectMessageListenerContainer.java:997)
	at com.rabbitmq.client.impl.ConsumerDispatcher$5.run(ConsumerDispatcher.java:149)
	at com.rabbitmq.client.impl.ConsumerWorkService$WorkPoolRunnable.run(ConsumerWorkService.java:104)
	at java.util.concurrent.ThreadPoolExecutor.runWorker(ThreadPoolExecutor.java:1149)
	at java.util.concurrent.ThreadPoolExecutor$Worker.run(ThreadPoolExecutor.java:624)
	at java.lang.Thread.run(Thread.java:748)
Caused by: org.springframework.amqp.AmqpRejectAndDontRequeueException: Reply received after timeout
	at org.springframework.amqp.rabbit.core.RabbitTemplate.onMessage(RabbitTemplate.java:2561)
	at org.springframework.amqp.rabbit.listener.DirectReplyToMessageListenerContainer.lambda$setMessageListener$1(DirectReplyToMessageListenerContainer.java:100)
	at org.springframework.amqp.rabbit.listener.AbstractMessageListenerContainer.doInvokeListener(AbstractMessageListenerContainer.java:1579)
	... 11 common frames omitted
14-12-2020 11:17:06.899 INFO  c.e.g.controller.BaseController.processRequest.68 - [POST] to requestPath: /v1.0/user-system/create-profile - urlParam:  - pathParm: null - headerParam: device-token=iPLZxCJ0Aa079ZU9qXoFK199+tgJSEG2/vNnq6xD9nMoaMHf73fr/23RtUVzYxBGZw4n8CJ0UmyTlc6bUuxlIDWgivK2nhmVaIIzGR92oFtDWPbOwIcnEgwjmpryEN1NALlchrtYHCFFXAGLnMWcPPiRH01kuKMvM0H4ligRykSQNlTiN7gjS832UH+USGZAyagnzjXzoFB5hkPEc0BbcEsWNXJJ3ACxLKtLX1OPnjov4JNDzO4g//uuKcOZPAa555ZLSb6KZLg8nQdkIyxoE5XZFbZQq3Yq2O4ppnZj+qsdYpqCJcOsvpII/Y/3RECbDKdEuTFhyE8EDnpkldlY5w==&content-type=application/json&user-agent=PostmanRuntime/7.26.8&accept=*/*&postman-token=8e3160c0-c08d-4f5f-9e49-31f454aa66b1&host=localhost:8415&accept-encoding=gzip, deflate, br&connection=keep-alive&content-length=187&cookie=JSESSIONID=32D762BFF7856C2077DFB41D6E1AD9B8
14-12-2020 11:17:06.900 INFO  c.e.g.controller.BaseController.processRequest.80 - Get Rabbit type for POST /user-system/create-profile ==> Rabbit: rpc
14-12-2020 11:17:16.935 INFO  c.e.g.controller.BaseController.processRequest.90 - Elapsed [10036 (ms)] for requestUri: [/v1.0/user-system/create-profile], requestSession: [32D762BFF7856C2077DFB41D6E1AD9B8]
14-12-2020 11:19:28.813 INFO  c.e.g.controller.BaseController.processRequest.68 - [POST] to requestPath: /v1.0/user-system/create-profile - urlParam:  - pathParm: null - headerParam: device-token=iPLZxCJ0Aa079ZU9qXoFK199+tgJSEG2/vNnq6xD9nMoaMHf73fr/23RtUVzYxBGZw4n8CJ0UmyTlc6bUuxlIDWgivK2nhmVaIIzGR92oFtDWPbOwIcnEgwjmpryEN1NALlchrtYHCFFXAGLnMWcPPiRH01kuKMvM0H4ligRykSQNlTiN7gjS832UH+USGZAyagnzjXzoFB5hkPEc0BbcEsWNXJJ3ACxLKtLX1OPnjov4JNDzO4g//uuKcOZPAa555ZLSb6KZLg8nQdkIyxoE5XZFbZQq3Yq2O4ppnZj+qsdYpqCJcOsvpII/Y/3RECbDKdEuTFhyE8EDnpkldlY5w==&content-type=application/json&user-agent=PostmanRuntime/7.26.8&accept=*/*&postman-token=048b57c0-f308-4ecc-b43d-1049479ff060&host=localhost:8415&accept-encoding=gzip, deflate, br&connection=keep-alive&content-length=187&cookie=JSESSIONID=32D762BFF7856C2077DFB41D6E1AD9B8
14-12-2020 11:19:28.815 INFO  c.e.g.controller.BaseController.processRequest.80 - Get Rabbit type for POST /user-system/create-profile ==> Rabbit: rpc
14-12-2020 11:19:38.861 INFO  c.e.g.controller.BaseController.processRequest.90 - Elapsed [10048 (ms)] for requestUri: [/v1.0/user-system/create-profile], requestSession: [32D762BFF7856C2077DFB41D6E1AD9B8]
14-12-2020 11:24:01.441 INFO  c.e.g.controller.BaseController.processRequest.68 - [POST] to requestPath: /v1.0/user-system/create-profile - urlParam:  - pathParm: null - headerParam: device-token=iPLZxCJ0Aa079ZU9qXoFK199+tgJSEG2/vNnq6xD9nMoaMHf73fr/23RtUVzYxBGZw4n8CJ0UmyTlc6bUuxlIDWgivK2nhmVaIIzGR92oFtDWPbOwIcnEgwjmpryEN1NALlchrtYHCFFXAGLnMWcPPiRH01kuKMvM0H4ligRykSQNlTiN7gjS832UH+USGZAyagnzjXzoFB5hkPEc0BbcEsWNXJJ3ACxLKtLX1OPnjov4JNDzO4g//uuKcOZPAa555ZLSb6KZLg8nQdkIyxoE5XZFbZQq3Yq2O4ppnZj+qsdYpqCJcOsvpII/Y/3RECbDKdEuTFhyE8EDnpkldlY5w==&content-type=application/json&user-agent=PostmanRuntime/7.26.8&accept=*/*&postman-token=e0a67c97-9529-411f-b945-397e68074aee&host=localhost:8415&accept-encoding=gzip, deflate, br&connection=keep-alive&content-length=187&cookie=JSESSIONID=32D762BFF7856C2077DFB41D6E1AD9B8
14-12-2020 11:24:01.443 INFO  c.e.g.controller.BaseController.processRequest.80 - Get Rabbit type for POST /user-system/create-profile ==> Rabbit: rpc
14-12-2020 11:24:11.506 INFO  c.e.g.controller.BaseController.processRequest.90 - Elapsed [10065 (ms)] for requestUri: [/v1.0/user-system/create-profile], requestSession: [32D762BFF7856C2077DFB41D6E1AD9B8]
14-12-2020 11:24:25.365 ERROR o.s.a.r.l.DirectReplyToMessageListenerContainer.callExecuteListener.1056 - Failed to invoke listener
org.springframework.amqp.rabbit.support.ListenerExecutionFailedException: Listener threw exception
	at org.springframework.amqp.rabbit.listener.AbstractMessageListenerContainer.wrapToListenerExecutionFailedExceptionIfNeeded(AbstractMessageListenerContainer.java:1693)
	at org.springframework.amqp.rabbit.listener.AbstractMessageListenerContainer.doInvokeListener(AbstractMessageListenerContainer.java:1583)
	at org.springframework.amqp.rabbit.listener.AbstractMessageListenerContainer.actualInvokeListener(AbstractMessageListenerContainer.java:1498)
	at org.springframework.amqp.rabbit.listener.AbstractMessageListenerContainer.invokeListener(AbstractMessageListenerContainer.java:1486)
	at org.springframework.amqp.rabbit.listener.AbstractMessageListenerContainer.doExecuteListener(AbstractMessageListenerContainer.java:1477)
	at org.springframework.amqp.rabbit.listener.AbstractMessageListenerContainer.executeListener(AbstractMessageListenerContainer.java:1421)
	at org.springframework.amqp.rabbit.listener.DirectMessageListenerContainer$SimpleConsumer.callExecuteListener(DirectMessageListenerContainer.java:1037)
	at org.springframework.amqp.rabbit.listener.DirectMessageListenerContainer$SimpleConsumer.handleDelivery(DirectMessageListenerContainer.java:997)
	at com.rabbitmq.client.impl.ConsumerDispatcher$5.run(ConsumerDispatcher.java:149)
	at com.rabbitmq.client.impl.ConsumerWorkService$WorkPoolRunnable.run(ConsumerWorkService.java:104)
	at java.util.concurrent.ThreadPoolExecutor.runWorker(ThreadPoolExecutor.java:1149)
	at java.util.concurrent.ThreadPoolExecutor$Worker.run(ThreadPoolExecutor.java:624)
	at java.lang.Thread.run(Thread.java:748)
Caused by: org.springframework.amqp.AmqpRejectAndDontRequeueException: Reply received after timeout
	at org.springframework.amqp.rabbit.core.RabbitTemplate.onMessage(RabbitTemplate.java:2561)
	at org.springframework.amqp.rabbit.listener.DirectReplyToMessageListenerContainer.lambda$setMessageListener$1(DirectReplyToMessageListenerContainer.java:100)
	at org.springframework.amqp.rabbit.listener.AbstractMessageListenerContainer.doInvokeListener(AbstractMessageListenerContainer.java:1579)
	... 11 common frames omitted
14-12-2020 11:24:45.997 INFO  c.e.g.controller.BaseController.processRequest.68 - [POST] to requestPath: /v1.0/user-system/create-profile - urlParam:  - pathParm: null - headerParam: device-token=iPLZxCJ0Aa079ZU9qXoFK199+tgJSEG2/vNnq6xD9nMoaMHf73fr/23RtUVzYxBGZw4n8CJ0UmyTlc6bUuxlIDWgivK2nhmVaIIzGR92oFtDWPbOwIcnEgwjmpryEN1NALlchrtYHCFFXAGLnMWcPPiRH01kuKMvM0H4ligRykSQNlTiN7gjS832UH+USGZAyagnzjXzoFB5hkPEc0BbcEsWNXJJ3ACxLKtLX1OPnjov4JNDzO4g//uuKcOZPAa555ZLSb6KZLg8nQdkIyxoE5XZFbZQq3Yq2O4ppnZj+qsdYpqCJcOsvpII/Y/3RECbDKdEuTFhyE8EDnpkldlY5w==&content-type=application/json&user-agent=PostmanRuntime/7.26.8&accept=*/*&postman-token=73b14f74-9f0c-42b8-9012-56fec4387194&host=localhost:8415&accept-encoding=gzip, deflate, br&connection=keep-alive&content-length=187&cookie=JSESSIONID=32D762BFF7856C2077DFB41D6E1AD9B8
14-12-2020 11:24:46.000 INFO  c.e.g.controller.BaseController.processRequest.80 - Get Rabbit type for POST /user-system/create-profile ==> Rabbit: rpc
14-12-2020 11:24:46.978 INFO  c.e.g.controller.BaseController.processRequest.90 - Elapsed [981 (ms)] for requestUri: [/v1.0/user-system/create-profile], requestSession: [32D762BFF7856C2077DFB41D6E1AD9B8]
14-12-2020 11:26:36.953 INFO  c.e.g.controller.BaseController.processRequest.68 - [POST] to requestPath: /v1.0/user-system/create-profile - urlParam:  - pathParm: null - headerParam: device-token=iPLZxCJ0Aa079ZU9qXoFK199+tgJSEG2/vNnq6xD9nMoaMHf73fr/23RtUVzYxBGZw4n8CJ0UmyTlc6bUuxlIDWgivK2nhmVaIIzGR92oFtDWPbOwIcnEgwjmpryEN1NALlchrtYHCFFXAGLnMWcPPiRH01kuKMvM0H4ligRykSQNlTiN7gjS832UH+USGZAyagnzjXzoFB5hkPEc0BbcEsWNXJJ3ACxLKtLX1OPnjov4JNDzO4g//uuKcOZPAa555ZLSb6KZLg8nQdkIyxoE5XZFbZQq3Yq2O4ppnZj+qsdYpqCJcOsvpII/Y/3RECbDKdEuTFhyE8EDnpkldlY5w==&content-type=application/json&user-agent=PostmanRuntime/7.26.8&accept=*/*&postman-token=29cf7cd3-70d2-409f-90e3-cf025550b1fb&host=localhost:8415&accept-encoding=gzip, deflate, br&connection=keep-alive&content-length=186&cookie=JSESSIONID=32D762BFF7856C2077DFB41D6E1AD9B8
14-12-2020 11:26:36.955 INFO  c.e.g.controller.BaseController.processRequest.80 - Get Rabbit type for POST /user-system/create-profile ==> Rabbit: rpc
14-12-2020 11:26:37.114 INFO  c.e.g.controller.BaseController.processRequest.90 - Elapsed [161 (ms)] for requestUri: [/v1.0/user-system/create-profile], requestSession: [32D762BFF7856C2077DFB41D6E1AD9B8]
14-12-2020 11:35:11.878 INFO  c.e.g.controller.BaseController.processRequest.68 - [POST] to requestPath: /v1.0/user-system/create-profile - urlParam:  - pathParm: null - headerParam: device-token=iPLZxCJ0Aa079ZU9qXoFK199+tgJSEG2/vNnq6xD9nMoaMHf73fr/23RtUVzYxBGZw4n8CJ0UmyTlc6bUuxlIDWgivK2nhmVaIIzGR92oFtDWPbOwIcnEgwjmpryEN1NALlchrtYHCFFXAGLnMWcPPiRH01kuKMvM0H4ligRykSQNlTiN7gjS832UH+USGZAyagnzjXzoFB5hkPEc0BbcEsWNXJJ3ACxLKtLX1OPnjov4JNDzO4g//uuKcOZPAa555ZLSb6KZLg8nQdkIyxoE5XZFbZQq3Yq2O4ppnZj+qsdYpqCJcOsvpII/Y/3RECbDKdEuTFhyE8EDnpkldlY5w==&content-type=application/json&user-agent=PostmanRuntime/7.26.8&accept=*/*&postman-token=2d4dcbfe-06aa-4c0c-b808-259453ed71b7&host=localhost:8415&accept-encoding=gzip, deflate, br&connection=keep-alive&content-length=189&cookie=JSESSIONID=32D762BFF7856C2077DFB41D6E1AD9B8
14-12-2020 11:35:11.880 INFO  c.e.g.controller.BaseController.processRequest.80 - Get Rabbit type for POST /user-system/create-profile ==> Rabbit: rpc
14-12-2020 11:35:12.063 INFO  c.e.g.controller.BaseController.processRequest.90 - Elapsed [185 (ms)] for requestUri: [/v1.0/user-system/create-profile], requestSession: [32D762BFF7856C2077DFB41D6E1AD9B8]
14-12-2020 11:36:50.297 INFO  c.e.g.controller.BaseController.processRequest.68 - [POST] to requestPath: /v1.0/user-system/create-profile - urlParam:  - pathParm: null - headerParam: device-token=iPLZxCJ0Aa079ZU9qXoFK199+tgJSEG2/vNnq6xD9nMoaMHf73fr/23RtUVzYxBGZw4n8CJ0UmyTlc6bUuxlIDWgivK2nhmVaIIzGR92oFtDWPbOwIcnEgwjmpryEN1NALlchrtYHCFFXAGLnMWcPPiRH01kuKMvM0H4ligRykSQNlTiN7gjS832UH+USGZAyagnzjXzoFB5hkPEc0BbcEsWNXJJ3ACxLKtLX1OPnjov4JNDzO4g//uuKcOZPAa555ZLSb6KZLg8nQdkIyxoE5XZFbZQq3Yq2O4ppnZj+qsdYpqCJcOsvpII/Y/3RECbDKdEuTFhyE8EDnpkldlY5w==&content-type=application/json&user-agent=PostmanRuntime/7.26.8&accept=*/*&postman-token=cf39ed0a-aae4-453e-9455-e2398d13d7a1&host=localhost:8415&accept-encoding=gzip, deflate, br&connection=keep-alive&content-length=189&cookie=JSESSIONID=32D762BFF7856C2077DFB41D6E1AD9B8
14-12-2020 11:36:50.298 INFO  c.e.g.controller.BaseController.processRequest.80 - Get Rabbit type for POST /user-system/create-profile ==> Rabbit: rpc
14-12-2020 11:36:50.721 INFO  c.e.g.controller.BaseController.processRequest.90 - Elapsed [424 (ms)] for requestUri: [/v1.0/user-system/create-profile], requestSession: [32D762BFF7856C2077DFB41D6E1AD9B8]
14-12-2020 11:38:45.957 INFO  c.e.g.controller.BaseController.processRequest.68 - [PUT] to requestPath: /v1.0/user-system/edit-profile - urlParam:  - pathParm: null - headerParam: content-type=application/json&user-agent=PostmanRuntime/7.26.8&accept=*/*&postman-token=98040585-fde9-4b64-b56d-0f8db1589628&host=localhost:8415&accept-encoding=gzip, deflate, br&connection=keep-alive&content-length=193&cookie=JSESSIONID=32D762BFF7856C2077DFB41D6E1AD9B8
14-12-2020 11:38:45.958 INFO  c.e.g.controller.BaseController.processRequest.80 - Get Rabbit type for PUT /user-system/edit-profile ==> Rabbit: rpc
14-12-2020 11:38:56.018 INFO  c.e.g.controller.BaseController.processRequest.90 - Elapsed [10061 (ms)] for requestUri: [/v1.0/user-system/edit-profile], requestSession: [32D762BFF7856C2077DFB41D6E1AD9B8]
14-12-2020 11:39:06.090 ERROR o.s.a.r.l.DirectReplyToMessageListenerContainer.callExecuteListener.1056 - Failed to invoke listener
org.springframework.amqp.rabbit.support.ListenerExecutionFailedException: Listener threw exception
	at org.springframework.amqp.rabbit.listener.AbstractMessageListenerContainer.wrapToListenerExecutionFailedExceptionIfNeeded(AbstractMessageListenerContainer.java:1693)
	at org.springframework.amqp.rabbit.listener.AbstractMessageListenerContainer.doInvokeListener(AbstractMessageListenerContainer.java:1583)
	at org.springframework.amqp.rabbit.listener.AbstractMessageListenerContainer.actualInvokeListener(AbstractMessageListenerContainer.java:1498)
	at org.springframework.amqp.rabbit.listener.AbstractMessageListenerContainer.invokeListener(AbstractMessageListenerContainer.java:1486)
	at org.springframework.amqp.rabbit.listener.AbstractMessageListenerContainer.doExecuteListener(AbstractMessageListenerContainer.java:1477)
	at org.springframework.amqp.rabbit.listener.AbstractMessageListenerContainer.executeListener(AbstractMessageListenerContainer.java:1421)
	at org.springframework.amqp.rabbit.listener.DirectMessageListenerContainer$SimpleConsumer.callExecuteListener(DirectMessageListenerContainer.java:1037)
	at org.springframework.amqp.rabbit.listener.DirectMessageListenerContainer$SimpleConsumer.handleDelivery(DirectMessageListenerContainer.java:997)
	at com.rabbitmq.client.impl.ConsumerDispatcher$5.run(ConsumerDispatcher.java:149)
	at com.rabbitmq.client.impl.ConsumerWorkService$WorkPoolRunnable.run(ConsumerWorkService.java:104)
	at java.util.concurrent.ThreadPoolExecutor.runWorker(ThreadPoolExecutor.java:1149)
	at java.util.concurrent.ThreadPoolExecutor$Worker.run(ThreadPoolExecutor.java:624)
	at java.lang.Thread.run(Thread.java:748)
Caused by: org.springframework.amqp.AmqpRejectAndDontRequeueException: Reply received after timeout
	at org.springframework.amqp.rabbit.core.RabbitTemplate.onMessage(RabbitTemplate.java:2561)
	at org.springframework.amqp.rabbit.listener.DirectReplyToMessageListenerContainer.lambda$setMessageListener$1(DirectReplyToMessageListenerContainer.java:100)
	at org.springframework.amqp.rabbit.listener.AbstractMessageListenerContainer.doInvokeListener(AbstractMessageListenerContainer.java:1579)
	... 11 common frames omitted
14-12-2020 11:39:32.923 INFO  c.e.g.controller.BaseController.processRequest.68 - [PUT] to requestPath: /v1.0/user-system/edit-profile - urlParam:  - pathParm: null - headerParam: device-token=iPLZxCJ0Aa079ZU9qXoFK199+tgJSEG2/vNnq6xD9nMoaMHf73fr/23RtUVzYxBGZw4n8CJ0UmyTlc6bUuxlIDWgivK2nhmVaIIzGR92oFtDWPbOwIcnEgwjmpryEN1NALlchrtYHCFFXAGLnMWcPPiRH01kuKMvM0H4ligRykSQNlTiN7gjS832UH+USGZAyagnzjXzoFB5hkPEc0BbcEsWNXJJ3ACxLKtLX1OPnjov4JNDzO4g//uuKcOZPAa555ZLSb6KZLg8nQdkIyxoE5XZFbZQq3Yq2O4ppnZj+qsdYpqCJcOsvpII/Y/3RECbDKdEuTFhyE8EDnpkldlY5w==&content-type=application/json&user-agent=PostmanRuntime/7.26.8&accept=*/*&postman-token=820d671c-3a35-4609-9e33-9c17dbbc7f63&host=localhost:8415&accept-encoding=gzip, deflate, br&connection=keep-alive&content-length=193&cookie=JSESSIONID=32D762BFF7856C2077DFB41D6E1AD9B8
14-12-2020 11:39:32.923 INFO  c.e.g.controller.BaseController.processRequest.80 - Get Rabbit type for PUT /user-system/edit-profile ==> Rabbit: rpc
14-12-2020 11:39:42.956 INFO  c.e.g.controller.BaseController.processRequest.90 - Elapsed [10034 (ms)] for requestUri: [/v1.0/user-system/edit-profile], requestSession: [32D762BFF7856C2077DFB41D6E1AD9B8]
14-12-2020 11:40:10.467 INFO  c.e.g.controller.BaseController.processRequest.68 - [PUT] to requestPath: /v1.0/user-system/edit-profile - urlParam:  - pathParm: null - headerParam: device-token=iPLZxCJ0Aa079ZU9qXoFK199+tgJSEG2/vNnq6xD9nMoaMHf73fr/23RtUVzYxBGZw4n8CJ0UmyTlc6bUuxlIDWgivK2nhmVaIIzGR92oFtDWPbOwIcnEgwjmpryEN1NALlchrtYHCFFXAGLnMWcPPiRH01kuKMvM0H4ligRykSQNlTiN7gjS832UH+USGZAyagnzjXzoFB5hkPEc0BbcEsWNXJJ3ACxLKtLX1OPnjov4JNDzO4g//uuKcOZPAa555ZLSb6KZLg8nQdkIyxoE5XZFbZQq3Yq2O4ppnZj+qsdYpqCJcOsvpII/Y/3RECbDKdEuTFhyE8EDnpkldlY5w==&content-type=application/json&user-agent=PostmanRuntime/7.26.8&accept=*/*&postman-token=6b62cb66-c56f-4cfb-9d60-cc8c50b3fd7a&host=localhost:8415&accept-encoding=gzip, deflate, br&connection=keep-alive&content-length=187&cookie=JSESSIONID=32D762BFF7856C2077DFB41D6E1AD9B8
14-12-2020 11:40:10.468 INFO  c.e.g.controller.BaseController.processRequest.80 - Get Rabbit type for PUT /user-system/edit-profile ==> Rabbit: rpc
14-12-2020 11:40:10.647 INFO  c.e.g.controller.BaseController.processRequest.90 - Elapsed [180 (ms)] for requestUri: [/v1.0/user-system/edit-profile], requestSession: [32D762BFF7856C2077DFB41D6E1AD9B8]
14-12-2020 11:43:01.873 INFO  c.e.g.controller.BaseController.processRequest.68 - [PUT] to requestPath: /v1.0/user-system/edit-profile - urlParam:  - pathParm: null - headerParam: device-token=iPLZxCJ0Aa079ZU9qXoFK199+tgJSEG2/vNnq6xD9nMoaMHf73fr/23RtUVzYxBGZw4n8CJ0UmyTlc6bUuxlIDWgivK2nhmVaIIzGR92oFtDWPbOwIcnEgwjmpryEN1NALlchrtYHCFFXAGLnMWcPPiRH01kuKMvM0H4ligRykSQNlTiN7gjS832UH+USGZAyagnzjXzoFB5hkPEc0BbcEsWNXJJ3ACxLKtLX1OPnjov4JNDzO4g//uuKcOZPAa555ZLSb6KZLg8nQdkIyxoE5XZFbZQq3Yq2O4ppnZj+qsdYpqCJcOsvpII/Y/3RECbDKdEuTFhyE8EDnpkldlY5w==&content-type=application/json&user-agent=PostmanRuntime/7.26.8&accept=*/*&postman-token=d0ace274-41c7-4554-a7e0-5a477ce1881a&host=localhost:8415&accept-encoding=gzip, deflate, br&connection=keep-alive&content-length=187&cookie=JSESSIONID=32D762BFF7856C2077DFB41D6E1AD9B8
14-12-2020 11:43:01.874 INFO  c.e.g.controller.BaseController.processRequest.80 - Get Rabbit type for PUT /user-system/edit-profile ==> Rabbit: rpc
14-12-2020 11:43:02.311 INFO  c.e.g.controller.BaseController.processRequest.90 - Elapsed [438 (ms)] for requestUri: [/v1.0/user-system/edit-profile], requestSession: [32D762BFF7856C2077DFB41D6E1AD9B8]
14-12-2020 11:43:46.572 INFO  c.e.g.controller.BaseController.processRequest.68 - [PUT] to requestPath: /v1.0/user-system/edit-profile - urlParam:  - pathParm: null - headerParam: device-token=iPLZxCJ0Aa079ZU9qXoFK199+tgJSEG2/vNnq6xD9nMoaMHf73fr/23RtUVzYxBGZw4n8CJ0UmyTlc6bUuxlIDWgivK2nhmVaIIzGR92oFtDWPbOwIcnEgwjmpryEN1NALlchrtYHCFFXAGLnMWcPPiRH01kuKMvM0H4ligRykSQNlTiN7gjS832UH+USGZAyagnzjXzoFB5hkPEc0BbcEsWNXJJ3ACxLKtLX1OPnjov4JNDzO4g//uuKcOZPAa555ZLSb6KZLg8nQdkIyxoE5XZFbZQq3Yq2O4ppnZj+qsdYpqCJcOsvpII/Y/3RECbDKdEuTFhyE8EDnpkldlY5w==&content-type=application/json&user-agent=PostmanRuntime/7.26.8&accept=*/*&postman-token=3fe49a7b-a3e3-4cd6-bb0f-0ab50665900d&host=localhost:8415&accept-encoding=gzip, deflate, br&connection=keep-alive&content-length=187&cookie=JSESSIONID=32D762BFF7856C2077DFB41D6E1AD9B8
14-12-2020 11:43:46.573 INFO  c.e.g.controller.BaseController.processRequest.80 - Get Rabbit type for PUT /user-system/edit-profile ==> Rabbit: rpc
14-12-2020 11:43:46.774 INFO  c.e.g.controller.BaseController.processRequest.90 - Elapsed [202 (ms)] for requestUri: [/v1.0/user-system/edit-profile], requestSession: [32D762BFF7856C2077DFB41D6E1AD9B8]
14-12-2020 11:46:37.831 INFO  c.e.g.controller.BaseController.processRequest.68 - [PUT] to requestPath: /v1.0/user-system/edit-profile - urlParam:  - pathParm: null - headerParam: device-token=iPLZxCJ0Aa079ZU9qXoFK199+tgJSEG2/vNnq6xD9nMoaMHf73fr/23RtUVzYxBGZw4n8CJ0UmyTlc6bUuxlIDWgivK2nhmVaIIzGR92oFtDWPbOwIcnEgwjmpryEN1NALlchrtYHCFFXAGLnMWcPPiRH01kuKMvM0H4ligRykSQNlTiN7gjS832UH+USGZAyagnzjXzoFB5hkPEc0BbcEsWNXJJ3ACxLKtLX1OPnjov4JNDzO4g//uuKcOZPAa555ZLSb6KZLg8nQdkIyxoE5XZFbZQq3Yq2O4ppnZj+qsdYpqCJcOsvpII/Y/3RECbDKdEuTFhyE8EDnpkldlY5w==&content-type=application/json&user-agent=PostmanRuntime/7.26.8&accept=*/*&postman-token=64fd3eb2-a789-4068-b483-d4ee0afaf4aa&host=localhost:8415&accept-encoding=gzip, deflate, br&connection=keep-alive&content-length=187&cookie=JSESSIONID=32D762BFF7856C2077DFB41D6E1AD9B8
14-12-2020 11:46:37.832 INFO  c.e.g.controller.BaseController.processRequest.80 - Get Rabbit type for PUT /user-system/edit-profile ==> Rabbit: rpc
14-12-2020 11:46:38.435 INFO  c.e.g.controller.BaseController.processRequest.90 - Elapsed [604 (ms)] for requestUri: [/v1.0/user-system/edit-profile], requestSession: [32D762BFF7856C2077DFB41D6E1AD9B8]
14-12-2020 11:46:54.750 INFO  c.e.g.controller.BaseController.processRequest.68 - [PUT] to requestPath: /v1.0/user-system/edit-profile - urlParam:  - pathParm: null - headerParam: device-token=iPLZxCJ0Aa079ZU9qXoFK199+tgJSEG2/vNnq6xD9nMoaMHf73fr/23RtUVzYxBGZw4n8CJ0UmyTlc6bUuxlIDWgivK2nhmVaIIzGR92oFtDWPbOwIcnEgwjmpryEN1NALlchrtYHCFFXAGLnMWcPPiRH01kuKMvM0H4ligRykSQNlTiN7gjS832UH+USGZAyagnzjXzoFB5hkPEc0BbcEsWNXJJ3ACxLKtLX1OPnjov4JNDzO4g//uuKcOZPAa555ZLSb6KZLg8nQdkIyxoE5XZFbZQq3Yq2O4ppnZj+qsdYpqCJcOsvpII/Y/3RECbDKdEuTFhyE8EDnpkldlY5w==&content-type=application/json&user-agent=PostmanRuntime/7.26.8&accept=*/*&postman-token=651a5e6e-ed8d-44e0-a08c-f00550345187&host=localhost:8415&accept-encoding=gzip, deflate, br&connection=keep-alive&content-length=187&cookie=JSESSIONID=32D762BFF7856C2077DFB41D6E1AD9B8
14-12-2020 11:46:54.753 INFO  c.e.g.controller.BaseController.processRequest.80 - Get Rabbit type for PUT /user-system/edit-profile ==> Rabbit: rpc
14-12-2020 11:46:54.866 INFO  c.e.g.controller.BaseController.processRequest.90 - Elapsed [116 (ms)] for requestUri: [/v1.0/user-system/edit-profile], requestSession: [32D762BFF7856C2077DFB41D6E1AD9B8]
14-12-2020 13:23:05.846 INFO  c.e.g.controller.BaseController.processRequest.68 - [DELETE] to requestPath: /v1.0/user-system/delete-profile - urlParam:  - pathParm: null - headerParam: device-token=iPLZxCJ0Aa079ZU9qXoFK199+tgJSEG2/vNnq6xD9nMoaMHf73fr/23RtUVzYxBGZw4n8CJ0UmyTlc6bUuxlIDWgivK2nhmVaIIzGR92oFtDWPbOwIcnEgwjmpryEN1NALlchrtYHCFFXAGLnMWcPPiRH01kuKMvM0H4ligRykSQNlTiN7gjS832UH+USGZAyagnzjXzoFB5hkPEc0BbcEsWNXJJ3ACxLKtLX1OPnjov4JNDzO4g//uuKcOZPAa555ZLSb6KZLg8nQdkIyxoE5XZFbZQq3Yq2O4ppnZj+qsdYpqCJcOsvpII/Y/3RECbDKdEuTFhyE8EDnpkldlY5w==&content-type=application/json&user-agent=PostmanRuntime/7.26.8&accept=*/*&postman-token=8eae29e8-2af4-4174-b6e8-9a67475808b9&host=localhost:8415&accept-encoding=gzip, deflate, br&connection=keep-alive&content-length=55&cookie=JSESSIONID=32D762BFF7856C2077DFB41D6E1AD9B8
14-12-2020 13:23:05.847 INFO  c.e.g.controller.BaseController.processRequest.80 - Get Rabbit type for DELETE /user-system/delete-profile ==> Rabbit: rpc
14-12-2020 13:23:15.886 INFO  c.e.g.controller.BaseController.processRequest.90 - Elapsed [10039 (ms)] for requestUri: [/v1.0/user-system/delete-profile], requestSession: [AC39FED4E9AFAAA3EF4F93E21F49EB53]
14-12-2020 13:23:38.630 INFO  c.e.g.controller.BaseController.processRequest.68 - [DELETE] to requestPath: /v1.0/user-system/delete-profile - urlParam:  - pathParm: null - headerParam: device-token=iPLZxCJ0Aa079ZU9qXoFK199+tgJSEG2/vNnq6xD9nMoaMHf73fr/23RtUVzYxBGZw4n8CJ0UmyTlc6bUuxlIDWgivK2nhmVaIIzGR92oFtDWPbOwIcnEgwjmpryEN1NALlchrtYHCFFXAGLnMWcPPiRH01kuKMvM0H4ligRykSQNlTiN7gjS832UH+USGZAyagnzjXzoFB5hkPEc0BbcEsWNXJJ3ACxLKtLX1OPnjov4JNDzO4g//uuKcOZPAa555ZLSb6KZLg8nQdkIyxoE5XZFbZQq3Yq2O4ppnZj+qsdYpqCJcOsvpII/Y/3RECbDKdEuTFhyE8EDnpkldlY5w==&content-type=application/json&user-agent=PostmanRuntime/7.26.8&accept=*/*&postman-token=f75505a6-0ca1-4e71-b7ad-16cf90df9ff4&host=localhost:8415&accept-encoding=gzip, deflate, br&connection=keep-alive&content-length=55&cookie=JSESSIONID=AC39FED4E9AFAAA3EF4F93E21F49EB53
14-12-2020 13:23:38.631 INFO  c.e.g.controller.BaseController.processRequest.80 - Get Rabbit type for DELETE /user-system/delete-profile ==> Rabbit: rpc
14-12-2020 13:23:48.659 INFO  c.e.g.controller.BaseController.processRequest.90 - Elapsed [10029 (ms)] for requestUri: [/v1.0/user-system/delete-profile], requestSession: [AC39FED4E9AFAAA3EF4F93E21F49EB53]
14-12-2020 13:25:44.195 INFO  c.e.g.controller.BaseController.processRequest.68 - [DELETE] to requestPath: /v1.0/user-system/delete-profile - urlParam:  - pathParm: null - headerParam: device-token=iPLZxCJ0Aa079ZU9qXoFK199+tgJSEG2/vNnq6xD9nMoaMHf73fr/23RtUVzYxBGZw4n8CJ0UmyTlc6bUuxlIDWgivK2nhmVaIIzGR92oFtDWPbOwIcnEgwjmpryEN1NALlchrtYHCFFXAGLnMWcPPiRH01kuKMvM0H4ligRykSQNlTiN7gjS832UH+USGZAyagnzjXzoFB5hkPEc0BbcEsWNXJJ3ACxLKtLX1OPnjov4JNDzO4g//uuKcOZPAa555ZLSb6KZLg8nQdkIyxoE5XZFbZQq3Yq2O4ppnZj+qsdYpqCJcOsvpII/Y/3RECbDKdEuTFhyE8EDnpkldlY5w==&content-type=application/json&user-agent=PostmanRuntime/7.26.8&accept=*/*&postman-token=92e13048-86eb-4bb4-80c9-651a3cfce8b2&host=localhost:8415&accept-encoding=gzip, deflate, br&connection=keep-alive&content-length=55&cookie=JSESSIONID=AC39FED4E9AFAAA3EF4F93E21F49EB53
14-12-2020 13:25:44.197 INFO  c.e.g.controller.BaseController.processRequest.80 - Get Rabbit type for DELETE /user-system/delete-profile ==> Rabbit: rpc
14-12-2020 13:25:54.242 INFO  c.e.g.controller.BaseController.processRequest.90 - Elapsed [10047 (ms)] for requestUri: [/v1.0/user-system/delete-profile], requestSession: [AC39FED4E9AFAAA3EF4F93E21F49EB53]
14-12-2020 13:26:07.715 INFO  c.e.g.controller.BaseController.processRequest.68 - [DELETE] to requestPath: /v1.0/user-system/delete-profile - urlParam:  - pathParm: null - headerParam: device-token=iPLZxCJ0Aa079ZU9qXoFK199+tgJSEG2/vNnq6xD9nMoaMHf73fr/23RtUVzYxBGZw4n8CJ0UmyTlc6bUuxlIDWgivK2nhmVaIIzGR92oFtDWPbOwIcnEgwjmpryEN1NALlchrtYHCFFXAGLnMWcPPiRH01kuKMvM0H4ligRykSQNlTiN7gjS832UH+USGZAyagnzjXzoFB5hkPEc0BbcEsWNXJJ3ACxLKtLX1OPnjov4JNDzO4g//uuKcOZPAa555ZLSb6KZLg8nQdkIyxoE5XZFbZQq3Yq2O4ppnZj+qsdYpqCJcOsvpII/Y/3RECbDKdEuTFhyE8EDnpkldlY5w==&content-type=application/json&user-agent=PostmanRuntime/7.26.8&accept=*/*&postman-token=85676c02-113f-4166-bc8c-c8c94bf131b8&host=localhost:8415&accept-encoding=gzip, deflate, br&connection=keep-alive&content-length=55&cookie=JSESSIONID=AC39FED4E9AFAAA3EF4F93E21F49EB53
14-12-2020 13:26:07.716 INFO  c.e.g.controller.BaseController.processRequest.80 - Get Rabbit type for DELETE /user-system/delete-profile ==> Rabbit: rpc
14-12-2020 13:26:17.757 INFO  c.e.g.controller.BaseController.processRequest.90 - Elapsed [10042 (ms)] for requestUri: [/v1.0/user-system/delete-profile], requestSession: [AC39FED4E9AFAAA3EF4F93E21F49EB53]
14-12-2020 13:30:15.051 INFO  c.e.g.controller.BaseController.processRequest.68 - [DELETE] to requestPath: /v1.0/user-system/delete-profile - urlParam:  - pathParm: null - headerParam: device-token=iPLZxCJ0Aa079ZU9qXoFK199+tgJSEG2/vNnq6xD9nMoaMHf73fr/23RtUVzYxBGZw4n8CJ0UmyTlc6bUuxlIDWgivK2nhmVaIIzGR92oFtDWPbOwIcnEgwjmpryEN1NALlchrtYHCFFXAGLnMWcPPiRH01kuKMvM0H4ligRykSQNlTiN7gjS832UH+USGZAyagnzjXzoFB5hkPEc0BbcEsWNXJJ3ACxLKtLX1OPnjov4JNDzO4g//uuKcOZPAa555ZLSb6KZLg8nQdkIyxoE5XZFbZQq3Yq2O4ppnZj+qsdYpqCJcOsvpII/Y/3RECbDKdEuTFhyE8EDnpkldlY5w==&content-type=application/json&user-agent=PostmanRuntime/7.26.8&accept=*/*&postman-token=a4903339-b3c7-452f-98ba-43361627e6b7&host=localhost:8415&accept-encoding=gzip, deflate, br&connection=keep-alive&content-length=55&cookie=JSESSIONID=AC39FED4E9AFAAA3EF4F93E21F49EB53
14-12-2020 13:30:15.052 INFO  c.e.g.controller.BaseController.processRequest.80 - Get Rabbit type for DELETE /user-system/delete-profile ==> Rabbit: rpc
14-12-2020 13:30:15.211 INFO  c.e.g.controller.BaseController.processRequest.90 - Elapsed [160 (ms)] for requestUri: [/v1.0/user-system/delete-profile], requestSession: [AC39FED4E9AFAAA3EF4F93E21F49EB53]
14-12-2020 13:39:07.078 INFO  com.elcom.gateway.MainApplication.logStarting.55 - Starting MainApplication on DESKTOP-2U9UF8V with PID 9856 (E:\1.ELCOM\0.Vitalsign\1.televital-platform\VitalsignApiGateway\target\classes started by Admin in E:\1.ELCOM\0.Vitalsign\1.televital-platform\VitalsignApiGateway)
14-12-2020 13:39:07.081 INFO  com.elcom.gateway.MainApplication.logStartupProfileInfo.651 - No active profile set, falling back to default profiles: default
14-12-2020 13:39:10.314 INFO  com.elcom.gateway.MainApplication.logStarted.61 - Started MainApplication in 3.752 seconds (JVM running for 4.124)
14-12-2020 13:41:53.612 INFO  c.e.g.controller.BaseController.processRequest.68 - [DELETE] to requestPath: /v1.0/user-system/delete-profile - urlParam:  - pathParm: null - headerParam: device-token=iPLZxCJ0Aa079ZU9qXoFK199+tgJSEG2/vNnq6xD9nMoaMHf73fr/23RtUVzYxBGZw4n8CJ0UmyTlc6bUuxlIDWgivK2nhmVaIIzGR92oFtDWPbOwIcnEgwjmpryEN1NALlchrtYHCFFXAGLnMWcPPiRH01kuKMvM0H4ligRykSQNlTiN7gjS832UH+USGZAyagnzjXzoFB5hkPEc0BbcEsWNXJJ3ACxLKtLX1OPnjov4JNDzO4g//uuKcOZPAa555ZLSb6KZLg8nQdkIyxoE5XZFbZQq3Yq2O4ppnZj+qsdYpqCJcOsvpII/Y/3RECbDKdEuTFhyE8EDnpkldlY5w==&content-type=application/json&user-agent=PostmanRuntime/7.26.8&accept=*/*&postman-token=2710b5a8-4f0a-429c-988e-c0578ec94dd4&host=localhost:8415&accept-encoding=gzip, deflate, br&connection=keep-alive&content-length=55&cookie=JSESSIONID=AC39FED4E9AFAAA3EF4F93E21F49EB53
14-12-2020 13:41:53.617 INFO  c.e.g.controller.BaseController.processRequest.80 - Get Rabbit type for DELETE /user-system/delete-profile ==> Rabbit: rpc
14-12-2020 13:41:54.916 INFO  c.e.g.controller.BaseController.processRequest.90 - Elapsed [1295 (ms)] for requestUri: [/v1.0/user-system/delete-profile], requestSession: [AA619E963C66B4882A84287CF84B9921]
14-12-2020 16:24:03.718 INFO  com.elcom.gateway.MainApplication.logStarting.55 - Starting MainApplication on DESKTOP-2U9UF8V with PID 8124 (E:\1.ELCOM\0.Vitalsign\1.televital-platform\VitalsignApiGateway\target\classes started by Admin in E:\1.ELCOM\0.Vitalsign\1.televital-platform\VitalsignApiGateway)
14-12-2020 16:24:03.722 INFO  com.elcom.gateway.MainApplication.logStartupProfileInfo.651 - No active profile set, falling back to default profiles: default
14-12-2020 16:24:06.673 INFO  com.elcom.gateway.MainApplication.logStarted.61 - Started MainApplication in 3.494 seconds (JVM running for 3.921)
14-12-2020 16:27:10.748 INFO  com.elcom.gateway.MainApplication.logStarting.55 - Starting MainApplication on DESKTOP-2U9UF8V with PID 6520 (E:\1.ELCOM\0.Vitalsign\1.televital-platform\VitalsignApiGateway\target\classes started by Admin in E:\1.ELCOM\0.Vitalsign\1.televital-platform\VitalsignApiGateway)
14-12-2020 16:27:10.752 INFO  com.elcom.gateway.MainApplication.logStartupProfileInfo.651 - No active profile set, falling back to default profiles: default
14-12-2020 16:27:13.661 INFO  com.elcom.gateway.MainApplication.logStarted.61 - Started MainApplication in 3.436 seconds (JVM running for 3.821)
14-12-2020 16:30:29.121 INFO  c.e.g.controller.BaseController.processRequest.68 - [POST] to requestPath: /v1.0/user-system/create-doctor - urlParam:  - pathParm: null - headerParam: device-token=iPLZxCJ0Aa079ZU9qXoFK199+tgJSEG2/vNnq6xD9nMoaMHf73fr/23RtUVzYxBGZw4n8CJ0UmyTlc6bUuxlIDWgivK2nhmVaIIzGR92oFtDWPbOwIcnEgwjmpryEN1NALlchrtYHCFFXAGLnMWcPPiRH01kuKMvM0H4ligRykSQNlTiN7gjS832UH+USGZAyagnzjXzoFB5hkPEc0BbcEsWNXJJ3ACxLKtLX1OPnjov4JNDzO4g//uuKcOZPAa555ZLSb6KZLg8nQdkIyxoE5XZFbZQq3Yq2O4ppnZj+qsdYpqCJcOsvpII/Y/3RECbDKdEuTFhyE8EDnpkldlY5w==&content-type=application/json&user-agent=PostmanRuntime/7.26.8&accept=*/*&postman-token=4d3bf7a4-20c7-40c9-977e-36263c639706&host=localhost:8415&accept-encoding=gzip, deflate, br&connection=keep-alive&content-length=204&cookie=JSESSIONID=AA619E963C66B4882A84287CF84B9921
14-12-2020 16:30:29.126 INFO  c.e.g.controller.BaseController.processRequest.80 - Get Rabbit type for POST /user-system/create-doctor ==> Rabbit: rpc
14-12-2020 16:30:39.381 INFO  c.e.g.controller.BaseController.processRequest.90 - Elapsed [10248 (ms)] for requestUri: [/v1.0/user-system/create-doctor], requestSession: [70C64586666DB7981B8D6CF02DA59F4A]
14-12-2020 16:32:21.833 INFO  c.e.g.controller.BaseController.processRequest.68 - [POST] to requestPath: /v1.0/user-system/create-doctor - urlParam:  - pathParm: null - headerParam: device-token=iPLZxCJ0Aa079ZU9qXoFK199+tgJSEG2/vNnq6xD9nMoaMHf73fr/23RtUVzYxBGZw4n8CJ0UmyTlc6bUuxlIDWgivK2nhmVaIIzGR92oFtDWPbOwIcnEgwjmpryEN1NALlchrtYHCFFXAGLnMWcPPiRH01kuKMvM0H4ligRykSQNlTiN7gjS832UH+USGZAyagnzjXzoFB5hkPEc0BbcEsWNXJJ3ACxLKtLX1OPnjov4JNDzO4g//uuKcOZPAa555ZLSb6KZLg8nQdkIyxoE5XZFbZQq3Yq2O4ppnZj+qsdYpqCJcOsvpII/Y/3RECbDKdEuTFhyE8EDnpkldlY5w==&content-type=application/json&user-agent=PostmanRuntime/7.26.8&accept=*/*&postman-token=aebd57cb-da35-452e-a7ec-a4e2d1aa331d&host=localhost:8415&accept-encoding=gzip, deflate, br&connection=keep-alive&content-length=204&cookie=JSESSIONID=70C64586666DB7981B8D6CF02DA59F4A
14-12-2020 16:32:21.843 INFO  c.e.g.controller.BaseController.processRequest.80 - Get Rabbit type for POST /user-system/create-doctor ==> Rabbit: rpc
14-12-2020 16:32:31.893 INFO  c.e.g.controller.BaseController.processRequest.90 - Elapsed [10060 (ms)] for requestUri: [/v1.0/user-system/create-doctor], requestSession: [70C64586666DB7981B8D6CF02DA59F4A]
14-12-2020 16:56:07.924 INFO  com.elcom.gateway.MainApplication.logStarting.55 - Starting MainApplication on DESKTOP-2U9UF8V with PID 10364 (E:\1.ELCOM\0.Vitalsign\1.televital-platform\VitalsignApiGateway\target\classes started by Admin in E:\1.ELCOM\0.Vitalsign\1.televital-platform\VitalsignApiGateway)
14-12-2020 16:56:07.928 INFO  com.elcom.gateway.MainApplication.logStartupProfileInfo.651 - No active profile set, falling back to default profiles: default
14-12-2020 16:56:11.162 INFO  com.elcom.gateway.MainApplication.logStarted.61 - Started MainApplication in 3.739 seconds (JVM running for 4.112)
14-12-2020 16:58:43.936 INFO  c.e.g.controller.BaseController.processRequest.68 - [POST] to requestPath: /v1.0/user-system/create-doctor - urlParam:  - pathParm: null - headerParam: device-token=iPLZxCJ0Aa079ZU9qXoFK199+tgJSEG2/vNnq6xD9nMoaMHf73fr/23RtUVzYxBGZw4n8CJ0UmyTlc6bUuxlIDWgivK2nhmVaIIzGR92oFtDWPbOwIcnEgwjmpryEN1NALlchrtYHCFFXAGLnMWcPPiRH01kuKMvM0H4ligRykSQNlTiN7gjS832UH+USGZAyagnzjXzoFB5hkPEc0BbcEsWNXJJ3ACxLKtLX1OPnjov4JNDzO4g//uuKcOZPAa555ZLSb6KZLg8nQdkIyxoE5XZFbZQq3Yq2O4ppnZj+qsdYpqCJcOsvpII/Y/3RECbDKdEuTFhyE8EDnpkldlY5w==&content-type=application/json&user-agent=PostmanRuntime/7.26.8&accept=*/*&postman-token=aae5ec29-c432-4013-bc48-74687bcc2936&host=localhost:8415&accept-encoding=gzip, deflate, br&connection=keep-alive&content-length=204&cookie=JSESSIONID=70C64586666DB7981B8D6CF02DA59F4A
14-12-2020 16:58:43.975 INFO  c.e.g.controller.BaseController.processRequest.80 - Get Rabbit type for POST /user-system/create-doctor ==> Rabbit: rpc
14-12-2020 16:58:44.227 INFO  c.e.g.controller.BaseController.processRequest.90 - Elapsed [268 (ms)] for requestUri: [/v1.0/user-system/create-doctor], requestSession: [8D451D2A35A5EC5F81B627A4606FD309]
14-12-2020 16:59:49.442 INFO  c.e.g.controller.BaseController.processRequest.68 - [POST] to requestPath: /v1.0/user-system/create-doctor - urlParam:  - pathParm: null - headerParam: device-token=iPLZxCJ0Aa079ZU9qXoFK199+tgJSEG2/vNnq6xD9nMoaMHf73fr/23RtUVzYxBGZw4n8CJ0UmyTlc6bUuxlIDWgivK2nhmVaIIzGR92oFtDWPbOwIcnEgwjmpryEN1NALlchrtYHCFFXAGLnMWcPPiRH01kuKMvM0H4ligRykSQNlTiN7gjS832UH+USGZAyagnzjXzoFB5hkPEc0BbcEsWNXJJ3ACxLKtLX1OPnjov4JNDzO4g//uuKcOZPAa555ZLSb6KZLg8nQdkIyxoE5XZFbZQq3Yq2O4ppnZj+qsdYpqCJcOsvpII/Y/3RECbDKdEuTFhyE8EDnpkldlY5w==&content-type=application/json&user-agent=PostmanRuntime/7.26.8&accept=*/*&postman-token=b246a2d9-166e-43ec-9e90-102d74407518&host=localhost:8415&accept-encoding=gzip, deflate, br&connection=keep-alive&content-length=204&cookie=JSESSIONID=8D451D2A35A5EC5F81B627A4606FD309
14-12-2020 16:59:49.443 INFO  c.e.g.controller.BaseController.processRequest.80 - Get Rabbit type for POST /user-system/create-doctor ==> Rabbit: rpc
14-12-2020 16:59:59.480 INFO  c.e.g.controller.BaseController.processRequest.90 - Elapsed [10038 (ms)] for requestUri: [/v1.0/user-system/create-doctor], requestSession: [8D451D2A35A5EC5F81B627A4606FD309]
14-12-2020 17:18:03.316 INFO  c.e.g.controller.BaseController.processRequest.68 - [POST] to requestPath: /v1.0/user-system/create-doctor - urlParam:  - pathParm: null - headerParam: device-token=iPLZxCJ0Aa079ZU9qXoFK199+tgJSEG2/vNnq6xD9nMoaMHf73fr/23RtUVzYxBGZw4n8CJ0UmyTlc6bUuxlIDWgivK2nhmVaIIzGR92oFtDWPbOwIcnEgwjmpryEN1NALlchrtYHCFFXAGLnMWcPPiRH01kuKMvM0H4ligRykSQNlTiN7gjS832UH+USGZAyagnzjXzoFB5hkPEc0BbcEsWNXJJ3ACxLKtLX1OPnjov4JNDzO4g//uuKcOZPAa555ZLSb6KZLg8nQdkIyxoE5XZFbZQq3Yq2O4ppnZj+qsdYpqCJcOsvpII/Y/3RECbDKdEuTFhyE8EDnpkldlY5w==&content-type=application/json&user-agent=PostmanRuntime/7.26.8&accept=*/*&postman-token=7047c5e6-248b-4888-9f5e-9ad109dc58c4&host=localhost:8415&accept-encoding=gzip, deflate, br&connection=keep-alive&content-length=204&cookie=JSESSIONID=8D451D2A35A5EC5F81B627A4606FD309
14-12-2020 17:18:03.317 INFO  c.e.g.controller.BaseController.processRequest.80 - Get Rabbit type for POST /user-system/create-doctor ==> Rabbit: rpc
14-12-2020 17:18:04.067 INFO  c.e.g.controller.BaseController.processRequest.90 - Elapsed [751 (ms)] for requestUri: [/v1.0/user-system/create-doctor], requestSession: [8D451D2A35A5EC5F81B627A4606FD309]
14-12-2020 17:20:31.188 INFO  c.e.g.controller.BaseController.processRequest.68 - [POST] to requestPath: /v1.0/user-system/create-doctor - urlParam:  - pathParm: null - headerParam: device-token=iPLZxCJ0Aa079ZU9qXoFK199+tgJSEG2/vNnq6xD9nMoaMHf73fr/23RtUVzYxBGZw4n8CJ0UmyTlc6bUuxlIDWgivK2nhmVaIIzGR92oFtDWPbOwIcnEgwjmpryEN1NALlchrtYHCFFXAGLnMWcPPiRH01kuKMvM0H4ligRykSQNlTiN7gjS832UH+USGZAyagnzjXzoFB5hkPEc0BbcEsWNXJJ3ACxLKtLX1OPnjov4JNDzO4g//uuKcOZPAa555ZLSb6KZLg8nQdkIyxoE5XZFbZQq3Yq2O4ppnZj+qsdYpqCJcOsvpII/Y/3RECbDKdEuTFhyE8EDnpkldlY5w==&content-type=application/json&user-agent=PostmanRuntime/7.26.8&accept=*/*&postman-token=04f09180-7769-46d2-b82e-1b1d4208df3b&host=localhost:8415&accept-encoding=gzip, deflate, br&connection=keep-alive&content-length=204&cookie=JSESSIONID=8D451D2A35A5EC5F81B627A4606FD309
14-12-2020 17:20:31.189 INFO  c.e.g.controller.BaseController.processRequest.80 - Get Rabbit type for POST /user-system/create-doctor ==> Rabbit: rpc
14-12-2020 17:20:31.635 INFO  c.e.g.controller.BaseController.processRequest.90 - Elapsed [448 (ms)] for requestUri: [/v1.0/user-system/create-doctor], requestSession: [8D451D2A35A5EC5F81B627A4606FD309]
14-12-2020 17:20:59.606 INFO  c.e.g.controller.BaseController.processRequest.68 - [POST] to requestPath: /v1.0/user-system/create-doctor - urlParam:  - pathParm: null - headerParam: device-token=iPLZxCJ0Aa079ZU9qXoFK199+tgJSEG2/vNnq6xD9nMoaMHf73fr/23RtUVzYxBGZw4n8CJ0UmyTlc6bUuxlIDWgivK2nhmVaIIzGR92oFtDWPbOwIcnEgwjmpryEN1NALlchrtYHCFFXAGLnMWcPPiRH01kuKMvM0H4ligRykSQNlTiN7gjS832UH+USGZAyagnzjXzoFB5hkPEc0BbcEsWNXJJ3ACxLKtLX1OPnjov4JNDzO4g//uuKcOZPAa555ZLSb6KZLg8nQdkIyxoE5XZFbZQq3Yq2O4ppnZj+qsdYpqCJcOsvpII/Y/3RECbDKdEuTFhyE8EDnpkldlY5w==&content-type=application/json&user-agent=PostmanRuntime/7.26.8&accept=*/*&postman-token=f649169f-e081-483f-a275-b038a1713564&host=localhost:8415&accept-encoding=gzip, deflate, br&connection=keep-alive&content-length=204&cookie=JSESSIONID=8D451D2A35A5EC5F81B627A4606FD309
14-12-2020 17:20:59.606 INFO  c.e.g.controller.BaseController.processRequest.80 - Get Rabbit type for POST /user-system/create-doctor ==> Rabbit: rpc
14-12-2020 17:21:09.631 INFO  c.e.g.controller.BaseController.processRequest.90 - Elapsed [10025 (ms)] for requestUri: [/v1.0/user-system/create-doctor], requestSession: [8D451D2A35A5EC5F81B627A4606FD309]
14-12-2020 17:23:50.201 INFO  c.e.g.controller.BaseController.processRequest.68 - [POST] to requestPath: /v1.0/user-system/create-doctor - urlParam:  - pathParm: null - headerParam: device-token=iPLZxCJ0Aa079ZU9qXoFK199+tgJSEG2/vNnq6xD9nMoaMHf73fr/23RtUVzYxBGZw4n8CJ0UmyTlc6bUuxlIDWgivK2nhmVaIIzGR92oFtDWPbOwIcnEgwjmpryEN1NALlchrtYHCFFXAGLnMWcPPiRH01kuKMvM0H4ligRykSQNlTiN7gjS832UH+USGZAyagnzjXzoFB5hkPEc0BbcEsWNXJJ3ACxLKtLX1OPnjov4JNDzO4g//uuKcOZPAa555ZLSb6KZLg8nQdkIyxoE5XZFbZQq3Yq2O4ppnZj+qsdYpqCJcOsvpII/Y/3RECbDKdEuTFhyE8EDnpkldlY5w==&content-type=application/json&user-agent=PostmanRuntime/7.26.8&accept=*/*&postman-token=f8c61434-f5d5-4189-9a72-7237f2860946&host=localhost:8415&accept-encoding=gzip, deflate, br&connection=keep-alive&content-length=204&cookie=JSESSIONID=8D451D2A35A5EC5F81B627A4606FD309
14-12-2020 17:23:50.204 INFO  c.e.g.controller.BaseController.processRequest.80 - Get Rabbit type for POST /user-system/create-doctor ==> Rabbit: rpc
14-12-2020 17:24:00.303 INFO  c.e.g.controller.BaseController.processRequest.90 - Elapsed [10102 (ms)] for requestUri: [/v1.0/user-system/create-doctor], requestSession: [8D451D2A35A5EC5F81B627A4606FD309]
14-12-2020 17:24:18.923 ERROR o.s.a.r.l.DirectReplyToMessageListenerContainer.callExecuteListener.1056 - Failed to invoke listener
org.springframework.amqp.rabbit.support.ListenerExecutionFailedException: Listener threw exception
	at org.springframework.amqp.rabbit.listener.AbstractMessageListenerContainer.wrapToListenerExecutionFailedExceptionIfNeeded(AbstractMessageListenerContainer.java:1693)
	at org.springframework.amqp.rabbit.listener.AbstractMessageListenerContainer.doInvokeListener(AbstractMessageListenerContainer.java:1583)
	at org.springframework.amqp.rabbit.listener.AbstractMessageListenerContainer.actualInvokeListener(AbstractMessageListenerContainer.java:1498)
	at org.springframework.amqp.rabbit.listener.AbstractMessageListenerContainer.invokeListener(AbstractMessageListenerContainer.java:1486)
	at org.springframework.amqp.rabbit.listener.AbstractMessageListenerContainer.doExecuteListener(AbstractMessageListenerContainer.java:1477)
	at org.springframework.amqp.rabbit.listener.AbstractMessageListenerContainer.executeListener(AbstractMessageListenerContainer.java:1421)
	at org.springframework.amqp.rabbit.listener.DirectMessageListenerContainer$SimpleConsumer.callExecuteListener(DirectMessageListenerContainer.java:1037)
	at org.springframework.amqp.rabbit.listener.DirectMessageListenerContainer$SimpleConsumer.handleDelivery(DirectMessageListenerContainer.java:997)
	at com.rabbitmq.client.impl.ConsumerDispatcher$5.run(ConsumerDispatcher.java:149)
	at com.rabbitmq.client.impl.ConsumerWorkService$WorkPoolRunnable.run(ConsumerWorkService.java:104)
	at java.util.concurrent.ThreadPoolExecutor.runWorker(ThreadPoolExecutor.java:1149)
	at java.util.concurrent.ThreadPoolExecutor$Worker.run(ThreadPoolExecutor.java:624)
	at java.lang.Thread.run(Thread.java:748)
Caused by: org.springframework.amqp.AmqpRejectAndDontRequeueException: Reply received after timeout
	at org.springframework.amqp.rabbit.core.RabbitTemplate.onMessage(RabbitTemplate.java:2561)
	at org.springframework.amqp.rabbit.listener.DirectReplyToMessageListenerContainer.lambda$setMessageListener$1(DirectReplyToMessageListenerContainer.java:100)
	at org.springframework.amqp.rabbit.listener.AbstractMessageListenerContainer.doInvokeListener(AbstractMessageListenerContainer.java:1579)
	... 11 common frames omitted
14-12-2020 17:24:34.132 INFO  c.e.g.controller.BaseController.processRequest.68 - [POST] to requestPath: /v1.0/user-system/create-doctor - urlParam:  - pathParm: null - headerParam: device-token=iPLZxCJ0Aa079ZU9qXoFK199+tgJSEG2/vNnq6xD9nMoaMHf73fr/23RtUVzYxBGZw4n8CJ0UmyTlc6bUuxlIDWgivK2nhmVaIIzGR92oFtDWPbOwIcnEgwjmpryEN1NALlchrtYHCFFXAGLnMWcPPiRH01kuKMvM0H4ligRykSQNlTiN7gjS832UH+USGZAyagnzjXzoFB5hkPEc0BbcEsWNXJJ3ACxLKtLX1OPnjov4JNDzO4g//uuKcOZPAa555ZLSb6KZLg8nQdkIyxoE5XZFbZQq3Yq2O4ppnZj+qsdYpqCJcOsvpII/Y/3RECbDKdEuTFhyE8EDnpkldlY5w==&content-type=application/json&user-agent=PostmanRuntime/7.26.8&accept=*/*&postman-token=ff1aefbd-7202-4724-a06f-a5e02d5b4af2&host=localhost:8415&accept-encoding=gzip, deflate, br&connection=keep-alive&content-length=204&cookie=JSESSIONID=8D451D2A35A5EC5F81B627A4606FD309
14-12-2020 17:24:34.133 INFO  c.e.g.controller.BaseController.processRequest.80 - Get Rabbit type for POST /user-system/create-doctor ==> Rabbit: rpc
14-12-2020 17:24:44.157 INFO  c.e.g.controller.BaseController.processRequest.90 - Elapsed [10025 (ms)] for requestUri: [/v1.0/user-system/create-doctor], requestSession: [8D451D2A35A5EC5F81B627A4606FD309]
14-12-2020 17:26:58.669 INFO  c.e.g.controller.BaseController.processRequest.68 - [POST] to requestPath: /v1.0/user-system/create-doctor - urlParam:  - pathParm: null - headerParam: device-token=iPLZxCJ0Aa079ZU9qXoFK199+tgJSEG2/vNnq6xD9nMoaMHf73fr/23RtUVzYxBGZw4n8CJ0UmyTlc6bUuxlIDWgivK2nhmVaIIzGR92oFtDWPbOwIcnEgwjmpryEN1NALlchrtYHCFFXAGLnMWcPPiRH01kuKMvM0H4ligRykSQNlTiN7gjS832UH+USGZAyagnzjXzoFB5hkPEc0BbcEsWNXJJ3ACxLKtLX1OPnjov4JNDzO4g//uuKcOZPAa555ZLSb6KZLg8nQdkIyxoE5XZFbZQq3Yq2O4ppnZj+qsdYpqCJcOsvpII/Y/3RECbDKdEuTFhyE8EDnpkldlY5w==&content-type=application/json&user-agent=PostmanRuntime/7.26.8&accept=*/*&postman-token=1cccd12b-47f9-4f6f-9782-0b04284cf188&host=localhost:8415&accept-encoding=gzip, deflate, br&connection=keep-alive&content-length=204&cookie=JSESSIONID=8D451D2A35A5EC5F81B627A4606FD309
14-12-2020 17:26:58.672 INFO  c.e.g.controller.BaseController.processRequest.80 - Get Rabbit type for POST /user-system/create-doctor ==> Rabbit: rpc
14-12-2020 17:27:08.735 INFO  c.e.g.controller.BaseController.processRequest.90 - Elapsed [10066 (ms)] for requestUri: [/v1.0/user-system/create-doctor], requestSession: [8D451D2A35A5EC5F81B627A4606FD309]
14-12-2020 17:34:40.516 INFO  c.e.g.controller.BaseController.processRequest.68 - [POST] to requestPath: /v1.0/user-system/create-doctor - urlParam:  - pathParm: null - headerParam: device-token=iPLZxCJ0Aa079ZU9qXoFK199+tgJSEG2/vNnq6xD9nMoaMHf73fr/23RtUVzYxBGZw4n8CJ0UmyTlc6bUuxlIDWgivK2nhmVaIIzGR92oFtDWPbOwIcnEgwjmpryEN1NALlchrtYHCFFXAGLnMWcPPiRH01kuKMvM0H4ligRykSQNlTiN7gjS832UH+USGZAyagnzjXzoFB5hkPEc0BbcEsWNXJJ3ACxLKtLX1OPnjov4JNDzO4g//uuKcOZPAa555ZLSb6KZLg8nQdkIyxoE5XZFbZQq3Yq2O4ppnZj+qsdYpqCJcOsvpII/Y/3RECbDKdEuTFhyE8EDnpkldlY5w==&content-type=application/json&user-agent=PostmanRuntime/7.26.8&accept=*/*&postman-token=9600ea60-fb17-4c60-9e49-c2018bc926b9&host=localhost:8415&accept-encoding=gzip, deflate, br&connection=keep-alive&content-length=204&cookie=JSESSIONID=8D451D2A35A5EC5F81B627A4606FD309
14-12-2020 17:34:40.517 INFO  c.e.g.controller.BaseController.processRequest.80 - Get Rabbit type for POST /user-system/create-doctor ==> Rabbit: rpc
14-12-2020 17:34:41.041 INFO  c.e.g.controller.BaseController.processRequest.90 - Elapsed [525 (ms)] for requestUri: [/v1.0/user-system/create-doctor], requestSession: [8D451D2A35A5EC5F81B627A4606FD309]
14-12-2020 23:03:35.062 INFO  c.e.g.controller.BaseController.processRequest.68 - [POST] to requestPath: /v1.0/user-system/create-doctor - urlParam:  - pathParm: null - headerParam: device-token=iPLZxCJ0Aa079ZU9qXoFK199+tgJSEG2/vNnq6xD9nMoaMHf73fr/23RtUVzYxBGZw4n8CJ0UmyTlc6bUuxlIDWgivK2nhmVaIIzGR92oFtDWPbOwIcnEgwjmpryEN1NALlchrtYHCFFXAGLnMWcPPiRH01kuKMvM0H4ligRykSQNlTiN7gjS832UH+USGZAyagnzjXzoFB5hkPEc0BbcEsWNXJJ3ACxLKtLX1OPnjov4JNDzO4g//uuKcOZPAa555ZLSb6KZLg8nQdkIyxoE5XZFbZQq3Yq2O4ppnZj+qsdYpqCJcOsvpII/Y/3RECbDKdEuTFhyE8EDnpkldlY5w==&content-type=application/json&user-agent=PostmanRuntime/7.26.8&accept=*/*&postman-token=43c885ca-5610-4b99-9603-64cad6485f59&host=localhost:8415&accept-encoding=gzip, deflate, br&connection=keep-alive&content-length=206&cookie=JSESSIONID=8D451D2A35A5EC5F81B627A4606FD309
14-12-2020 23:03:35.070 INFO  c.e.g.controller.BaseController.processRequest.80 - Get Rabbit type for POST /user-system/create-doctor ==> Rabbit: rpc
14-12-2020 23:03:35.759 INFO  c.e.g.controller.BaseController.processRequest.90 - Elapsed [697 (ms)] for requestUri: [/v1.0/user-system/create-doctor], requestSession: [B62ACD10736C4C4C3D5C8F3B7BDFF8AC]
14-12-2020 23:04:24.298 INFO  c.e.g.controller.BaseController.processRequest.68 - [POST] to requestPath: /v1.0/user-system/create-doctor - urlParam:  - pathParm: null - headerParam: device-token=iPLZxCJ0Aa079ZU9qXoFK199+tgJSEG2/vNnq6xD9nMoaMHf73fr/23RtUVzYxBGZw4n8CJ0UmyTlc6bUuxlIDWgivK2nhmVaIIzGR92oFtDWPbOwIcnEgwjmpryEN1NALlchrtYHCFFXAGLnMWcPPiRH01kuKMvM0H4ligRykSQNlTiN7gjS832UH+USGZAyagnzjXzoFB5hkPEc0BbcEsWNXJJ3ACxLKtLX1OPnjov4JNDzO4g//uuKcOZPAa555ZLSb6KZLg8nQdkIyxoE5XZFbZQq3Yq2O4ppnZj+qsdYpqCJcOsvpII/Y/3RECbDKdEuTFhyE8EDnpkldlY5w==&content-type=application/json&user-agent=PostmanRuntime/7.26.8&accept=*/*&postman-token=5c7435cc-175b-4f99-bcd7-eed576798631&host=localhost:8415&accept-encoding=gzip, deflate, br&connection=keep-alive&content-length=203&cookie=JSESSIONID=B62ACD10736C4C4C3D5C8F3B7BDFF8AC
14-12-2020 23:04:24.299 INFO  c.e.g.controller.BaseController.processRequest.80 - Get Rabbit type for POST /user-system/create-doctor ==> Rabbit: rpc
14-12-2020 23:04:24.628 INFO  c.e.g.controller.BaseController.processRequest.90 - Elapsed [330 (ms)] for requestUri: [/v1.0/user-system/create-doctor], requestSession: [B62ACD10736C4C4C3D5C8F3B7BDFF8AC]
