30-11-2020 10:12:32.453 INFO  com.elcom.gateway.MainApplication.logStarting.55 - Starting MainApplication on DESKTOP-2U9UF8V with PID 1724 (E:\1.ELCOM\Vitalsign\1.televital-platform\VitalsignApiGateway\target\classes started by Admin in E:\1.ELCOM\Vitalsign\1.televital-platform\VitalsignApiGateway)
30-11-2020 10:12:32.512 INFO  com.elcom.gateway.MainApplication.logStartupProfileInfo.651 - No active profile set, falling back to default profiles: default
30-11-2020 10:12:55.910 INFO  com.elcom.gateway.MainApplication.logStarted.61 - Started MainApplication in 28.541 seconds (JVM running for 31.479)
30-11-2020 10:18:47.526 INFO  c.e.g.controller.BaseController.processRequest.66 - [POST] to requestPath: /v1.0/user/login - urlParam:  - pathParm: null - bodyParam: {email=anhdv@elcom.com.vn, password=123456} - headerParam: content-type=application/json&user-agent=PostmanRuntime/7.26.8&accept=*/*&postman-token=ecac58aa-a9af-4330-8c61-4ead6bd6b5dd&host=localhost:8415&accept-encoding=gzip, deflate, br&connection=keep-alive&content-length=66
30-11-2020 10:18:47.532 INFO  c.e.g.controller.BaseController.processRequest.78 - Get Rabbit type for POST /user/login ==> Rabbit: rpc
30-11-2020 10:18:47.539 INFO  c.e.g.m.rabbitmq.RabbitMQClient.callRpcService.49 - callRpcService - exchangeName: vs_user_rpc_exchange, queueName: vs_user_rpc_queue, key : vs_user_rpc, msg: {"requestMethod":"POST","requestPath":"/v1.0/user/login","urlParam":"","bodyParam":{"email":"anhdv@elcom.com.vn","password":"123456"},"headerParam":{"content-type":"application/json","user-agent":"PostmanRuntime/7.26.8","accept":"*/*","postman-token":"ecac58aa-a9af-4330-8c61-4ead6bd6b5dd","host":"localhost:8415","accept-encoding":"gzip, deflate, br","connection":"keep-alive","content-length":"66"}}
30-11-2020 10:18:48.334 INFO  c.e.g.controller.BaseController.processRequest.88 - Elapsed [790 (ms)] for requestUri: [/v1.0/user/login], requestSession: [CC882B52B93E483A134258B8B19693BB]
30-11-2020 10:19:36.004 INFO  com.elcom.gateway.MainApplication.logStarting.55 - Starting MainApplication on DESKTOP-2U9UF8V with PID 6552 (E:\1.ELCOM\Vitalsign\1.televital-platform\VitalsignApiGateway\target\classes started by Admin in E:\1.ELCOM\Vitalsign\1.televital-platform\VitalsignApiGateway)
30-11-2020 10:19:36.014 INFO  com.elcom.gateway.MainApplication.logStartupProfileInfo.651 - No active profile set, falling back to default profiles: default
30-11-2020 10:19:41.251 INFO  com.elcom.gateway.MainApplication.logStarted.61 - Started MainApplication in 6.033 seconds (JVM running for 7.762)
30-11-2020 10:23:44.780 INFO  c.e.g.controller.BaseController.processRequest.66 - [POST] to requestPath: /v1.0/user/login - urlParam:  - pathParm: null - bodyParam: {email=anhdv@elcom.com.vn, password=123456} - headerParam: content-type=application/json&user-agent=PostmanRuntime/7.26.8&accept=*/*&postman-token=95c23aa6-4538-4178-a28a-53e5a879d33a&host=localhost:8415&accept-encoding=gzip, deflate, br&connection=keep-alive&content-length=66&cookie=JSESSIONID=CC882B52B93E483A134258B8B19693BB
30-11-2020 10:24:59.602 INFO  c.e.g.controller.BaseController.processRequest.78 - Get Rabbit type for POST /user/login ==> Rabbit: rpc
30-11-2020 10:26:14.598 INFO  c.e.g.m.rabbitmq.RabbitMQClient.callRpcService.49 - callRpcService - exchangeName: vs_user_rpc_exchange, queueName: vs_user_rpc_queue, key : vs_user_rpc, msg: {"requestMethod":"POST","requestPath":"/v1.0/user/login","urlParam":"","bodyParam":{"email":"anhdv@elcom.com.vn","password":"123456"},"headerParam":{"content-type":"application/json","user-agent":"PostmanRuntime/7.26.8","accept":"*/*","postman-token":"95c23aa6-4538-4178-a28a-53e5a879d33a","host":"localhost:8415","accept-encoding":"gzip, deflate, br","connection":"keep-alive","content-length":"66","cookie":"JSESSIONID\u003dCC882B52B93E483A134258B8B19693BB"}}
30-11-2020 10:26:28.903 INFO  c.e.g.controller.BaseController.processRequest.88 - Elapsed [395460 (ms)] for requestUri: [/v1.0/user/login], requestSession: [EF63FE46BBC9D716C6D40FBA0A451A20]
30-11-2020 10:29:31.009 INFO  c.e.g.controller.BaseController.processRequest.66 - [GET] to requestPath: /v1.0/hospital/patient-by-employee - urlParam: employeeId=47f28f75-9f8a-47fb-b858-f9d64c466f2b - pathParm: null - bodyParam: null - headerParam: user-agent=PostmanRuntime/7.26.8&accept=*/*&postman-token=4b5c30d5-2252-49b0-a4a8-400018fcfe35&host=localhost:8415&accept-encoding=gzip, deflate, br&connection=keep-alive&cookie=JSESSIONID=EF63FE46BBC9D716C6D40FBA0A451A20
30-11-2020 10:29:32.644 INFO  c.e.g.controller.BaseController.processRequest.78 - Get Rabbit type for GET /hospital/patient-by-employee ==> Rabbit: rpc
30-11-2020 10:29:33.807 INFO  c.e.g.m.rabbitmq.RabbitMQClient.callRpcService.49 - callRpcService - exchangeName: vs_hospital_rpc_exchange, queueName: vs_hospital_rpc_queue, key : vs_hospital_rpc_key, msg: {"requestMethod":"GET","requestPath":"/v1.0/hospital/patient-by-employee","urlParam":"employeeId\u003d47f28f75-9f8a-47fb-b858-f9d64c466f2b","headerParam":{"user-agent":"PostmanRuntime/7.26.8","accept":"*/*","postman-token":"4b5c30d5-2252-49b0-a4a8-400018fcfe35","host":"localhost:8415","accept-encoding":"gzip, deflate, br","connection":"keep-alive","cookie":"JSESSIONID\u003dEF63FE46BBC9D716C6D40FBA0A451A20"}}
30-11-2020 10:29:51.288 INFO  com.elcom.gateway.MainApplication.logStarting.55 - Starting MainApplication on DESKTOP-2U9UF8V with PID 12908 (E:\1.ELCOM\Vitalsign\1.televital-platform\VitalsignApiGateway\target\classes started by Admin in E:\1.ELCOM\Vitalsign\1.televital-platform\VitalsignApiGateway)
30-11-2020 10:29:51.292 INFO  com.elcom.gateway.MainApplication.logStartupProfileInfo.651 - No active profile set, falling back to default profiles: default
30-11-2020 10:29:54.295 INFO  com.elcom.gateway.MainApplication.logStarted.61 - Started MainApplication in 3.55 seconds (JVM running for 3.93)
30-11-2020 11:03:04.612 INFO  c.e.g.controller.BaseController.processRequest.66 - [GET] to requestPath: /v1.0/hospital/patient-by-employee - urlParam: employeeId=47f28f75-9f8a-47fb-b858-f9d64c466f2b - pathParm: null - bodyParam: null - headerParam: user-agent=PostmanRuntime/7.26.8&accept=*/*&postman-token=db25dd0c-04ef-4cda-b010-ce3965dbd1f5&host=localhost:8415&accept-encoding=gzip, deflate, br&connection=keep-alive&cookie=JSESSIONID=EF63FE46BBC9D716C6D40FBA0A451A20
30-11-2020 11:03:04.624 INFO  c.e.g.controller.BaseController.processRequest.78 - Get Rabbit type for GET /hospital/patient-by-employee ==> Rabbit: rpc
30-11-2020 11:03:04.639 INFO  c.e.g.m.rabbitmq.RabbitMQClient.callRpcService.49 - callRpcService - exchangeName: vs_hospital_rpc_exchange, queueName: vs_hospital_rpc_queue, key : vs_hospital_rpc_key, msg: {"requestMethod":"GET","requestPath":"/v1.0/hospital/patient-by-employee","urlParam":"employeeId\u003d47f28f75-9f8a-47fb-b858-f9d64c466f2b","headerParam":{"user-agent":"PostmanRuntime/7.26.8","accept":"*/*","postman-token":"db25dd0c-04ef-4cda-b010-ce3965dbd1f5","host":"localhost:8415","accept-encoding":"gzip, deflate, br","connection":"keep-alive","cookie":"JSESSIONID\u003dEF63FE46BBC9D716C6D40FBA0A451A20"}}
30-11-2020 11:03:14.862 INFO  c.e.g.controller.BaseController.processRequest.88 - Elapsed [10232 (ms)] for requestUri: [/v1.0/hospital/patient-by-employee], requestSession: [6B66361D801BBD2E1EFD3366BC598E85]
30-11-2020 11:03:24.929 ERROR o.s.a.r.l.DirectReplyToMessageListenerContainer.callExecuteListener.1056 - Failed to invoke listener
org.springframework.amqp.rabbit.support.ListenerExecutionFailedException: Listener threw exception
	at org.springframework.amqp.rabbit.listener.AbstractMessageListenerContainer.wrapToListenerExecutionFailedExceptionIfNeeded(AbstractMessageListenerContainer.java:1693)
	at org.springframework.amqp.rabbit.listener.AbstractMessageListenerContainer.doInvokeListener(AbstractMessageListenerContainer.java:1583)
	at org.springframework.amqp.rabbit.listener.AbstractMessageListenerContainer.actualInvokeListener(AbstractMessageListenerContainer.java:1498)
	at org.springframework.amqp.rabbit.listener.AbstractMessageListenerContainer.invokeListener(AbstractMessageListenerContainer.java:1486)
	at org.springframework.amqp.rabbit.listener.AbstractMessageListenerContainer.doExecuteListener(AbstractMessageListenerContainer.java:1477)
	at org.springframework.amqp.rabbit.listener.AbstractMessageListenerContainer.executeListener(AbstractMessageListenerContainer.java:1421)
	at org.springframework.amqp.rabbit.listener.DirectMessageListenerContainer$SimpleConsumer.callExecuteListener(DirectMessageListenerContainer.java:1037)
	at org.springframework.amqp.rabbit.listener.DirectMessageListenerContainer$SimpleConsumer.handleDelivery(DirectMessageListenerContainer.java:997)
	at com.rabbitmq.client.impl.ConsumerDispatcher$5.run(ConsumerDispatcher.java:149)
	at com.rabbitmq.client.impl.ConsumerWorkService$WorkPoolRunnable.run(ConsumerWorkService.java:104)
	at java.util.concurrent.ThreadPoolExecutor.runWorker(ThreadPoolExecutor.java:1149)
	at java.util.concurrent.ThreadPoolExecutor$Worker.run(ThreadPoolExecutor.java:624)
	at java.lang.Thread.run(Thread.java:748)
Caused by: org.springframework.amqp.AmqpRejectAndDontRequeueException: Reply received after timeout
	at org.springframework.amqp.rabbit.core.RabbitTemplate.onMessage(RabbitTemplate.java:2561)
	at org.springframework.amqp.rabbit.listener.DirectReplyToMessageListenerContainer.lambda$setMessageListener$1(DirectReplyToMessageListenerContainer.java:100)
	at org.springframework.amqp.rabbit.listener.AbstractMessageListenerContainer.doInvokeListener(AbstractMessageListenerContainer.java:1579)
	... 11 common frames omitted
30-11-2020 11:09:49.859 INFO  c.e.g.controller.BaseController.processRequest.66 - [GET] to requestPath: /v1.0/hospital/patient-by-employee - urlParam: employeeId=47f28f75-9f8a-47fb-b858-f9d64c466f2b - pathParm: null - bodyParam: null - headerParam: user-agent=PostmanRuntime/7.26.8&accept=*/*&postman-token=5131a2b2-5792-4f17-81c4-1022b935be7d&host=localhost:8415&accept-encoding=gzip, deflate, br&connection=keep-alive&cookie=JSESSIONID=6B66361D801BBD2E1EFD3366BC598E85
30-11-2020 11:09:49.860 INFO  c.e.g.controller.BaseController.processRequest.78 - Get Rabbit type for GET /hospital/patient-by-employee ==> Rabbit: rpc
30-11-2020 11:09:49.863 INFO  c.e.g.m.rabbitmq.RabbitMQClient.callRpcService.49 - callRpcService - exchangeName: vs_hospital_rpc_exchange, queueName: vs_hospital_rpc_queue, key : vs_hospital_rpc_key, msg: {"requestMethod":"GET","requestPath":"/v1.0/hospital/patient-by-employee","urlParam":"employeeId\u003d47f28f75-9f8a-47fb-b858-f9d64c466f2b","headerParam":{"user-agent":"PostmanRuntime/7.26.8","accept":"*/*","postman-token":"5131a2b2-5792-4f17-81c4-1022b935be7d","host":"localhost:8415","accept-encoding":"gzip, deflate, br","connection":"keep-alive","cookie":"JSESSIONID\u003d6B66361D801BBD2E1EFD3366BC598E85"}}
30-11-2020 11:09:59.906 INFO  c.e.g.controller.BaseController.processRequest.88 - Elapsed [10047 (ms)] for requestUri: [/v1.0/hospital/patient-by-employee], requestSession: [6B66361D801BBD2E1EFD3366BC598E85]
30-11-2020 11:10:10.512 ERROR o.s.a.r.l.DirectReplyToMessageListenerContainer.callExecuteListener.1056 - Failed to invoke listener
org.springframework.amqp.rabbit.support.ListenerExecutionFailedException: Listener threw exception
	at org.springframework.amqp.rabbit.listener.AbstractMessageListenerContainer.wrapToListenerExecutionFailedExceptionIfNeeded(AbstractMessageListenerContainer.java:1693)
	at org.springframework.amqp.rabbit.listener.AbstractMessageListenerContainer.doInvokeListener(AbstractMessageListenerContainer.java:1583)
	at org.springframework.amqp.rabbit.listener.AbstractMessageListenerContainer.actualInvokeListener(AbstractMessageListenerContainer.java:1498)
	at org.springframework.amqp.rabbit.listener.AbstractMessageListenerContainer.invokeListener(AbstractMessageListenerContainer.java:1486)
	at org.springframework.amqp.rabbit.listener.AbstractMessageListenerContainer.doExecuteListener(AbstractMessageListenerContainer.java:1477)
	at org.springframework.amqp.rabbit.listener.AbstractMessageListenerContainer.executeListener(AbstractMessageListenerContainer.java:1421)
	at org.springframework.amqp.rabbit.listener.DirectMessageListenerContainer$SimpleConsumer.callExecuteListener(DirectMessageListenerContainer.java:1037)
	at org.springframework.amqp.rabbit.listener.DirectMessageListenerContainer$SimpleConsumer.handleDelivery(DirectMessageListenerContainer.java:997)
	at com.rabbitmq.client.impl.ConsumerDispatcher$5.run(ConsumerDispatcher.java:149)
	at com.rabbitmq.client.impl.ConsumerWorkService$WorkPoolRunnable.run(ConsumerWorkService.java:104)
	at java.util.concurrent.ThreadPoolExecutor.runWorker(ThreadPoolExecutor.java:1149)
	at java.util.concurrent.ThreadPoolExecutor$Worker.run(ThreadPoolExecutor.java:624)
	at java.lang.Thread.run(Thread.java:748)
Caused by: org.springframework.amqp.AmqpRejectAndDontRequeueException: Reply received after timeout
	at org.springframework.amqp.rabbit.core.RabbitTemplate.onMessage(RabbitTemplate.java:2561)
	at org.springframework.amqp.rabbit.listener.DirectReplyToMessageListenerContainer.lambda$setMessageListener$1(DirectReplyToMessageListenerContainer.java:100)
	at org.springframework.amqp.rabbit.listener.AbstractMessageListenerContainer.doInvokeListener(AbstractMessageListenerContainer.java:1579)
	... 11 common frames omitted
30-11-2020 11:14:25.607 INFO  c.e.g.controller.BaseController.processRequest.66 - [GET] to requestPath: /v1.0/hospital/patient-by-employee - urlParam: employeeId=47f28f75-9f8a-47fb-b858-f9d64c466f2b - pathParm: null - bodyParam: null - headerParam: user-agent=PostmanRuntime/7.26.8&accept=*/*&postman-token=e2ad80be-7b8e-479a-92ab-9a494ef6f5de&host=localhost:8415&accept-encoding=gzip, deflate, br&connection=keep-alive&cookie=JSESSIONID=6B66361D801BBD2E1EFD3366BC598E85
30-11-2020 11:14:25.608 INFO  c.e.g.controller.BaseController.processRequest.78 - Get Rabbit type for GET /hospital/patient-by-employee ==> Rabbit: rpc
30-11-2020 11:14:25.609 INFO  c.e.g.m.rabbitmq.RabbitMQClient.callRpcService.49 - callRpcService - exchangeName: vs_hospital_rpc_exchange, queueName: vs_hospital_rpc_queue, key : vs_hospital_rpc_key, msg: {"requestMethod":"GET","requestPath":"/v1.0/hospital/patient-by-employee","urlParam":"employeeId\u003d47f28f75-9f8a-47fb-b858-f9d64c466f2b","headerParam":{"user-agent":"PostmanRuntime/7.26.8","accept":"*/*","postman-token":"e2ad80be-7b8e-479a-92ab-9a494ef6f5de","host":"localhost:8415","accept-encoding":"gzip, deflate, br","connection":"keep-alive","cookie":"JSESSIONID\u003d6B66361D801BBD2E1EFD3366BC598E85"}}
30-11-2020 11:14:35.646 INFO  c.e.g.controller.BaseController.processRequest.88 - Elapsed [10039 (ms)] for requestUri: [/v1.0/hospital/patient-by-employee], requestSession: [6B66361D801BBD2E1EFD3366BC598E85]
30-11-2020 11:18:19.212 INFO  c.e.g.controller.BaseController.processRequest.66 - [GET] to requestPath: /v1.0/hospital/patient-by-employee - urlParam: employeeId=47f28f75-9f8a-47fb-b858-f9d64c466f2b - pathParm: null - bodyParam: null - headerParam: user-agent=PostmanRuntime/7.26.8&accept=*/*&postman-token=c6a79362-23b1-4f68-9857-da47f232746f&host=localhost:8415&accept-encoding=gzip, deflate, br&connection=keep-alive&cookie=JSESSIONID=6B66361D801BBD2E1EFD3366BC598E85
30-11-2020 11:18:19.214 INFO  c.e.g.controller.BaseController.processRequest.78 - Get Rabbit type for GET /hospital/patient-by-employee ==> Rabbit: rpc
30-11-2020 11:18:19.215 INFO  c.e.g.m.rabbitmq.RabbitMQClient.callRpcService.49 - callRpcService - exchangeName: vs_hospital_rpc_exchange, queueName: vs_hospital_rpc_queue, key : vs_hospital_rpc_key, msg: {"requestMethod":"GET","requestPath":"/v1.0/hospital/patient-by-employee","urlParam":"employeeId\u003d47f28f75-9f8a-47fb-b858-f9d64c466f2b","headerParam":{"user-agent":"PostmanRuntime/7.26.8","accept":"*/*","postman-token":"c6a79362-23b1-4f68-9857-da47f232746f","host":"localhost:8415","accept-encoding":"gzip, deflate, br","connection":"keep-alive","cookie":"JSESSIONID\u003d6B66361D801BBD2E1EFD3366BC598E85"}}
30-11-2020 11:18:29.262 INFO  c.e.g.controller.BaseController.processRequest.88 - Elapsed [10050 (ms)] for requestUri: [/v1.0/hospital/patient-by-employee], requestSession: [6B66361D801BBD2E1EFD3366BC598E85]
30-11-2020 11:20:12.717 INFO  c.e.g.controller.BaseController.processRequest.66 - [GET] to requestPath: /v1.0/hospital/patient-by-employee - urlParam: employeeId=47f28f75-9f8a-47fb-b858-f9d64c466f2b - pathParm: null - bodyParam: null - headerParam: user-agent=PostmanRuntime/7.26.8&accept=*/*&postman-token=14a70b87-dfca-4837-a534-ea0e7119c8c5&host=localhost:8415&accept-encoding=gzip, deflate, br&connection=keep-alive&cookie=JSESSIONID=6B66361D801BBD2E1EFD3366BC598E85
30-11-2020 11:20:12.719 INFO  c.e.g.controller.BaseController.processRequest.78 - Get Rabbit type for GET /hospital/patient-by-employee ==> Rabbit: rpc
30-11-2020 11:20:12.719 INFO  c.e.g.m.rabbitmq.RabbitMQClient.callRpcService.49 - callRpcService - exchangeName: vs_hospital_rpc_exchange, queueName: vs_hospital_rpc_queue, key : vs_hospital_rpc_key, msg: {"requestMethod":"GET","requestPath":"/v1.0/hospital/patient-by-employee","urlParam":"employeeId\u003d47f28f75-9f8a-47fb-b858-f9d64c466f2b","headerParam":{"user-agent":"PostmanRuntime/7.26.8","accept":"*/*","postman-token":"14a70b87-dfca-4837-a534-ea0e7119c8c5","host":"localhost:8415","accept-encoding":"gzip, deflate, br","connection":"keep-alive","cookie":"JSESSIONID\u003d6B66361D801BBD2E1EFD3366BC598E85"}}
30-11-2020 11:20:22.763 INFO  c.e.g.controller.BaseController.processRequest.88 - Elapsed [10044 (ms)] for requestUri: [/v1.0/hospital/patient-by-employee], requestSession: [6B66361D801BBD2E1EFD3366BC598E85]
30-11-2020 11:20:43.600 INFO  c.e.g.controller.BaseController.processRequest.66 - [GET] to requestPath: /v1.0/hospital/patient-by-employee - urlParam: employeeId=47f28f75-9f8a-47fb-b858-f9d64c466f2b - pathParm: null - bodyParam: null - headerParam: user-agent=PostmanRuntime/7.26.8&accept=*/*&postman-token=ecc8790c-09ba-4766-a69f-7df8d7cc2449&host=localhost:8415&accept-encoding=gzip, deflate, br&connection=keep-alive&cookie=JSESSIONID=6B66361D801BBD2E1EFD3366BC598E85
30-11-2020 11:20:43.601 INFO  c.e.g.controller.BaseController.processRequest.78 - Get Rabbit type for GET /hospital/patient-by-employee ==> Rabbit: rpc
30-11-2020 11:20:43.602 INFO  c.e.g.m.rabbitmq.RabbitMQClient.callRpcService.49 - callRpcService - exchangeName: vs_hospital_rpc_exchange, queueName: vs_hospital_rpc_queue, key : vs_hospital_rpc_key, msg: {"requestMethod":"GET","requestPath":"/v1.0/hospital/patient-by-employee","urlParam":"employeeId\u003d47f28f75-9f8a-47fb-b858-f9d64c466f2b","headerParam":{"user-agent":"PostmanRuntime/7.26.8","accept":"*/*","postman-token":"ecc8790c-09ba-4766-a69f-7df8d7cc2449","host":"localhost:8415","accept-encoding":"gzip, deflate, br","connection":"keep-alive","cookie":"JSESSIONID\u003d6B66361D801BBD2E1EFD3366BC598E85"}}
30-11-2020 11:20:48.445 ERROR o.s.a.r.l.DirectReplyToMessageListenerContainer.callExecuteListener.1056 - Failed to invoke listener
org.springframework.amqp.rabbit.support.ListenerExecutionFailedException: Listener threw exception
	at org.springframework.amqp.rabbit.listener.AbstractMessageListenerContainer.wrapToListenerExecutionFailedExceptionIfNeeded(AbstractMessageListenerContainer.java:1693)
	at org.springframework.amqp.rabbit.listener.AbstractMessageListenerContainer.doInvokeListener(AbstractMessageListenerContainer.java:1583)
	at org.springframework.amqp.rabbit.listener.AbstractMessageListenerContainer.actualInvokeListener(AbstractMessageListenerContainer.java:1498)
	at org.springframework.amqp.rabbit.listener.AbstractMessageListenerContainer.invokeListener(AbstractMessageListenerContainer.java:1486)
	at org.springframework.amqp.rabbit.listener.AbstractMessageListenerContainer.doExecuteListener(AbstractMessageListenerContainer.java:1477)
	at org.springframework.amqp.rabbit.listener.AbstractMessageListenerContainer.executeListener(AbstractMessageListenerContainer.java:1421)
	at org.springframework.amqp.rabbit.listener.DirectMessageListenerContainer$SimpleConsumer.callExecuteListener(DirectMessageListenerContainer.java:1037)
	at org.springframework.amqp.rabbit.listener.DirectMessageListenerContainer$SimpleConsumer.handleDelivery(DirectMessageListenerContainer.java:997)
	at com.rabbitmq.client.impl.ConsumerDispatcher$5.run(ConsumerDispatcher.java:149)
	at com.rabbitmq.client.impl.ConsumerWorkService$WorkPoolRunnable.run(ConsumerWorkService.java:104)
	at java.util.concurrent.ThreadPoolExecutor.runWorker(ThreadPoolExecutor.java:1149)
	at java.util.concurrent.ThreadPoolExecutor$Worker.run(ThreadPoolExecutor.java:624)
	at java.lang.Thread.run(Thread.java:748)
Caused by: org.springframework.amqp.AmqpRejectAndDontRequeueException: Reply received after timeout
	at org.springframework.amqp.rabbit.core.RabbitTemplate.onMessage(RabbitTemplate.java:2561)
	at org.springframework.amqp.rabbit.listener.DirectReplyToMessageListenerContainer.lambda$setMessageListener$1(DirectReplyToMessageListenerContainer.java:100)
	at org.springframework.amqp.rabbit.listener.AbstractMessageListenerContainer.doInvokeListener(AbstractMessageListenerContainer.java:1579)
	... 11 common frames omitted
30-11-2020 11:20:53.627 INFO  c.e.g.controller.BaseController.processRequest.88 - Elapsed [10027 (ms)] for requestUri: [/v1.0/hospital/patient-by-employee], requestSession: [6B66361D801BBD2E1EFD3366BC598E85]
30-11-2020 11:21:08.504 ERROR o.s.a.r.l.DirectReplyToMessageListenerContainer.callExecuteListener.1056 - Failed to invoke listener
org.springframework.amqp.rabbit.support.ListenerExecutionFailedException: Listener threw exception
	at org.springframework.amqp.rabbit.listener.AbstractMessageListenerContainer.wrapToListenerExecutionFailedExceptionIfNeeded(AbstractMessageListenerContainer.java:1693)
	at org.springframework.amqp.rabbit.listener.AbstractMessageListenerContainer.doInvokeListener(AbstractMessageListenerContainer.java:1583)
	at org.springframework.amqp.rabbit.listener.AbstractMessageListenerContainer.actualInvokeListener(AbstractMessageListenerContainer.java:1498)
	at org.springframework.amqp.rabbit.listener.AbstractMessageListenerContainer.invokeListener(AbstractMessageListenerContainer.java:1486)
	at org.springframework.amqp.rabbit.listener.AbstractMessageListenerContainer.doExecuteListener(AbstractMessageListenerContainer.java:1477)
	at org.springframework.amqp.rabbit.listener.AbstractMessageListenerContainer.executeListener(AbstractMessageListenerContainer.java:1421)
	at org.springframework.amqp.rabbit.listener.DirectMessageListenerContainer$SimpleConsumer.callExecuteListener(DirectMessageListenerContainer.java:1037)
	at org.springframework.amqp.rabbit.listener.DirectMessageListenerContainer$SimpleConsumer.handleDelivery(DirectMessageListenerContainer.java:997)
	at com.rabbitmq.client.impl.ConsumerDispatcher$5.run(ConsumerDispatcher.java:149)
	at com.rabbitmq.client.impl.ConsumerWorkService$WorkPoolRunnable.run(ConsumerWorkService.java:104)
	at java.util.concurrent.ThreadPoolExecutor.runWorker(ThreadPoolExecutor.java:1149)
	at java.util.concurrent.ThreadPoolExecutor$Worker.run(ThreadPoolExecutor.java:624)
	at java.lang.Thread.run(Thread.java:748)
Caused by: org.springframework.amqp.AmqpRejectAndDontRequeueException: Reply received after timeout
	at org.springframework.amqp.rabbit.core.RabbitTemplate.onMessage(RabbitTemplate.java:2561)
	at org.springframework.amqp.rabbit.listener.DirectReplyToMessageListenerContainer.lambda$setMessageListener$1(DirectReplyToMessageListenerContainer.java:100)
	at org.springframework.amqp.rabbit.listener.AbstractMessageListenerContainer.doInvokeListener(AbstractMessageListenerContainer.java:1579)
	... 11 common frames omitted
30-11-2020 11:21:20.514 INFO  c.e.g.controller.BaseController.processRequest.66 - [POST] to requestPath: /v1.0/user/login - urlParam:  - pathParm: null - bodyParam: {email=anhdv@elcom.com.vn, password=123456} - headerParam: content-type=application/json&user-agent=PostmanRuntime/7.26.8&accept=*/*&postman-token=0f92a2d0-bacc-4bb3-818a-838fe7953f9c&host=localhost:8415&accept-encoding=gzip, deflate, br&connection=keep-alive&content-length=66&cookie=JSESSIONID=6B66361D801BBD2E1EFD3366BC598E85
30-11-2020 11:21:20.515 INFO  c.e.g.controller.BaseController.processRequest.78 - Get Rabbit type for POST /user/login ==> Rabbit: rpc
30-11-2020 11:21:20.515 INFO  c.e.g.m.rabbitmq.RabbitMQClient.callRpcService.49 - callRpcService - exchangeName: vs_user_rpc_exchange, queueName: vs_user_rpc_queue, key : vs_user_rpc, msg: {"requestMethod":"POST","requestPath":"/v1.0/user/login","urlParam":"","bodyParam":{"email":"anhdv@elcom.com.vn","password":"123456"},"headerParam":{"content-type":"application/json","user-agent":"PostmanRuntime/7.26.8","accept":"*/*","postman-token":"0f92a2d0-bacc-4bb3-818a-838fe7953f9c","host":"localhost:8415","accept-encoding":"gzip, deflate, br","connection":"keep-alive","content-length":"66","cookie":"JSESSIONID\u003d6B66361D801BBD2E1EFD3366BC598E85"}}
30-11-2020 11:21:20.707 INFO  c.e.g.controller.BaseController.processRequest.88 - Elapsed [193 (ms)] for requestUri: [/v1.0/user/login], requestSession: [6B66361D801BBD2E1EFD3366BC598E85]
30-11-2020 11:21:31.379 INFO  c.e.g.controller.BaseController.processRequest.66 - [GET] to requestPath: /v1.0/hospital/patient-by-employee - urlParam: employeeId=47f28f75-9f8a-47fb-b858-f9d64c466f2b - pathParm: null - bodyParam: null - headerParam: authorization=Bearer eyJhbGciOiJIUzUxMiJ9.eyJzdWIiOiI1MGQ3ZmYxNC1kMDZiLTQ5YzMtODc5MS00M2Q0NGI1Y2E1OWQiLCJpYXQiOjE2MDY3MTAwODAsImV4cCI6MTYwNzMxNDg4MH0.wB-TrnizlI2idnfw8mcAKjeWMYyojbYyVvI-cTaEKNwmtsgtIRIJODaboMdghSgvemdxh2xtPtx7Wiyk_SNf4w&user-agent=PostmanRuntime/7.26.8&accept=*/*&postman-token=43ecc09f-05e2-409c-97c4-7ca2d533fa6c&host=localhost:8415&accept-encoding=gzip, deflate, br&connection=keep-alive&cookie=JSESSIONID=6B66361D801BBD2E1EFD3366BC598E85
30-11-2020 11:21:31.380 INFO  c.e.g.controller.BaseController.processRequest.78 - Get Rabbit type for GET /hospital/patient-by-employee ==> Rabbit: rpc
30-11-2020 11:21:31.381 INFO  c.e.g.m.rabbitmq.RabbitMQClient.callRpcService.49 - callRpcService - exchangeName: vs_hospital_rpc_exchange, queueName: vs_hospital_rpc_queue, key : vs_hospital_rpc_key, msg: {"requestMethod":"GET","requestPath":"/v1.0/hospital/patient-by-employee","urlParam":"employeeId\u003d47f28f75-9f8a-47fb-b858-f9d64c466f2b","headerParam":{"authorization":"Bearer eyJhbGciOiJIUzUxMiJ9.eyJzdWIiOiI1MGQ3ZmYxNC1kMDZiLTQ5YzMtODc5MS00M2Q0NGI1Y2E1OWQiLCJpYXQiOjE2MDY3MTAwODAsImV4cCI6MTYwNzMxNDg4MH0.wB-TrnizlI2idnfw8mcAKjeWMYyojbYyVvI-cTaEKNwmtsgtIRIJODaboMdghSgvemdxh2xtPtx7Wiyk_SNf4w","user-agent":"PostmanRuntime/7.26.8","accept":"*/*","postman-token":"43ecc09f-05e2-409c-97c4-7ca2d533fa6c","host":"localhost:8415","accept-encoding":"gzip, deflate, br","connection":"keep-alive","cookie":"JSESSIONID\u003d6B66361D801BBD2E1EFD3366BC598E85"}}
30-11-2020 11:21:41.395 INFO  c.e.g.controller.BaseController.processRequest.88 - Elapsed [10016 (ms)] for requestUri: [/v1.0/hospital/patient-by-employee], requestSession: [6B66361D801BBD2E1EFD3366BC598E85]
30-11-2020 11:21:51.443 ERROR o.s.a.r.l.DirectReplyToMessageListenerContainer.callExecuteListener.1056 - Failed to invoke listener
org.springframework.amqp.rabbit.support.ListenerExecutionFailedException: Listener threw exception
	at org.springframework.amqp.rabbit.listener.AbstractMessageListenerContainer.wrapToListenerExecutionFailedExceptionIfNeeded(AbstractMessageListenerContainer.java:1693)
	at org.springframework.amqp.rabbit.listener.AbstractMessageListenerContainer.doInvokeListener(AbstractMessageListenerContainer.java:1583)
	at org.springframework.amqp.rabbit.listener.AbstractMessageListenerContainer.actualInvokeListener(AbstractMessageListenerContainer.java:1498)
	at org.springframework.amqp.rabbit.listener.AbstractMessageListenerContainer.invokeListener(AbstractMessageListenerContainer.java:1486)
	at org.springframework.amqp.rabbit.listener.AbstractMessageListenerContainer.doExecuteListener(AbstractMessageListenerContainer.java:1477)
	at org.springframework.amqp.rabbit.listener.AbstractMessageListenerContainer.executeListener(AbstractMessageListenerContainer.java:1421)
	at org.springframework.amqp.rabbit.listener.DirectMessageListenerContainer$SimpleConsumer.callExecuteListener(DirectMessageListenerContainer.java:1037)
	at org.springframework.amqp.rabbit.listener.DirectMessageListenerContainer$SimpleConsumer.handleDelivery(DirectMessageListenerContainer.java:997)
	at com.rabbitmq.client.impl.ConsumerDispatcher$5.run(ConsumerDispatcher.java:149)
	at com.rabbitmq.client.impl.ConsumerWorkService$WorkPoolRunnable.run(ConsumerWorkService.java:104)
	at java.util.concurrent.ThreadPoolExecutor.runWorker(ThreadPoolExecutor.java:1149)
	at java.util.concurrent.ThreadPoolExecutor$Worker.run(ThreadPoolExecutor.java:624)
	at java.lang.Thread.run(Thread.java:748)
Caused by: org.springframework.amqp.AmqpRejectAndDontRequeueException: Reply received after timeout
	at org.springframework.amqp.rabbit.core.RabbitTemplate.onMessage(RabbitTemplate.java:2561)
	at org.springframework.amqp.rabbit.listener.DirectReplyToMessageListenerContainer.lambda$setMessageListener$1(DirectReplyToMessageListenerContainer.java:100)
	at org.springframework.amqp.rabbit.listener.AbstractMessageListenerContainer.doInvokeListener(AbstractMessageListenerContainer.java:1579)
	... 11 common frames omitted
30-11-2020 11:21:53.446 INFO  c.e.g.controller.BaseController.processRequest.66 - [GET] to requestPath: /v1.0/hospital/patient-by-employee - urlParam: employeeId=47f28f75-9f8a-47fb-b858-f9d64c466f2b - pathParm: null - bodyParam: null - headerParam: authorization=Bearer eyJhbGciOiJIUzUxMiJ9.eyJzdWIiOiI1MGQ3ZmYxNC1kMDZiLTQ5YzMtODc5MS00M2Q0NGI1Y2E1OWQiLCJpYXQiOjE2MDY3MTAwODAsImV4cCI6MTYwNzMxNDg4MH0.wB-TrnizlI2idnfw8mcAKjeWMYyojbYyVvI-cTaEKNwmtsgtIRIJODaboMdghSgvemdxh2xtPtx7Wiyk_SNf4w&user-agent=PostmanRuntime/7.26.8&accept=*/*&postman-token=888b355f-39c5-41ff-baab-cbdfe919f044&host=localhost:8415&accept-encoding=gzip, deflate, br&connection=keep-alive&cookie=JSESSIONID=6B66361D801BBD2E1EFD3366BC598E85
30-11-2020 11:21:53.447 INFO  c.e.g.controller.BaseController.processRequest.78 - Get Rabbit type for GET /hospital/patient-by-employee ==> Rabbit: rpc
30-11-2020 11:21:53.448 INFO  c.e.g.m.rabbitmq.RabbitMQClient.callRpcService.49 - callRpcService - exchangeName: vs_hospital_rpc_exchange, queueName: vs_hospital_rpc_queue, key : vs_hospital_rpc_key, msg: {"requestMethod":"GET","requestPath":"/v1.0/hospital/patient-by-employee","urlParam":"employeeId\u003d47f28f75-9f8a-47fb-b858-f9d64c466f2b","headerParam":{"authorization":"Bearer eyJhbGciOiJIUzUxMiJ9.eyJzdWIiOiI1MGQ3ZmYxNC1kMDZiLTQ5YzMtODc5MS00M2Q0NGI1Y2E1OWQiLCJpYXQiOjE2MDY3MTAwODAsImV4cCI6MTYwNzMxNDg4MH0.wB-TrnizlI2idnfw8mcAKjeWMYyojbYyVvI-cTaEKNwmtsgtIRIJODaboMdghSgvemdxh2xtPtx7Wiyk_SNf4w","user-agent":"PostmanRuntime/7.26.8","accept":"*/*","postman-token":"888b355f-39c5-41ff-baab-cbdfe919f044","host":"localhost:8415","accept-encoding":"gzip, deflate, br","connection":"keep-alive","cookie":"JSESSIONID\u003d6B66361D801BBD2E1EFD3366BC598E85"}}
30-11-2020 11:22:03.475 INFO  c.e.g.controller.BaseController.processRequest.88 - Elapsed [10029 (ms)] for requestUri: [/v1.0/hospital/patient-by-employee], requestSession: [6B66361D801BBD2E1EFD3366BC598E85]
30-11-2020 11:22:13.531 ERROR o.s.a.r.l.DirectReplyToMessageListenerContainer.callExecuteListener.1056 - Failed to invoke listener
org.springframework.amqp.rabbit.support.ListenerExecutionFailedException: Listener threw exception
	at org.springframework.amqp.rabbit.listener.AbstractMessageListenerContainer.wrapToListenerExecutionFailedExceptionIfNeeded(AbstractMessageListenerContainer.java:1693)
	at org.springframework.amqp.rabbit.listener.AbstractMessageListenerContainer.doInvokeListener(AbstractMessageListenerContainer.java:1583)
	at org.springframework.amqp.rabbit.listener.AbstractMessageListenerContainer.actualInvokeListener(AbstractMessageListenerContainer.java:1498)
	at org.springframework.amqp.rabbit.listener.AbstractMessageListenerContainer.invokeListener(AbstractMessageListenerContainer.java:1486)
	at org.springframework.amqp.rabbit.listener.AbstractMessageListenerContainer.doExecuteListener(AbstractMessageListenerContainer.java:1477)
	at org.springframework.amqp.rabbit.listener.AbstractMessageListenerContainer.executeListener(AbstractMessageListenerContainer.java:1421)
	at org.springframework.amqp.rabbit.listener.DirectMessageListenerContainer$SimpleConsumer.callExecuteListener(DirectMessageListenerContainer.java:1037)
	at org.springframework.amqp.rabbit.listener.DirectMessageListenerContainer$SimpleConsumer.handleDelivery(DirectMessageListenerContainer.java:997)
	at com.rabbitmq.client.impl.ConsumerDispatcher$5.run(ConsumerDispatcher.java:149)
	at com.rabbitmq.client.impl.ConsumerWorkService$WorkPoolRunnable.run(ConsumerWorkService.java:104)
	at java.util.concurrent.ThreadPoolExecutor.runWorker(ThreadPoolExecutor.java:1149)
	at java.util.concurrent.ThreadPoolExecutor$Worker.run(ThreadPoolExecutor.java:624)
	at java.lang.Thread.run(Thread.java:748)
Caused by: org.springframework.amqp.AmqpRejectAndDontRequeueException: Reply received after timeout
	at org.springframework.amqp.rabbit.core.RabbitTemplate.onMessage(RabbitTemplate.java:2561)
	at org.springframework.amqp.rabbit.listener.DirectReplyToMessageListenerContainer.lambda$setMessageListener$1(DirectReplyToMessageListenerContainer.java:100)
	at org.springframework.amqp.rabbit.listener.AbstractMessageListenerContainer.doInvokeListener(AbstractMessageListenerContainer.java:1579)
	... 11 common frames omitted
30-11-2020 13:15:26.351 INFO  com.elcom.gateway.MainApplication.logStarting.55 - Starting MainApplication on DESKTOP-2U9UF8V with PID 7420 (E:\1.ELCOM\Vitalsign\1.televital-platform\VitalsignApiGateway\target\classes started by Admin in E:\1.ELCOM\Vitalsign\1.televital-platform\VitalsignApiGateway)
30-11-2020 13:15:26.372 INFO  com.elcom.gateway.MainApplication.logStartupProfileInfo.651 - No active profile set, falling back to default profiles: default
30-11-2020 13:15:29.797 INFO  com.elcom.gateway.MainApplication.logStarted.61 - Started MainApplication in 3.98 seconds (JVM running for 4.393)
30-11-2020 13:15:55.978 INFO  c.e.g.controller.BaseController.processRequest.66 - [GET] to requestPath: /v1.0/hospital/patient-by-employee - urlParam: employeeId=47f28f75-9f8a-47fb-b858-f9d64c466f2b - pathParm: null - bodyParam: null - headerParam: authorization=Bearer eyJhbGciOiJIUzUxMiJ9.eyJzdWIiOiI1MGQ3ZmYxNC1kMDZiLTQ5YzMtODc5MS00M2Q0NGI1Y2E1OWQiLCJpYXQiOjE2MDY3MTAwODAsImV4cCI6MTYwNzMxNDg4MH0.wB-TrnizlI2idnfw8mcAKjeWMYyojbYyVvI-cTaEKNwmtsgtIRIJODaboMdghSgvemdxh2xtPtx7Wiyk_SNf4w&user-agent=PostmanRuntime/7.26.8&accept=*/*&postman-token=b5a878fe-c656-4aaf-8638-7a77e65b9c26&host=localhost:8415&accept-encoding=gzip, deflate, br&connection=keep-alive&cookie=JSESSIONID=6B66361D801BBD2E1EFD3366BC598E85
30-11-2020 13:15:55.983 INFO  c.e.g.controller.BaseController.processRequest.78 - Get Rabbit type for GET /hospital/patient-by-employee ==> Rabbit: rpc
30-11-2020 13:15:56.006 INFO  c.e.g.m.rabbitmq.RabbitMQClient.callRpcService.49 - callRpcService - exchangeName: vs_hospital_rpc_exchange, queueName: vs_hospital_rpc_queue, key : vs_hospital_rpc_key, msg: {"requestMethod":"GET","requestPath":"/v1.0/hospital/patient-by-employee","urlParam":"employeeId\u003d47f28f75-9f8a-47fb-b858-f9d64c466f2b","headerParam":{"authorization":"Bearer eyJhbGciOiJIUzUxMiJ9.eyJzdWIiOiI1MGQ3ZmYxNC1kMDZiLTQ5YzMtODc5MS00M2Q0NGI1Y2E1OWQiLCJpYXQiOjE2MDY3MTAwODAsImV4cCI6MTYwNzMxNDg4MH0.wB-TrnizlI2idnfw8mcAKjeWMYyojbYyVvI-cTaEKNwmtsgtIRIJODaboMdghSgvemdxh2xtPtx7Wiyk_SNf4w","user-agent":"PostmanRuntime/7.26.8","accept":"*/*","postman-token":"b5a878fe-c656-4aaf-8638-7a77e65b9c26","host":"localhost:8415","accept-encoding":"gzip, deflate, br","connection":"keep-alive","cookie":"JSESSIONID\u003d6B66361D801BBD2E1EFD3366BC598E85"}}
30-11-2020 13:16:06.240 INFO  c.e.g.controller.BaseController.processRequest.88 - Elapsed [10233 (ms)] for requestUri: [/v1.0/hospital/patient-by-employee], requestSession: [2D0E73A48082CDE88D896122A0672452]
30-11-2020 13:17:09.923 INFO  c.e.g.controller.BaseController.processRequest.66 - [GET] to requestPath: /v1.0/hospital/patient-by-employee - urlParam: employeeId=47f28f75-9f8a-47fb-b858-f9d64c466f2b - pathParm: null - bodyParam: null - headerParam: authorization=Bearer eyJhbGciOiJIUzUxMiJ9.eyJzdWIiOiI1MGQ3ZmYxNC1kMDZiLTQ5YzMtODc5MS00M2Q0NGI1Y2E1OWQiLCJpYXQiOjE2MDY3MTAwODAsImV4cCI6MTYwNzMxNDg4MH0.wB-TrnizlI2idnfw8mcAKjeWMYyojbYyVvI-cTaEKNwmtsgtIRIJODaboMdghSgvemdxh2xtPtx7Wiyk_SNf4w&user-agent=PostmanRuntime/7.26.8&accept=*/*&postman-token=a4a49191-4da3-4d7c-adc5-bab5f56255f6&host=localhost:8415&accept-encoding=gzip, deflate, br&connection=keep-alive&cookie=JSESSIONID=2D0E73A48082CDE88D896122A0672452
30-11-2020 13:17:09.924 INFO  c.e.g.controller.BaseController.processRequest.78 - Get Rabbit type for GET /hospital/patient-by-employee ==> Rabbit: rpc
30-11-2020 13:17:09.927 INFO  c.e.g.m.rabbitmq.RabbitMQClient.callRpcService.49 - callRpcService - exchangeName: vs_hospital_rpc_exchange, queueName: vs_hospital_rpc_queue, key : vs_hospital_rpc_key, msg: {"requestMethod":"GET","requestPath":"/v1.0/hospital/patient-by-employee","urlParam":"employeeId\u003d47f28f75-9f8a-47fb-b858-f9d64c466f2b","headerParam":{"authorization":"Bearer eyJhbGciOiJIUzUxMiJ9.eyJzdWIiOiI1MGQ3ZmYxNC1kMDZiLTQ5YzMtODc5MS00M2Q0NGI1Y2E1OWQiLCJpYXQiOjE2MDY3MTAwODAsImV4cCI6MTYwNzMxNDg4MH0.wB-TrnizlI2idnfw8mcAKjeWMYyojbYyVvI-cTaEKNwmtsgtIRIJODaboMdghSgvemdxh2xtPtx7Wiyk_SNf4w","user-agent":"PostmanRuntime/7.26.8","accept":"*/*","postman-token":"a4a49191-4da3-4d7c-adc5-bab5f56255f6","host":"localhost:8415","accept-encoding":"gzip, deflate, br","connection":"keep-alive","cookie":"JSESSIONID\u003d2D0E73A48082CDE88D896122A0672452"}}
30-11-2020 13:17:19.971 INFO  c.e.g.controller.BaseController.processRequest.88 - Elapsed [10048 (ms)] for requestUri: [/v1.0/hospital/patient-by-employee], requestSession: [2D0E73A48082CDE88D896122A0672452]
30-11-2020 13:17:34.309 ERROR o.s.a.r.l.DirectReplyToMessageListenerContainer.callExecuteListener.1056 - Failed to invoke listener
org.springframework.amqp.rabbit.support.ListenerExecutionFailedException: Listener threw exception
	at org.springframework.amqp.rabbit.listener.AbstractMessageListenerContainer.wrapToListenerExecutionFailedExceptionIfNeeded(AbstractMessageListenerContainer.java:1693)
	at org.springframework.amqp.rabbit.listener.AbstractMessageListenerContainer.doInvokeListener(AbstractMessageListenerContainer.java:1583)
	at org.springframework.amqp.rabbit.listener.AbstractMessageListenerContainer.actualInvokeListener(AbstractMessageListenerContainer.java:1498)
	at org.springframework.amqp.rabbit.listener.AbstractMessageListenerContainer.invokeListener(AbstractMessageListenerContainer.java:1486)
	at org.springframework.amqp.rabbit.listener.AbstractMessageListenerContainer.doExecuteListener(AbstractMessageListenerContainer.java:1477)
	at org.springframework.amqp.rabbit.listener.AbstractMessageListenerContainer.executeListener(AbstractMessageListenerContainer.java:1421)
	at org.springframework.amqp.rabbit.listener.DirectMessageListenerContainer$SimpleConsumer.callExecuteListener(DirectMessageListenerContainer.java:1037)
	at org.springframework.amqp.rabbit.listener.DirectMessageListenerContainer$SimpleConsumer.handleDelivery(DirectMessageListenerContainer.java:997)
	at com.rabbitmq.client.impl.ConsumerDispatcher$5.run(ConsumerDispatcher.java:149)
	at com.rabbitmq.client.impl.ConsumerWorkService$WorkPoolRunnable.run(ConsumerWorkService.java:104)
	at java.util.concurrent.ThreadPoolExecutor.runWorker(ThreadPoolExecutor.java:1149)
	at java.util.concurrent.ThreadPoolExecutor$Worker.run(ThreadPoolExecutor.java:624)
	at java.lang.Thread.run(Thread.java:748)
Caused by: org.springframework.amqp.AmqpRejectAndDontRequeueException: Reply received after timeout
	at org.springframework.amqp.rabbit.core.RabbitTemplate.onMessage(RabbitTemplate.java:2561)
	at org.springframework.amqp.rabbit.listener.DirectReplyToMessageListenerContainer.lambda$setMessageListener$1(DirectReplyToMessageListenerContainer.java:100)
	at org.springframework.amqp.rabbit.listener.AbstractMessageListenerContainer.doInvokeListener(AbstractMessageListenerContainer.java:1579)
	... 11 common frames omitted
30-11-2020 13:20:03.022 INFO  c.e.g.controller.BaseController.processRequest.66 - [GET] to requestPath: /v1.0/hospital/patient-by-employee - urlParam: employeeId=47f28f75-9f8a-47fb-b858-f9d64c466f2b - pathParm: null - bodyParam: null - headerParam: authorization=Bearer eyJhbGciOiJIUzUxMiJ9.eyJzdWIiOiI1MGQ3ZmYxNC1kMDZiLTQ5YzMtODc5MS00M2Q0NGI1Y2E1OWQiLCJpYXQiOjE2MDY3MTAwODAsImV4cCI6MTYwNzMxNDg4MH0.wB-TrnizlI2idnfw8mcAKjeWMYyojbYyVvI-cTaEKNwmtsgtIRIJODaboMdghSgvemdxh2xtPtx7Wiyk_SNf4w&user-agent=PostmanRuntime/7.26.8&accept=*/*&postman-token=2dc4cfba-e781-42c9-8d6c-7290e00b2c01&host=localhost:8415&accept-encoding=gzip, deflate, br&connection=keep-alive&cookie=JSESSIONID=2D0E73A48082CDE88D896122A0672452
30-11-2020 13:20:03.028 INFO  c.e.g.controller.BaseController.processRequest.78 - Get Rabbit type for GET /hospital/patient-by-employee ==> Rabbit: rpc
30-11-2020 13:20:03.029 INFO  c.e.g.m.rabbitmq.RabbitMQClient.callRpcService.49 - callRpcService - exchangeName: vs_hospital_rpc_exchange, queueName: vs_hospital_rpc_queue, key : vs_hospital_rpc_key, msg: {"requestMethod":"GET","requestPath":"/v1.0/hospital/patient-by-employee","urlParam":"employeeId\u003d47f28f75-9f8a-47fb-b858-f9d64c466f2b","headerParam":{"authorization":"Bearer eyJhbGciOiJIUzUxMiJ9.eyJzdWIiOiI1MGQ3ZmYxNC1kMDZiLTQ5YzMtODc5MS00M2Q0NGI1Y2E1OWQiLCJpYXQiOjE2MDY3MTAwODAsImV4cCI6MTYwNzMxNDg4MH0.wB-TrnizlI2idnfw8mcAKjeWMYyojbYyVvI-cTaEKNwmtsgtIRIJODaboMdghSgvemdxh2xtPtx7Wiyk_SNf4w","user-agent":"PostmanRuntime/7.26.8","accept":"*/*","postman-token":"2dc4cfba-e781-42c9-8d6c-7290e00b2c01","host":"localhost:8415","accept-encoding":"gzip, deflate, br","connection":"keep-alive","cookie":"JSESSIONID\u003d2D0E73A48082CDE88D896122A0672452"}}
30-11-2020 13:20:13.073 INFO  c.e.g.controller.BaseController.processRequest.88 - Elapsed [10051 (ms)] for requestUri: [/v1.0/hospital/patient-by-employee], requestSession: [2D0E73A48082CDE88D896122A0672452]
30-11-2020 13:20:23.176 ERROR o.s.a.r.l.DirectReplyToMessageListenerContainer.callExecuteListener.1056 - Failed to invoke listener
org.springframework.amqp.rabbit.support.ListenerExecutionFailedException: Listener threw exception
	at org.springframework.amqp.rabbit.listener.AbstractMessageListenerContainer.wrapToListenerExecutionFailedExceptionIfNeeded(AbstractMessageListenerContainer.java:1693)
	at org.springframework.amqp.rabbit.listener.AbstractMessageListenerContainer.doInvokeListener(AbstractMessageListenerContainer.java:1583)
	at org.springframework.amqp.rabbit.listener.AbstractMessageListenerContainer.actualInvokeListener(AbstractMessageListenerContainer.java:1498)
	at org.springframework.amqp.rabbit.listener.AbstractMessageListenerContainer.invokeListener(AbstractMessageListenerContainer.java:1486)
	at org.springframework.amqp.rabbit.listener.AbstractMessageListenerContainer.doExecuteListener(AbstractMessageListenerContainer.java:1477)
	at org.springframework.amqp.rabbit.listener.AbstractMessageListenerContainer.executeListener(AbstractMessageListenerContainer.java:1421)
	at org.springframework.amqp.rabbit.listener.DirectMessageListenerContainer$SimpleConsumer.callExecuteListener(DirectMessageListenerContainer.java:1037)
	at org.springframework.amqp.rabbit.listener.DirectMessageListenerContainer$SimpleConsumer.handleDelivery(DirectMessageListenerContainer.java:997)
	at com.rabbitmq.client.impl.ConsumerDispatcher$5.run(ConsumerDispatcher.java:149)
	at com.rabbitmq.client.impl.ConsumerWorkService$WorkPoolRunnable.run(ConsumerWorkService.java:104)
	at java.util.concurrent.ThreadPoolExecutor.runWorker(ThreadPoolExecutor.java:1149)
	at java.util.concurrent.ThreadPoolExecutor$Worker.run(ThreadPoolExecutor.java:624)
	at java.lang.Thread.run(Thread.java:748)
Caused by: org.springframework.amqp.AmqpRejectAndDontRequeueException: Reply received after timeout
	at org.springframework.amqp.rabbit.core.RabbitTemplate.onMessage(RabbitTemplate.java:2561)
	at org.springframework.amqp.rabbit.listener.DirectReplyToMessageListenerContainer.lambda$setMessageListener$1(DirectReplyToMessageListenerContainer.java:100)
	at org.springframework.amqp.rabbit.listener.AbstractMessageListenerContainer.doInvokeListener(AbstractMessageListenerContainer.java:1579)
	... 11 common frames omitted
30-11-2020 13:20:42.201 INFO  c.e.g.controller.BaseController.processRequest.66 - [GET] to requestPath: /v1.0/hospital/patient-by-employee - urlParam: employeeId=47f28f75-9f8a-47fb-b858-f9d64c466f2b - pathParm: null - bodyParam: null - headerParam: authorization=Bearer eyJhbGciOiJIUzUxMiJ9.eyJzdWIiOiI1MGQ3ZmYxNC1kMDZiLTQ5YzMtODc5MS00M2Q0NGI1Y2E1OWQiLCJpYXQiOjE2MDY3MTAwODAsImV4cCI6MTYwNzMxNDg4MH0.wB-TrnizlI2idnfw8mcAKjeWMYyojbYyVvI-cTaEKNwmtsgtIRIJODaboMdghSgvemdxh2xtPtx7Wiyk_SNf4w&user-agent=PostmanRuntime/7.26.8&accept=*/*&postman-token=14998671-9d02-4c5c-8538-9b0563aa1108&host=localhost:8415&accept-encoding=gzip, deflate, br&connection=keep-alive&cookie=JSESSIONID=2D0E73A48082CDE88D896122A0672452
30-11-2020 13:20:42.202 INFO  c.e.g.controller.BaseController.processRequest.78 - Get Rabbit type for GET /hospital/patient-by-employee ==> Rabbit: rpc
30-11-2020 13:20:42.203 INFO  c.e.g.m.rabbitmq.RabbitMQClient.callRpcService.49 - callRpcService - exchangeName: vs_hospital_rpc_exchange, queueName: vs_hospital_rpc_queue, key : vs_hospital_rpc_key, msg: {"requestMethod":"GET","requestPath":"/v1.0/hospital/patient-by-employee","urlParam":"employeeId\u003d47f28f75-9f8a-47fb-b858-f9d64c466f2b","headerParam":{"authorization":"Bearer eyJhbGciOiJIUzUxMiJ9.eyJzdWIiOiI1MGQ3ZmYxNC1kMDZiLTQ5YzMtODc5MS00M2Q0NGI1Y2E1OWQiLCJpYXQiOjE2MDY3MTAwODAsImV4cCI6MTYwNzMxNDg4MH0.wB-TrnizlI2idnfw8mcAKjeWMYyojbYyVvI-cTaEKNwmtsgtIRIJODaboMdghSgvemdxh2xtPtx7Wiyk_SNf4w","user-agent":"PostmanRuntime/7.26.8","accept":"*/*","postman-token":"14998671-9d02-4c5c-8538-9b0563aa1108","host":"localhost:8415","accept-encoding":"gzip, deflate, br","connection":"keep-alive","cookie":"JSESSIONID\u003d2D0E73A48082CDE88D896122A0672452"}}
30-11-2020 13:20:52.231 INFO  c.e.g.controller.BaseController.processRequest.88 - Elapsed [10029 (ms)] for requestUri: [/v1.0/hospital/patient-by-employee], requestSession: [2D0E73A48082CDE88D896122A0672452]
30-11-2020 13:25:00.864 INFO  c.e.g.controller.BaseController.processRequest.66 - [GET] to requestPath: /v1.0/hospital/patient-by-employee - urlParam: employeeId=47f28f75-9f8a-47fb-b858-f9d64c466f2b - pathParm: null - bodyParam: null - headerParam: authorization=Bearer eyJhbGciOiJIUzUxMiJ9.eyJzdWIiOiI1MGQ3ZmYxNC1kMDZiLTQ5YzMtODc5MS00M2Q0NGI1Y2E1OWQiLCJpYXQiOjE2MDY3MTAwODAsImV4cCI6MTYwNzMxNDg4MH0.wB-TrnizlI2idnfw8mcAKjeWMYyojbYyVvI-cTaEKNwmtsgtIRIJODaboMdghSgvemdxh2xtPtx7Wiyk_SNf4w&user-agent=PostmanRuntime/7.26.8&accept=*/*&postman-token=535294ba-6763-42df-a361-1f1d66cb7968&host=localhost:8415&accept-encoding=gzip, deflate, br&connection=keep-alive&cookie=JSESSIONID=2D0E73A48082CDE88D896122A0672452
30-11-2020 13:25:00.865 INFO  c.e.g.controller.BaseController.processRequest.78 - Get Rabbit type for GET /hospital/patient-by-employee ==> Rabbit: rpc
30-11-2020 13:25:00.866 INFO  c.e.g.m.rabbitmq.RabbitMQClient.callRpcService.49 - callRpcService - exchangeName: vs_hospital_rpc_exchange, queueName: vs_hospital_rpc_queue, key : vs_hospital_rpc_key, msg: {"requestMethod":"GET","requestPath":"/v1.0/hospital/patient-by-employee","urlParam":"employeeId\u003d47f28f75-9f8a-47fb-b858-f9d64c466f2b","headerParam":{"authorization":"Bearer eyJhbGciOiJIUzUxMiJ9.eyJzdWIiOiI1MGQ3ZmYxNC1kMDZiLTQ5YzMtODc5MS00M2Q0NGI1Y2E1OWQiLCJpYXQiOjE2MDY3MTAwODAsImV4cCI6MTYwNzMxNDg4MH0.wB-TrnizlI2idnfw8mcAKjeWMYyojbYyVvI-cTaEKNwmtsgtIRIJODaboMdghSgvemdxh2xtPtx7Wiyk_SNf4w","user-agent":"PostmanRuntime/7.26.8","accept":"*/*","postman-token":"535294ba-6763-42df-a361-1f1d66cb7968","host":"localhost:8415","accept-encoding":"gzip, deflate, br","connection":"keep-alive","cookie":"JSESSIONID\u003d2D0E73A48082CDE88D896122A0672452"}}
30-11-2020 13:25:10.903 INFO  c.e.g.controller.BaseController.processRequest.88 - Elapsed [10039 (ms)] for requestUri: [/v1.0/hospital/patient-by-employee], requestSession: [2D0E73A48082CDE88D896122A0672452]
30-11-2020 13:28:39.747 INFO  c.e.g.controller.BaseController.processRequest.66 - [GET] to requestPath: /v1.0/hospital/patient-by-employee - urlParam: employeeId=47f28f75-9f8a-47fb-b858-f9d64c466f2b - pathParm: null - bodyParam: null - headerParam: authorization=Bearer eyJhbGciOiJIUzUxMiJ9.eyJzdWIiOiI1MGQ3ZmYxNC1kMDZiLTQ5YzMtODc5MS00M2Q0NGI1Y2E1OWQiLCJpYXQiOjE2MDY3MTAwODAsImV4cCI6MTYwNzMxNDg4MH0.wB-TrnizlI2idnfw8mcAKjeWMYyojbYyVvI-cTaEKNwmtsgtIRIJODaboMdghSgvemdxh2xtPtx7Wiyk_SNf4w&user-agent=PostmanRuntime/7.26.8&accept=*/*&postman-token=0bc34cd3-07db-4a7b-8457-4092ef3731e8&host=localhost:8415&accept-encoding=gzip, deflate, br&connection=keep-alive&cookie=JSESSIONID=2D0E73A48082CDE88D896122A0672452
30-11-2020 13:28:39.750 INFO  c.e.g.controller.BaseController.processRequest.78 - Get Rabbit type for GET /hospital/patient-by-employee ==> Rabbit: rpc
30-11-2020 13:28:39.751 INFO  c.e.g.m.rabbitmq.RabbitMQClient.callRpcService.49 - callRpcService - exchangeName: vs_hospital_rpc_exchange, queueName: vs_hospital_rpc_queue, key : vs_hospital_rpc_key, msg: {"requestMethod":"GET","requestPath":"/v1.0/hospital/patient-by-employee","urlParam":"employeeId\u003d47f28f75-9f8a-47fb-b858-f9d64c466f2b","headerParam":{"authorization":"Bearer eyJhbGciOiJIUzUxMiJ9.eyJzdWIiOiI1MGQ3ZmYxNC1kMDZiLTQ5YzMtODc5MS00M2Q0NGI1Y2E1OWQiLCJpYXQiOjE2MDY3MTAwODAsImV4cCI6MTYwNzMxNDg4MH0.wB-TrnizlI2idnfw8mcAKjeWMYyojbYyVvI-cTaEKNwmtsgtIRIJODaboMdghSgvemdxh2xtPtx7Wiyk_SNf4w","user-agent":"PostmanRuntime/7.26.8","accept":"*/*","postman-token":"0bc34cd3-07db-4a7b-8457-4092ef3731e8","host":"localhost:8415","accept-encoding":"gzip, deflate, br","connection":"keep-alive","cookie":"JSESSIONID\u003d2D0E73A48082CDE88D896122A0672452"}}
30-11-2020 13:28:54.853 INFO  com.elcom.gateway.MainApplication.logStarting.55 - Starting MainApplication on DESKTOP-2U9UF8V with PID 9528 (E:\1.ELCOM\Vitalsign\1.televital-platform\VitalsignApiGateway\target\classes started by Admin in E:\1.ELCOM\Vitalsign\1.televital-platform\VitalsignApiGateway)
30-11-2020 13:28:54.857 INFO  com.elcom.gateway.MainApplication.logStartupProfileInfo.651 - No active profile set, falling back to default profiles: default
30-11-2020 13:28:58.113 INFO  com.elcom.gateway.MainApplication.logStarted.61 - Started MainApplication in 3.97 seconds (JVM running for 5.2)
30-11-2020 13:30:15.961 INFO  c.e.g.controller.BaseController.processRequest.66 - [GET] to requestPath: /v1.0/hospital/patient-by-employee - urlParam: employeeId=47f28f75-9f8a-47fb-b858-f9d64c466f2b - pathParm: null - bodyParam: null - headerParam: authorization=Bearer eyJhbGciOiJIUzUxMiJ9.eyJzdWIiOiI1MGQ3ZmYxNC1kMDZiLTQ5YzMtODc5MS00M2Q0NGI1Y2E1OWQiLCJpYXQiOjE2MDY3MTAwODAsImV4cCI6MTYwNzMxNDg4MH0.wB-TrnizlI2idnfw8mcAKjeWMYyojbYyVvI-cTaEKNwmtsgtIRIJODaboMdghSgvemdxh2xtPtx7Wiyk_SNf4w&user-agent=PostmanRuntime/7.26.8&accept=*/*&postman-token=33275142-e438-42dc-ae1b-58bf197bd5df&host=localhost:8415&accept-encoding=gzip, deflate, br&connection=keep-alive&cookie=JSESSIONID=2D0E73A48082CDE88D896122A0672452
30-11-2020 13:33:57.826 INFO  c.e.g.controller.BaseController.processRequest.78 - Get Rabbit type for GET /hospital/patient-by-employee ==> Rabbit: rpc
30-11-2020 13:52:18.780 INFO  com.elcom.gateway.MainApplication.logStarting.55 - Starting MainApplication on DESKTOP-2U9UF8V with PID 12076 (E:\1.ELCOM\Vitalsign\1.televital-platform\VitalsignApiGateway\target\classes started by Admin in E:\1.ELCOM\Vitalsign\1.televital-platform\VitalsignApiGateway)
30-11-2020 13:52:18.784 INFO  com.elcom.gateway.MainApplication.logStartupProfileInfo.651 - No active profile set, falling back to default profiles: default
30-11-2020 13:52:21.866 INFO  com.elcom.gateway.MainApplication.logStarted.61 - Started MainApplication in 3.754 seconds (JVM running for 4.13)
30-11-2020 13:52:27.034 INFO  c.e.g.controller.BaseController.processRequest.66 - [POST] to requestPath: /v1.0/user/login - urlParam:  - pathParm: null - bodyParam: {email=anhdv@elcom.com.vn, password=123456} - headerParam: content-type=application/json&user-agent=PostmanRuntime/7.26.8&accept=*/*&postman-token=23063641-7aa5-404e-886b-d5c8addce559&host=localhost:8415&accept-encoding=gzip, deflate, br&connection=keep-alive&content-length=66&cookie=JSESSIONID=3366C560B3CCD3684A11403F0B7ACF0C
30-11-2020 13:52:27.040 INFO  c.e.g.controller.BaseController.processRequest.78 - Get Rabbit type for POST /user/login ==> Rabbit: rpc
30-11-2020 13:52:27.047 INFO  c.e.g.m.rabbitmq.RabbitMQClient.callRpcService.49 - callRpcService - exchangeName: vs_user_rpc_exchange, queueName: vs_user_rpc_queue, key : vs_user_rpc, msg: {"requestMethod":"POST","requestPath":"/v1.0/user/login","urlParam":"","bodyParam":{"email":"anhdv@elcom.com.vn","password":"123456"},"headerParam":{"content-type":"application/json","user-agent":"PostmanRuntime/7.26.8","accept":"*/*","postman-token":"23063641-7aa5-404e-886b-d5c8addce559","host":"localhost:8415","accept-encoding":"gzip, deflate, br","connection":"keep-alive","content-length":"66","cookie":"JSESSIONID\u003d3366C560B3CCD3684A11403F0B7ACF0C"}}
30-11-2020 13:52:27.476 INFO  c.e.g.controller.BaseController.processRequest.88 - Elapsed [438 (ms)] for requestUri: [/v1.0/user/login], requestSession: [316BAEFF0791222BE48A6832F173DCBE]
