18-12-2020 09:27:01.795 INFO  com.elcom.gateway.MainApplication.logStarting.55 - Starting MainApplication on DESKTOP-2U9UF8V with PID 10356 (E:\1.ELCOM\0.Vitalsign\1.televital-platform\VitalsignApiGateway\target\classes started by Admin in E:\1.ELCOM\0.Vitalsign\1.televital-platform\VitalsignApiGateway)
18-12-2020 09:27:01.806 INFO  com.elcom.gateway.MainApplication.logStartupProfileInfo.651 - No active profile set, falling back to default profiles: default
18-12-2020 09:27:05.996 INFO  com.elcom.gateway.MainApplication.logStarted.61 - Started MainApplication in 5.119 seconds (JVM running for 5.64)
18-12-2020 09:30:42.249 INFO  c.e.g.controller.BaseController.processRequest.68 - [GET] to requestPath: /v1.0/user-system/find-doctors-by-name - urlParam: businessUnitId=10d7ff14-d06b-49c3-8791-43d44b5ca50a&fullName=Nguyen Van Teo - pathParm: null - headerParam: authorization=Bearer eyJhbGciOiJIUzUxMiJ9.eyJzdWIiOiI1MGQ3ZmYxNC1kMDZiLTQ5YzMtODc5MS00M2Q0NGI1Y2E1OWQiLCJpYXQiOjE2MDgxOTg3MDMsImV4cCI6MTYwODgwMzUwM30.zGDIpEq2d6mmAOhTDc5_J0nIX-kmPRYmOmkyomk3u9Ic76lR1oGTABBOjkyvWRwZR3pg-lznVJLFVVJqFwm_eA&user-agent=PostmanRuntime/7.26.8&accept=*/*&postman-token=f1e75e57-6a95-495e-a907-71ba1cfad947&host=localhost:8415&accept-encoding=gzip, deflate, br&connection=keep-alive
18-12-2020 09:30:42.282 INFO  c.e.g.controller.BaseController.processRequest.80 - Get Rabbit type for GET /user-system/find-doctors-by-name ==> Rabbit: rpc
18-12-2020 09:30:43.739 INFO  c.e.g.controller.BaseController.processRequest.90 - Elapsed [1466 (ms)] for requestUri: [/v1.0/user-system/find-doctors-by-name], requestSession: [DCF7DC68E6E90CBDD8EABDDFF2410117]
18-12-2020 09:34:00.570 INFO  c.e.g.controller.BaseController.processRequest.68 - [GET] to requestPath: /v1.0/user-system/find-doctors-by-name - urlParam: businessUnitId=10d7ff14-d06b-49c3-8791-43d44b5ca50a&fullName=Nguyen Van Teo - pathParm: null - headerParam: authorization=Bearer eyJhbGciOiJIUzUxMiJ9.eyJzdWIiOiI1MGQ3ZmYxNC1kMDZiLTQ5YzMtODc5MS00M2Q0NGI1Y2E1OWQiLCJpYXQiOjE2MDgxOTg3MDMsImV4cCI6MTYwODgwMzUwM30.zGDIpEq2d6mmAOhTDc5_J0nIX-kmPRYmOmkyomk3u9Ic76lR1oGTABBOjkyvWRwZR3pg-lznVJLFVVJqFwm_eA&user-agent=PostmanRuntime/7.26.8&accept=*/*&postman-token=2eacc714-5099-4b14-b3e1-2bafbf041518&host=localhost:8415&accept-encoding=gzip, deflate, br&connection=keep-alive&cookie=JSESSIONID=DCF7DC68E6E90CBDD8EABDDFF2410117
18-12-2020 09:34:00.571 INFO  c.e.g.controller.BaseController.processRequest.80 - Get Rabbit type for GET /user-system/find-doctors-by-name ==> Rabbit: rpc
18-12-2020 09:34:01.263 INFO  c.e.g.controller.BaseController.processRequest.90 - Elapsed [693 (ms)] for requestUri: [/v1.0/user-system/find-doctors-by-name], requestSession: [DCF7DC68E6E90CBDD8EABDDFF2410117]
18-12-2020 09:34:07.812 INFO  c.e.g.controller.BaseController.processRequest.68 - [GET] to requestPath: /v1.0/user-system/find-doctors-by-name - urlParam: businessUnitId=10d7ff14-d06b-49c3-8791-43d44b5ca50a&fullName=Nguyen - pathParm: null - headerParam: authorization=Bearer eyJhbGciOiJIUzUxMiJ9.eyJzdWIiOiI1MGQ3ZmYxNC1kMDZiLTQ5YzMtODc5MS00M2Q0NGI1Y2E1OWQiLCJpYXQiOjE2MDgxOTg3MDMsImV4cCI6MTYwODgwMzUwM30.zGDIpEq2d6mmAOhTDc5_J0nIX-kmPRYmOmkyomk3u9Ic76lR1oGTABBOjkyvWRwZR3pg-lznVJLFVVJqFwm_eA&user-agent=PostmanRuntime/7.26.8&accept=*/*&postman-token=05f23038-00f0-4456-af0d-20113a04bf8f&host=localhost:8415&accept-encoding=gzip, deflate, br&connection=keep-alive&cookie=JSESSIONID=DCF7DC68E6E90CBDD8EABDDFF2410117
18-12-2020 09:34:07.813 INFO  c.e.g.controller.BaseController.processRequest.80 - Get Rabbit type for GET /user-system/find-doctors-by-name ==> Rabbit: rpc
18-12-2020 09:34:07.932 INFO  c.e.g.controller.BaseController.processRequest.90 - Elapsed [120 (ms)] for requestUri: [/v1.0/user-system/find-doctors-by-name], requestSession: [DCF7DC68E6E90CBDD8EABDDFF2410117]
18-12-2020 10:26:26.656 INFO  c.e.g.controller.BaseController.processRequest.68 - [POST] to requestPath: /v1.0/user-system/create-customer - urlParam:  - pathParm: null - headerParam: authorization=Bearer eyJhbGciOiJIUzUxMiJ9.eyJzdWIiOiI1MGQ3ZmYxNC1kMDZiLTQ5YzMtODc5MS00M2Q0NGI1Y2E1OWQiLCJpYXQiOjE2MDgxOTg3MDMsImV4cCI6MTYwODgwMzUwM30.zGDIpEq2d6mmAOhTDc5_J0nIX-kmPRYmOmkyomk3u9Ic76lR1oGTABBOjkyvWRwZR3pg-lznVJLFVVJqFwm_eA&content-type=application/json&user-agent=PostmanRuntime/7.26.8&accept=*/*&postman-token=36fadd0b-b28c-4bb2-9da7-b7ff34076a08&host=localhost:8415&accept-encoding=gzip, deflate, br&connection=keep-alive&content-length=248&cookie=JSESSIONID=DCF7DC68E6E90CBDD8EABDDFF2410117
18-12-2020 10:26:26.659 INFO  c.e.g.controller.BaseController.processRequest.80 - Get Rabbit type for POST /user-system/create-customer ==> Rabbit: rpc
18-12-2020 10:26:28.342 INFO  c.e.g.controller.BaseController.processRequest.90 - Elapsed [1685 (ms)] for requestUri: [/v1.0/user-system/create-customer], requestSession: [158B1DA25CB423352F5179ABFCBF4768]
18-12-2020 10:26:35.306 INFO  c.e.g.controller.BaseController.processRequest.68 - [POST] to requestPath: /v1.0/user-system/create-customer - urlParam:  - pathParm: null - headerParam: authorization=Bearer eyJhbGciOiJIUzUxMiJ9.eyJzdWIiOiI1MGQ3ZmYxNC1kMDZiLTQ5YzMtODc5MS00M2Q0NGI1Y2E1OWQiLCJpYXQiOjE2MDgxOTg3MDMsImV4cCI6MTYwODgwMzUwM30.zGDIpEq2d6mmAOhTDc5_J0nIX-kmPRYmOmkyomk3u9Ic76lR1oGTABBOjkyvWRwZR3pg-lznVJLFVVJqFwm_eA&content-type=application/json&user-agent=PostmanRuntime/7.26.8&accept=*/*&postman-token=8d74e322-0548-4386-a201-70008dcad355&host=localhost:8415&accept-encoding=gzip, deflate, br&connection=keep-alive&content-length=248&cookie=JSESSIONID=158B1DA25CB423352F5179ABFCBF4768
18-12-2020 10:26:35.307 INFO  c.e.g.controller.BaseController.processRequest.80 - Get Rabbit type for POST /user-system/create-customer ==> Rabbit: rpc
18-12-2020 10:26:40.619 INFO  c.e.g.controller.BaseController.processRequest.90 - Elapsed [5313 (ms)] for requestUri: [/v1.0/user-system/create-customer], requestSession: [158B1DA25CB423352F5179ABFCBF4768]
18-12-2020 10:27:26.846 INFO  c.e.g.controller.BaseController.processRequest.68 - [POST] to requestPath: /v1.0/user-system/create-customer - urlParam:  - pathParm: null - headerParam: authorization=Bearer eyJhbGciOiJIUzUxMiJ9.eyJzdWIiOiI1MGQ3ZmYxNC1kMDZiLTQ5YzMtODc5MS00M2Q0NGI1Y2E1OWQiLCJpYXQiOjE2MDgxOTg3MDMsImV4cCI6MTYwODgwMzUwM30.zGDIpEq2d6mmAOhTDc5_J0nIX-kmPRYmOmkyomk3u9Ic76lR1oGTABBOjkyvWRwZR3pg-lznVJLFVVJqFwm_eA&content-type=application/json&user-agent=PostmanRuntime/7.26.8&accept=*/*&postman-token=d2914ac6-e0dd-4518-b2d2-86accab05ea8&host=localhost:8415&accept-encoding=gzip, deflate, br&connection=keep-alive&content-length=244&cookie=JSESSIONID=158B1DA25CB423352F5179ABFCBF4768
18-12-2020 10:27:26.849 INFO  c.e.g.controller.BaseController.processRequest.80 - Get Rabbit type for POST /user-system/create-customer ==> Rabbit: rpc
18-12-2020 10:27:28.450 INFO  c.e.g.controller.BaseController.processRequest.90 - Elapsed [1604 (ms)] for requestUri: [/v1.0/user-system/create-customer], requestSession: [158B1DA25CB423352F5179ABFCBF4768]
18-12-2020 10:27:48.138 INFO  c.e.g.controller.BaseController.processRequest.68 - [POST] to requestPath: /v1.0/user-system/create-customer - urlParam:  - pathParm: null - headerParam: authorization=Bearer eyJhbGciOiJIUzUxMiJ9.eyJzdWIiOiI1MGQ3ZmYxNC1kMDZiLTQ5YzMtODc5MS00M2Q0NGI1Y2E1OWQiLCJpYXQiOjE2MDgxOTg3MDMsImV4cCI6MTYwODgwMzUwM30.zGDIpEq2d6mmAOhTDc5_J0nIX-kmPRYmOmkyomk3u9Ic76lR1oGTABBOjkyvWRwZR3pg-lznVJLFVVJqFwm_eA&content-type=application/json&user-agent=PostmanRuntime/7.26.8&accept=*/*&postman-token=7556de5d-a039-4787-b298-7a6d9d38e233&host=localhost:8415&accept-encoding=gzip, deflate, br&connection=keep-alive&content-length=244&cookie=JSESSIONID=158B1DA25CB423352F5179ABFCBF4768
18-12-2020 10:27:48.180 INFO  c.e.g.controller.BaseController.processRequest.80 - Get Rabbit type for POST /user-system/create-customer ==> Rabbit: rpc
18-12-2020 10:27:48.728 INFO  c.e.g.controller.BaseController.processRequest.90 - Elapsed [621 (ms)] for requestUri: [/v1.0/user-system/create-customer], requestSession: [158B1DA25CB423352F5179ABFCBF4768]
18-12-2020 10:28:26.487 INFO  c.e.g.controller.BaseController.processRequest.68 - [POST] to requestPath: /v1.0/user-system/create-customer - urlParam:  - pathParm: null - headerParam: authorization=Bearer eyJhbGciOiJIUzUxMiJ9.eyJzdWIiOiI1MGQ3ZmYxNC1kMDZiLTQ5YzMtODc5MS00M2Q0NGI1Y2E1OWQiLCJpYXQiOjE2MDgxOTg3MDMsImV4cCI6MTYwODgwMzUwM30.zGDIpEq2d6mmAOhTDc5_J0nIX-kmPRYmOmkyomk3u9Ic76lR1oGTABBOjkyvWRwZR3pg-lznVJLFVVJqFwm_eA&content-type=application/json&user-agent=PostmanRuntime/7.26.8&accept=*/*&postman-token=21915acd-9d6d-4f94-be51-408419eb2ce9&host=localhost:8415&accept-encoding=gzip, deflate, br&connection=keep-alive&content-length=244&cookie=JSESSIONID=158B1DA25CB423352F5179ABFCBF4768
18-12-2020 10:28:26.504 INFO  c.e.g.controller.BaseController.processRequest.80 - Get Rabbit type for POST /user-system/create-customer ==> Rabbit: rpc
18-12-2020 10:28:28.945 INFO  c.e.g.controller.BaseController.processRequest.90 - Elapsed [2459 (ms)] for requestUri: [/v1.0/user-system/create-customer], requestSession: [158B1DA25CB423352F5179ABFCBF4768]
18-12-2020 10:33:47.213 INFO  c.e.g.controller.BaseController.processRequest.68 - [POST] to requestPath: /v1.0/user-system/create-customer - urlParam:  - pathParm: null - headerParam: authorization=Bearer eyJhbGciOiJIUzUxMiJ9.eyJzdWIiOiI1MGQ3ZmYxNC1kMDZiLTQ5YzMtODc5MS00M2Q0NGI1Y2E1OWQiLCJpYXQiOjE2MDgxOTg3MDMsImV4cCI6MTYwODgwMzUwM30.zGDIpEq2d6mmAOhTDc5_J0nIX-kmPRYmOmkyomk3u9Ic76lR1oGTABBOjkyvWRwZR3pg-lznVJLFVVJqFwm_eA&content-type=application/json&user-agent=PostmanRuntime/7.26.8&accept=*/*&postman-token=ac5b4094-3371-4bd3-9c1d-700da858a219&host=localhost:8415&accept-encoding=gzip, deflate, br&connection=keep-alive&content-length=244&cookie=JSESSIONID=158B1DA25CB423352F5179ABFCBF4768
18-12-2020 10:33:47.246 INFO  c.e.g.controller.BaseController.processRequest.80 - Get Rabbit type for POST /user-system/create-customer ==> Rabbit: rpc
18-12-2020 10:33:57.972 INFO  c.e.g.controller.BaseController.processRequest.90 - Elapsed [10759 (ms)] for requestUri: [/v1.0/user-system/create-customer], requestSession: [158B1DA25CB423352F5179ABFCBF4768]
18-12-2020 10:34:00.538 ERROR o.s.a.r.l.DirectReplyToMessageListenerContainer.callExecuteListener.1056 - Failed to invoke listener
org.springframework.amqp.rabbit.support.ListenerExecutionFailedException: Listener threw exception
	at org.springframework.amqp.rabbit.listener.AbstractMessageListenerContainer.wrapToListenerExecutionFailedExceptionIfNeeded(AbstractMessageListenerContainer.java:1693)
	at org.springframework.amqp.rabbit.listener.AbstractMessageListenerContainer.doInvokeListener(AbstractMessageListenerContainer.java:1583)
	at org.springframework.amqp.rabbit.listener.AbstractMessageListenerContainer.actualInvokeListener(AbstractMessageListenerContainer.java:1498)
	at org.springframework.amqp.rabbit.listener.AbstractMessageListenerContainer.invokeListener(AbstractMessageListenerContainer.java:1486)
	at org.springframework.amqp.rabbit.listener.AbstractMessageListenerContainer.doExecuteListener(AbstractMessageListenerContainer.java:1477)
	at org.springframework.amqp.rabbit.listener.AbstractMessageListenerContainer.executeListener(AbstractMessageListenerContainer.java:1421)
	at org.springframework.amqp.rabbit.listener.DirectMessageListenerContainer$SimpleConsumer.callExecuteListener(DirectMessageListenerContainer.java:1037)
	at org.springframework.amqp.rabbit.listener.DirectMessageListenerContainer$SimpleConsumer.handleDelivery(DirectMessageListenerContainer.java:997)
	at com.rabbitmq.client.impl.ConsumerDispatcher$5.run(ConsumerDispatcher.java:149)
	at com.rabbitmq.client.impl.ConsumerWorkService$WorkPoolRunnable.run(ConsumerWorkService.java:104)
	at java.util.concurrent.ThreadPoolExecutor.runWorker(ThreadPoolExecutor.java:1149)
	at java.util.concurrent.ThreadPoolExecutor$Worker.run(ThreadPoolExecutor.java:624)
	at java.lang.Thread.run(Thread.java:748)
Caused by: org.springframework.amqp.AmqpRejectAndDontRequeueException: Reply received after timeout
	at org.springframework.amqp.rabbit.core.RabbitTemplate.onMessage(RabbitTemplate.java:2561)
	at org.springframework.amqp.rabbit.listener.DirectReplyToMessageListenerContainer.lambda$setMessageListener$1(DirectReplyToMessageListenerContainer.java:100)
	at org.springframework.amqp.rabbit.listener.AbstractMessageListenerContainer.doInvokeListener(AbstractMessageListenerContainer.java:1579)
	... 11 common frames omitted
18-12-2020 10:37:38.703 INFO  c.e.g.controller.BaseController.processRequest.68 - [POST] to requestPath: /v1.0/user-system/create-customer - urlParam:  - pathParm: null - headerParam: authorization=Bearer eyJhbGciOiJIUzUxMiJ9.eyJzdWIiOiI1MGQ3ZmYxNC1kMDZiLTQ5YzMtODc5MS00M2Q0NGI1Y2E1OWQiLCJpYXQiOjE2MDgxOTg3MDMsImV4cCI6MTYwODgwMzUwM30.zGDIpEq2d6mmAOhTDc5_J0nIX-kmPRYmOmkyomk3u9Ic76lR1oGTABBOjkyvWRwZR3pg-lznVJLFVVJqFwm_eA&content-type=application/json&user-agent=PostmanRuntime/7.26.8&accept=*/*&postman-token=35ddd370-217a-475e-98d5-1f9934b37016&host=localhost:8415&accept-encoding=gzip, deflate, br&connection=keep-alive&content-length=244&cookie=JSESSIONID=158B1DA25CB423352F5179ABFCBF4768
18-12-2020 10:37:38.719 INFO  c.e.g.controller.BaseController.processRequest.80 - Get Rabbit type for POST /user-system/create-customer ==> Rabbit: rpc
18-12-2020 10:37:39.485 INFO  c.e.g.controller.BaseController.processRequest.90 - Elapsed [782 (ms)] for requestUri: [/v1.0/user-system/create-customer], requestSession: [158B1DA25CB423352F5179ABFCBF4768]
18-12-2020 10:38:07.884 INFO  c.e.g.controller.BaseController.processRequest.68 - [POST] to requestPath: /v1.0/user-system/create-customer - urlParam:  - pathParm: null - headerParam: authorization=Bearer eyJhbGciOiJIUzUxMiJ9.eyJzdWIiOiI1MGQ3ZmYxNC1kMDZiLTQ5YzMtODc5MS00M2Q0NGI1Y2E1OWQiLCJpYXQiOjE2MDgxOTg3MDMsImV4cCI6MTYwODgwMzUwM30.zGDIpEq2d6mmAOhTDc5_J0nIX-kmPRYmOmkyomk3u9Ic76lR1oGTABBOjkyvWRwZR3pg-lznVJLFVVJqFwm_eA&content-type=application/json&user-agent=PostmanRuntime/7.26.8&accept=*/*&postman-token=c69cde61-7a5b-4600-a1ae-4e18f7361cb1&host=localhost:8415&accept-encoding=gzip, deflate, br&connection=keep-alive&content-length=244&cookie=JSESSIONID=158B1DA25CB423352F5179ABFCBF4768
18-12-2020 10:38:07.911 INFO  c.e.g.controller.BaseController.processRequest.80 - Get Rabbit type for POST /user-system/create-customer ==> Rabbit: rpc
18-12-2020 10:38:11.168 INFO  c.e.g.controller.BaseController.processRequest.90 - Elapsed [3284 (ms)] for requestUri: [/v1.0/user-system/create-customer], requestSession: [158B1DA25CB423352F5179ABFCBF4768]
18-12-2020 11:03:51.918 INFO  c.e.g.controller.BaseController.processRequest.68 - [POST] to requestPath: /v1.0/user-system/create-customer - urlParam:  - pathParm: null - headerParam: authorization=Bearer eyJhbGciOiJIUzUxMiJ9.eyJzdWIiOiI1MGQ3ZmYxNC1kMDZiLTQ5YzMtODc5MS00M2Q0NGI1Y2E1OWQiLCJpYXQiOjE2MDgxOTg3MDMsImV4cCI6MTYwODgwMzUwM30.zGDIpEq2d6mmAOhTDc5_J0nIX-kmPRYmOmkyomk3u9Ic76lR1oGTABBOjkyvWRwZR3pg-lznVJLFVVJqFwm_eA&content-type=application/json&user-agent=PostmanRuntime/7.26.8&accept=*/*&postman-token=6ac0a898-e8bb-40ea-8b9f-5c2249c38901&host=localhost:8415&accept-encoding=gzip, deflate, br&connection=keep-alive&content-length=244&cookie=JSESSIONID=158B1DA25CB423352F5179ABFCBF4768
18-12-2020 11:03:51.957 INFO  c.e.g.controller.BaseController.processRequest.80 - Get Rabbit type for POST /user-system/create-customer ==> Rabbit: rpc
18-12-2020 11:03:53.795 INFO  c.e.g.controller.BaseController.processRequest.90 - Elapsed [1877 (ms)] for requestUri: [/v1.0/user-system/create-customer], requestSession: [158B1DA25CB423352F5179ABFCBF4768]
18-12-2020 13:05:59.203 INFO  c.e.g.controller.BaseController.processRequest.68 - [GET] to requestPath: /v1.0/user-system/find-doctors-by-name - urlParam: businessUnitId=10d7ff14-d06b-49c3-8791-43d44b5ca50a&fullName=Nguyen - pathParm: null - headerParam: authorization=Bearer eyJhbGciOiJIUzUxMiJ9.eyJzdWIiOiI1MGQ3ZmYxNC1kMDZiLTQ5YzMtODc5MS00M2Q0NGI1Y2E1OWQiLCJpYXQiOjE2MDgxOTg3MDMsImV4cCI6MTYwODgwMzUwM30.zGDIpEq2d6mmAOhTDc5_J0nIX-kmPRYmOmkyomk3u9Ic76lR1oGTABBOjkyvWRwZR3pg-lznVJLFVVJqFwm_eA&user-agent=PostmanRuntime/7.26.8&accept=*/*&postman-token=a1b59953-e116-4ce8-8733-093f206d7dc9&host=localhost:8415&accept-encoding=gzip, deflate, br&connection=keep-alive&cookie=JSESSIONID=158B1DA25CB423352F5179ABFCBF4768
18-12-2020 13:05:59.210 INFO  c.e.g.controller.BaseController.processRequest.80 - Get Rabbit type for GET /user-system/find-doctors-by-name ==> Rabbit: rpc
18-12-2020 13:06:05.352 INFO  c.e.g.controller.BaseController.processRequest.90 - Elapsed [6123 (ms)] for requestUri: [/v1.0/user-system/find-doctors-by-name], requestSession: [26C23C42E30D97BE98D1851F02B8E886]
18-12-2020 13:07:11.238 INFO  com.elcom.gateway.MainApplication.logStarting.55 - Starting MainApplication on DESKTOP-2U9UF8V with PID 13724 (E:\1.ELCOM\0.Vitalsign\1.televital-platform\VitalsignApiGateway\target\classes started by Admin in E:\1.ELCOM\0.Vitalsign\1.televital-platform\VitalsignApiGateway)
18-12-2020 13:07:11.241 INFO  com.elcom.gateway.MainApplication.logStartupProfileInfo.651 - No active profile set, falling back to default profiles: default
18-12-2020 13:07:15.343 INFO  com.elcom.gateway.MainApplication.logStarted.61 - Started MainApplication in 5.055 seconds (JVM running for 5.603)
18-12-2020 13:18:38.487 INFO  c.e.g.controller.BaseController.processRequest.68 - [POST] to requestPath: /v1.0/user-system/create-customer - urlParam:  - pathParm: null - headerParam: authorization=Bearer eyJhbGciOiJIUzUxMiJ9.eyJzdWIiOiI1MGQ3ZmYxNC1kMDZiLTQ5YzMtODc5MS00M2Q0NGI1Y2E1OWQiLCJpYXQiOjE2MDgxOTg3MDMsImV4cCI6MTYwODgwMzUwM30.zGDIpEq2d6mmAOhTDc5_J0nIX-kmPRYmOmkyomk3u9Ic76lR1oGTABBOjkyvWRwZR3pg-lznVJLFVVJqFwm_eA&content-type=application/json&user-agent=PostmanRuntime/7.26.8&accept=*/*&postman-token=97c29cba-c645-4443-98a9-a6e7b7970338&host=localhost:8415&accept-encoding=gzip, deflate, br&connection=keep-alive&content-length=244&cookie=JSESSIONID=158B1DA25CB423352F5179ABFCBF4768
18-12-2020 13:18:38.516 INFO  c.e.g.controller.BaseController.processRequest.80 - Get Rabbit type for POST /user-system/create-customer ==> Rabbit: rpc
18-12-2020 13:18:41.032 INFO  c.e.g.controller.BaseController.processRequest.90 - Elapsed [2540 (ms)] for requestUri: [/v1.0/user-system/create-customer], requestSession: [09149E51964BB0075DE4C3573FAA24FA]
18-12-2020 13:21:16.374 INFO  c.e.g.controller.BaseController.processRequest.68 - [GET] to requestPath: /v1.0/user-system/find-doctors-by-name - urlParam: businessUnitId=10d7ff14-d06b-49c3-8791-43d44b5ca50a&fullName=Nguyen - pathParm: null - headerParam: authorization=Bearer eyJhbGciOiJIUzUxMiJ9.eyJzdWIiOiI1MGQ3ZmYxNC1kMDZiLTQ5YzMtODc5MS00M2Q0NGI1Y2E1OWQiLCJpYXQiOjE2MDgxOTg3MDMsImV4cCI6MTYwODgwMzUwM30.zGDIpEq2d6mmAOhTDc5_J0nIX-kmPRYmOmkyomk3u9Ic76lR1oGTABBOjkyvWRwZR3pg-lznVJLFVVJqFwm_eA&user-agent=PostmanRuntime/7.26.8&accept=*/*&postman-token=813f3a55-ed2e-45a3-b25c-989e9dd2d30f&host=localhost:8415&accept-encoding=gzip, deflate, br&connection=keep-alive&cookie=JSESSIONID=09149E51964BB0075DE4C3573FAA24FA
18-12-2020 13:21:16.376 INFO  c.e.g.controller.BaseController.processRequest.80 - Get Rabbit type for GET /user-system/find-doctors-by-name ==> Rabbit: rpc
18-12-2020 13:21:16.648 INFO  c.e.g.controller.BaseController.processRequest.90 - Elapsed [274 (ms)] for requestUri: [/v1.0/user-system/find-doctors-by-name], requestSession: [09149E51964BB0075DE4C3573FAA24FA]
18-12-2020 14:41:50.287 INFO  c.e.g.controller.BaseController.processRequest.68 - [GET] to requestPath: /v1.0/user-system/add-doctor-for-customer - urlParam:  - pathParm: null - headerParam: authorization=Bearer eyJhbGciOiJIUzUxMiJ9.eyJzdWIiOiI1MGQ3ZmYxNC1kMDZiLTQ5YzMtODc5MS00M2Q0NGI1Y2E1OWQiLCJpYXQiOjE2MDgxOTg3MDMsImV4cCI6MTYwODgwMzUwM30.zGDIpEq2d6mmAOhTDc5_J0nIX-kmPRYmOmkyomk3u9Ic76lR1oGTABBOjkyvWRwZR3pg-lznVJLFVVJqFwm_eA&content-type=application/json&user-agent=PostmanRuntime/7.26.8&accept=*/*&postman-token=58b3279e-bf02-4be3-8889-fdcf17767c43&host=localhost:8415&accept-encoding=gzip, deflate, br&connection=keep-alive&content-length=122&cookie=JSESSIONID=09149E51964BB0075DE4C3573FAA24FA
18-12-2020 14:42:11.471 INFO  com.elcom.gateway.MainApplication.logStarting.55 - Starting MainApplication on DESKTOP-2U9UF8V with PID 7264 (E:\1.ELCOM\0.Vitalsign\1.televital-platform\VitalsignApiGateway\target\classes started by Admin in E:\1.ELCOM\0.Vitalsign\1.televital-platform\VitalsignApiGateway)
18-12-2020 14:42:11.475 INFO  com.elcom.gateway.MainApplication.logStartupProfileInfo.651 - No active profile set, falling back to default profiles: default
18-12-2020 14:42:16.164 INFO  com.elcom.gateway.MainApplication.logStarted.61 - Started MainApplication in 5.453 seconds (JVM running for 6.104)
18-12-2020 14:42:44.862 INFO  c.e.g.controller.BaseController.processRequest.68 - [POST] to requestPath: /v1.0/user-system/add-doctor-for-customer - urlParam:  - pathParm: null - headerParam: authorization=Bearer eyJhbGciOiJIUzUxMiJ9.eyJzdWIiOiI1MGQ3ZmYxNC1kMDZiLTQ5YzMtODc5MS00M2Q0NGI1Y2E1OWQiLCJpYXQiOjE2MDgxOTg3MDMsImV4cCI6MTYwODgwMzUwM30.zGDIpEq2d6mmAOhTDc5_J0nIX-kmPRYmOmkyomk3u9Ic76lR1oGTABBOjkyvWRwZR3pg-lznVJLFVVJqFwm_eA&content-type=application/json&user-agent=PostmanRuntime/7.26.8&accept=*/*&postman-token=d8ab0f65-e828-43e2-a311-4ee1ca721681&host=localhost:8415&accept-encoding=gzip, deflate, br&connection=keep-alive&content-length=122&cookie=JSESSIONID=09149E51964BB0075DE4C3573FAA24FA
18-12-2020 14:42:44.869 INFO  c.e.g.controller.BaseController.processRequest.80 - Get Rabbit type for POST /user-system/add-doctor-for-customer ==> Rabbit: rpc
18-12-2020 14:42:45.826 INFO  c.e.g.controller.BaseController.processRequest.90 - Elapsed [957 (ms)] for requestUri: [/v1.0/user-system/add-doctor-for-customer], requestSession: [D7A3DE3682AB5AF9DBB43F0B5C224DAC]
18-12-2020 15:09:58.104 INFO  c.e.g.controller.BaseController.processRequest.68 - [DELETE] to requestPath: /v1.0/user-system/demove-doctor-of-customer - urlParam: customerId=2f6783bb-9527-478f-b33b-2ab54f7583e2&doctorId=edc7938b-e503-4fc5-80cd-8cfa299a4f7d - pathParm: null - headerParam: user-agent=PostmanRuntime/7.26.8&accept=*/*&postman-token=71fd8052-0fef-4cc5-8c50-bc4af884a77d&host=localhost:8415&accept-encoding=gzip, deflate, br&connection=keep-alive&cookie=JSESSIONID=D7A3DE3682AB5AF9DBB43F0B5C224DAC
18-12-2020 15:10:06.390 INFO  c.e.g.controller.BaseController.processRequest.68 - [DELETE] to requestPath: /v1.0/user-system/remove-doctor-of-customer - urlParam: customerId=2f6783bb-9527-478f-b33b-2ab54f7583e2&doctorId=edc7938b-e503-4fc5-80cd-8cfa299a4f7d - pathParm: null - headerParam: user-agent=PostmanRuntime/7.26.8&accept=*/*&postman-token=d84e58e3-c540-45cc-b700-cdf74a2e6cfe&host=localhost:8415&accept-encoding=gzip, deflate, br&connection=keep-alive&cookie=JSESSIONID=D7A3DE3682AB5AF9DBB43F0B5C224DAC
18-12-2020 15:10:06.391 INFO  c.e.g.controller.BaseController.processRequest.80 - Get Rabbit type for DELETE /user-system/remove-doctor-of-customer ==> Rabbit: rpc
18-12-2020 15:10:06.770 INFO  c.e.g.controller.BaseController.processRequest.90 - Elapsed [381 (ms)] for requestUri: [/v1.0/user-system/remove-doctor-of-customer], requestSession: [D7A3DE3682AB5AF9DBB43F0B5C224DAC]
18-12-2020 15:10:13.718 INFO  c.e.g.controller.BaseController.processRequest.68 - [DELETE] to requestPath: /v1.0/user-system/remove-doctor-of-customer - urlParam: customerId=2f6783bb-9527-478f-b33b-2ab54f7583e2&doctorId=edc7938b-e503-4fc5-80cd-8cfa299a4f7d - pathParm: null - headerParam: authorization=Bearer eyJhbGciOiJIUzUxMiJ9.eyJzdWIiOiI1MGQ3ZmYxNC1kMDZiLTQ5YzMtODc5MS00M2Q0NGI1Y2E1OWQiLCJpYXQiOjE2MDgxOTg3MDMsImV4cCI6MTYwODgwMzUwM30.zGDIpEq2d6mmAOhTDc5_J0nIX-kmPRYmOmkyomk3u9Ic76lR1oGTABBOjkyvWRwZR3pg-lznVJLFVVJqFwm_eA&user-agent=PostmanRuntime/7.26.8&accept=*/*&postman-token=2ede575d-9b2d-4202-8ef1-af1652fb24d1&host=localhost:8415&accept-encoding=gzip, deflate, br&connection=keep-alive&cookie=JSESSIONID=D7A3DE3682AB5AF9DBB43F0B5C224DAC
18-12-2020 15:10:13.721 INFO  c.e.g.controller.BaseController.processRequest.80 - Get Rabbit type for DELETE /user-system/remove-doctor-of-customer ==> Rabbit: rpc
18-12-2020 15:10:14.236 INFO  c.e.g.controller.BaseController.processRequest.90 - Elapsed [518 (ms)] for requestUri: [/v1.0/user-system/remove-doctor-of-customer], requestSession: [D7A3DE3682AB5AF9DBB43F0B5C224DAC]
18-12-2020 15:17:16.459 INFO  com.elcom.gateway.MainApplication.logStarting.55 - Starting MainApplication on DESKTOP-2U9UF8V with PID 12728 (E:\1.ELCOM\0.Vitalsign\1.televital-platform\VitalsignApiGateway\target\classes started by Admin in E:\1.ELCOM\0.Vitalsign\1.televital-platform\VitalsignApiGateway)
18-12-2020 15:17:16.463 INFO  com.elcom.gateway.MainApplication.logStartupProfileInfo.651 - No active profile set, falling back to default profiles: default
18-12-2020 15:17:19.935 INFO  com.elcom.gateway.MainApplication.logStarted.61 - Started MainApplication in 4.112 seconds (JVM running for 4.591)
18-12-2020 16:26:58.325 INFO  com.elcom.gateway.MainApplication.logStarting.55 - Starting MainApplication on DESKTOP-2U9UF8V with PID 2896 (E:\1.ELCOM\0.Vitalsign\1.televital-platform\VitalsignApiGateway\target\classes started by Admin in E:\1.ELCOM\0.Vitalsign\1.televital-platform\VitalsignApiGateway)
18-12-2020 16:26:58.330 INFO  com.elcom.gateway.MainApplication.logStartupProfileInfo.651 - No active profile set, falling back to default profiles: default
18-12-2020 16:27:02.637 ERROR o.s.b.d.LoggingFailureAnalysisReporter.report.40 - 

***************************
APPLICATION FAILED TO START
***************************

Description:

Web server failed to start. Port 8415 was already in use.

Action:

Identify and stop the process that's listening on port 8415 or configure this application to listen on another port.

18-12-2020 16:27:21.792 INFO  com.elcom.gateway.MainApplication.logStarting.55 - Starting MainApplication on DESKTOP-2U9UF8V with PID 9908 (E:\1.ELCOM\0.Vitalsign\1.televital-platform\VitalsignApiGateway\target\classes started by Admin in E:\1.ELCOM\0.Vitalsign\1.televital-platform\VitalsignApiGateway)
18-12-2020 16:27:21.798 INFO  com.elcom.gateway.MainApplication.logStartupProfileInfo.651 - No active profile set, falling back to default profiles: default
18-12-2020 16:27:25.255 INFO  com.elcom.gateway.MainApplication.logStarted.61 - Started MainApplication in 4.11 seconds (JVM running for 4.674)
18-12-2020 16:31:13.131 INFO  com.elcom.gateway.MainApplication.logStarting.55 - Starting MainApplication on DESKTOP-2U9UF8V with PID 11164 (E:\1.ELCOM\0.Vitalsign\1.televital-platform\VitalsignApiGateway\target\classes started by Admin in E:\1.ELCOM\0.Vitalsign\1.televital-platform\VitalsignApiGateway)
18-12-2020 16:31:13.136 INFO  com.elcom.gateway.MainApplication.logStartupProfileInfo.651 - No active profile set, falling back to default profiles: default
18-12-2020 16:31:16.963 INFO  com.elcom.gateway.MainApplication.logStarted.61 - Started MainApplication in 4.594 seconds (JVM running for 5.082)
18-12-2020 16:32:57.583 INFO  com.elcom.gateway.MainApplication.logStarting.55 - Starting MainApplication on DESKTOP-2U9UF8V with PID 9368 (E:\1.ELCOM\0.Vitalsign\1.televital-platform\VitalsignApiGateway\target\classes started by Admin in E:\1.ELCOM\0.Vitalsign\1.televital-platform\VitalsignApiGateway)
18-12-2020 16:32:57.591 INFO  com.elcom.gateway.MainApplication.logStartupProfileInfo.651 - No active profile set, falling back to default profiles: default
18-12-2020 16:33:01.279 INFO  com.elcom.gateway.MainApplication.logStarted.61 - Started MainApplication in 4.394 seconds (JVM running for 4.933)
18-12-2020 16:33:03.808 INFO  c.e.g.controller.BaseController.processRequest.68 - [GET] to requestPath: /v1.0/device/find-device-for-add-customer - urlParam: businessUnitId=10d7ff14-d06b-49c3-8791-43d44b5ca50d&deviceName=11d7ff14-d06b - pathParm: null - headerParam: user-agent=PostmanRuntime/7.26.8&accept=*/*&postman-token=fd3bfb84-58bf-451e-bc6a-20c2e83007d9&host=localhost:8415&accept-encoding=gzip, deflate, br&connection=keep-alive&cookie=JSESSIONID=D7A3DE3682AB5AF9DBB43F0B5C224DAC
18-12-2020 16:33:03.813 INFO  c.e.g.controller.BaseController.processRequest.80 - Get Rabbit type for GET /device/find-device-for-add-customer ==> Rabbit: rpc
18-12-2020 16:33:04.474 INFO  c.e.g.controller.BaseController.processRequest.90 - Elapsed [658 (ms)] for requestUri: [/v1.0/device/find-device-for-add-customer], requestSession: [F213590C2EA533356A2D6AAF20548CA6]
18-12-2020 16:33:11.884 INFO  c.e.g.controller.BaseController.processRequest.68 - [GET] to requestPath: /v1.0/device/find-device-for-add-customer - urlParam: businessUnitId=10d7ff14-d06b-49c3-8791-43d44b5ca50d&deviceName=11d7ff14-d06b - pathParm: null - headerParam: authorization=Bearer eyJhbGciOiJIUzUxMiJ9.eyJzdWIiOiI1MGQ3ZmYxNC1kMDZiLTQ5YzMtODc5MS00M2Q0NGI1Y2E1OWQiLCJpYXQiOjE2MDgxOTg3MDMsImV4cCI6MTYwODgwMzUwM30.zGDIpEq2d6mmAOhTDc5_J0nIX-kmPRYmOmkyomk3u9Ic76lR1oGTABBOjkyvWRwZR3pg-lznVJLFVVJqFwm_eA&user-agent=PostmanRuntime/7.26.8&accept=*/*&postman-token=75b61c00-18f5-411f-b1e2-1ec5ad792917&host=localhost:8415&accept-encoding=gzip, deflate, br&connection=keep-alive&cookie=JSESSIONID=F213590C2EA533356A2D6AAF20548CA6
18-12-2020 16:33:11.885 INFO  c.e.g.controller.BaseController.processRequest.80 - Get Rabbit type for GET /device/find-device-for-add-customer ==> Rabbit: rpc
18-12-2020 16:33:12.837 INFO  c.e.g.controller.BaseController.processRequest.90 - Elapsed [953 (ms)] for requestUri: [/v1.0/device/find-device-for-add-customer], requestSession: [F213590C2EA533356A2D6AAF20548CA6]
18-12-2020 16:33:23.776 INFO  c.e.g.controller.BaseController.processRequest.68 - [GET] to requestPath: /v1.0/device/find-device-for-add-customer - urlParam: businessUnitId=10d7ff14-d06b-49c3-8791-43d44b5ca50d&deviceName=11d7ff14-d06b - pathParm: null - headerParam: authorization=Bearer eyJhbGciOiJIUzUxMiJ9.eyJzdWIiOiI1MGQ3ZmYxNC1kMDZiLTQ5YzMtODc5MS00M2Q0NGI1Y2E1OWQiLCJpYXQiOjE2MDgxOTg3MDMsImV4cCI6MTYwODgwMzUwM30.zGDIpEq2d6mmAOhTDc5_J0nIX-kmPRYmOmkyomk3u9Ic76lR1oGTABBOjkyvWRwZR3pg-lznVJLFVVJqFwm_eA&user-agent=PostmanRuntime/7.26.8&accept=*/*&postman-token=aa4cadc4-69db-4493-8250-b6a7cbba06b2&host=localhost:8415&accept-encoding=gzip, deflate, br&connection=keep-alive&cookie=JSESSIONID=F213590C2EA533356A2D6AAF20548CA6
18-12-2020 16:33:23.781 INFO  c.e.g.controller.BaseController.processRequest.80 - Get Rabbit type for GET /device/find-device-for-add-customer ==> Rabbit: rpc
18-12-2020 16:33:23.914 INFO  c.e.g.controller.BaseController.processRequest.90 - Elapsed [138 (ms)] for requestUri: [/v1.0/device/find-device-for-add-customer], requestSession: [F213590C2EA533356A2D6AAF20548CA6]
18-12-2020 16:36:29.728 INFO  c.e.g.controller.BaseController.processRequest.68 - [GET] to requestPath: /v1.0/device/find-device-for-add-customer - urlParam: businessUnitId=10d7ff14-d06b-49c3-8791-43d44b5ca50d&deviceName=ELC-G- - pathParm: null - headerParam: authorization=Bearer eyJhbGciOiJIUzUxMiJ9.eyJzdWIiOiI1MGQ3ZmYxNC1kMDZiLTQ5YzMtODc5MS00M2Q0NGI1Y2E1OWQiLCJpYXQiOjE2MDgxOTg3MDMsImV4cCI6MTYwODgwMzUwM30.zGDIpEq2d6mmAOhTDc5_J0nIX-kmPRYmOmkyomk3u9Ic76lR1oGTABBOjkyvWRwZR3pg-lznVJLFVVJqFwm_eA&user-agent=PostmanRuntime/7.26.8&accept=*/*&postman-token=372924a4-ed99-428c-a5c5-d12620c2c82d&host=localhost:8415&accept-encoding=gzip, deflate, br&connection=keep-alive&cookie=JSESSIONID=F213590C2EA533356A2D6AAF20548CA6
18-12-2020 16:36:29.729 INFO  c.e.g.controller.BaseController.processRequest.80 - Get Rabbit type for GET /device/find-device-for-add-customer ==> Rabbit: rpc
18-12-2020 16:36:30.179 INFO  c.e.g.controller.BaseController.processRequest.90 - Elapsed [451 (ms)] for requestUri: [/v1.0/device/find-device-for-add-customer], requestSession: [F213590C2EA533356A2D6AAF20548CA6]
18-12-2020 16:36:37.128 INFO  c.e.g.controller.BaseController.processRequest.68 - [GET] to requestPath: /v1.0/device/find-device-for-add-customer - urlParam: businessUnitId=10d7ff14-d06b-49c3-8791-43d44b5ca50d&deviceName=ELC-G - pathParm: null - headerParam: authorization=Bearer eyJhbGciOiJIUzUxMiJ9.eyJzdWIiOiI1MGQ3ZmYxNC1kMDZiLTQ5YzMtODc5MS00M2Q0NGI1Y2E1OWQiLCJpYXQiOjE2MDgxOTg3MDMsImV4cCI6MTYwODgwMzUwM30.zGDIpEq2d6mmAOhTDc5_J0nIX-kmPRYmOmkyomk3u9Ic76lR1oGTABBOjkyvWRwZR3pg-lznVJLFVVJqFwm_eA&user-agent=PostmanRuntime/7.26.8&accept=*/*&postman-token=466fd403-2014-4348-b480-0afd2c4add0a&host=localhost:8415&accept-encoding=gzip, deflate, br&connection=keep-alive&cookie=JSESSIONID=F213590C2EA533356A2D6AAF20548CA6
18-12-2020 16:36:37.130 INFO  c.e.g.controller.BaseController.processRequest.80 - Get Rabbit type for GET /device/find-device-for-add-customer ==> Rabbit: rpc
18-12-2020 16:36:37.270 INFO  c.e.g.controller.BaseController.processRequest.90 - Elapsed [142 (ms)] for requestUri: [/v1.0/device/find-device-for-add-customer], requestSession: [F213590C2EA533356A2D6AAF20548CA6]
18-12-2020 16:37:05.177 INFO  c.e.g.controller.BaseController.processRequest.68 - [GET] to requestPath: /v1.0/device/find-device-for-add-customer - urlParam: businessUnitId=10d7ff14-d06b-49c3-8791-43d44b5ca50d&deviceName=G - pathParm: null - headerParam: authorization=Bearer eyJhbGciOiJIUzUxMiJ9.eyJzdWIiOiI1MGQ3ZmYxNC1kMDZiLTQ5YzMtODc5MS00M2Q0NGI1Y2E1OWQiLCJpYXQiOjE2MDgxOTg3MDMsImV4cCI6MTYwODgwMzUwM30.zGDIpEq2d6mmAOhTDc5_J0nIX-kmPRYmOmkyomk3u9Ic76lR1oGTABBOjkyvWRwZR3pg-lznVJLFVVJqFwm_eA&user-agent=PostmanRuntime/7.26.8&accept=*/*&postman-token=e1eebd8a-bdf2-4e70-8cef-389d47faa9fe&host=localhost:8415&accept-encoding=gzip, deflate, br&connection=keep-alive&cookie=JSESSIONID=F213590C2EA533356A2D6AAF20548CA6
18-12-2020 16:37:05.177 INFO  c.e.g.controller.BaseController.processRequest.80 - Get Rabbit type for GET /device/find-device-for-add-customer ==> Rabbit: rpc
18-12-2020 16:37:05.302 INFO  c.e.g.controller.BaseController.processRequest.90 - Elapsed [125 (ms)] for requestUri: [/v1.0/device/find-device-for-add-customer], requestSession: [F213590C2EA533356A2D6AAF20548CA6]
18-12-2020 16:39:56.886 INFO  c.e.g.controller.BaseController.processRequest.68 - [GET] to requestPath: /v1.0/device/find-device-for-add-customer - urlParam: businessUnitId=10d7ff14-d06b-49c3-8791-43d44b5ca50d&deviceName=G - pathParm: null - headerParam: authorization=Bearer eyJhbGciOiJIUzUxMiJ9.eyJzdWIiOiI1MGQ3ZmYxNC1kMDZiLTQ5YzMtODc5MS00M2Q0NGI1Y2E1OWQiLCJpYXQiOjE2MDgxOTg3MDMsImV4cCI6MTYwODgwMzUwM30.zGDIpEq2d6mmAOhTDc5_J0nIX-kmPRYmOmkyomk3u9Ic76lR1oGTABBOjkyvWRwZR3pg-lznVJLFVVJqFwm_eA&user-agent=PostmanRuntime/7.26.8&accept=*/*&postman-token=e74d7622-a076-4d6c-bd34-1b2de29133bb&host=localhost:8415&accept-encoding=gzip, deflate, br&connection=keep-alive&cookie=JSESSIONID=F213590C2EA533356A2D6AAF20548CA6
18-12-2020 16:39:56.887 INFO  c.e.g.controller.BaseController.processRequest.80 - Get Rabbit type for GET /device/find-device-for-add-customer ==> Rabbit: rpc
18-12-2020 16:40:06.928 INFO  c.e.g.controller.BaseController.processRequest.90 - Elapsed [10042 (ms)] for requestUri: [/v1.0/device/find-device-for-add-customer], requestSession: [F213590C2EA533356A2D6AAF20548CA6]
18-12-2020 16:42:18.490 INFO  c.e.g.controller.BaseController.processRequest.68 - [GET] to requestPath: /v1.0/device/find-device-for-add-customer - urlParam: businessUnitId=10d7ff14-d06b-49c3-8791-43d44b5ca50d&deviceName=G - pathParm: null - headerParam: authorization=Bearer eyJhbGciOiJIUzUxMiJ9.eyJzdWIiOiI1MGQ3ZmYxNC1kMDZiLTQ5YzMtODc5MS00M2Q0NGI1Y2E1OWQiLCJpYXQiOjE2MDgxOTg3MDMsImV4cCI6MTYwODgwMzUwM30.zGDIpEq2d6mmAOhTDc5_J0nIX-kmPRYmOmkyomk3u9Ic76lR1oGTABBOjkyvWRwZR3pg-lznVJLFVVJqFwm_eA&user-agent=PostmanRuntime/7.26.8&accept=*/*&postman-token=397437fb-437d-4e7a-b39e-96961fc406e2&host=localhost:8415&accept-encoding=gzip, deflate, br&connection=keep-alive&cookie=JSESSIONID=F213590C2EA533356A2D6AAF20548CA6
18-12-2020 16:42:18.491 INFO  c.e.g.controller.BaseController.processRequest.80 - Get Rabbit type for GET /device/find-device-for-add-customer ==> Rabbit: rpc
18-12-2020 16:42:18.625 INFO  c.e.g.controller.BaseController.processRequest.90 - Elapsed [135 (ms)] for requestUri: [/v1.0/device/find-device-for-add-customer], requestSession: [F213590C2EA533356A2D6AAF20548CA6]
18-12-2020 16:44:24.073 INFO  c.e.g.controller.BaseController.processRequest.68 - [GET] to requestPath: /v1.0/device/find-device-for-add-customer - urlParam: businessUnitId=10d7ff14-d06b-49c3-8791-43d44b5ca50d&deviceName=G - pathParm: null - headerParam: authorization=Bearer eyJhbGciOiJIUzUxMiJ9.eyJzdWIiOiI1MGQ3ZmYxNC1kMDZiLTQ5YzMtODc5MS00M2Q0NGI1Y2E1OWQiLCJpYXQiOjE2MDgxOTg3MDMsImV4cCI6MTYwODgwMzUwM30.zGDIpEq2d6mmAOhTDc5_J0nIX-kmPRYmOmkyomk3u9Ic76lR1oGTABBOjkyvWRwZR3pg-lznVJLFVVJqFwm_eA&user-agent=PostmanRuntime/7.26.8&accept=*/*&postman-token=f156cd1f-a7f4-463a-b638-46bc0d83dfe8&host=localhost:8415&accept-encoding=gzip, deflate, br&connection=keep-alive&cookie=JSESSIONID=F213590C2EA533356A2D6AAF20548CA6
18-12-2020 16:44:24.075 INFO  c.e.g.controller.BaseController.processRequest.80 - Get Rabbit type for GET /device/find-device-for-add-customer ==> Rabbit: rpc
18-12-2020 16:44:24.951 INFO  c.e.g.controller.BaseController.processRequest.90 - Elapsed [878 (ms)] for requestUri: [/v1.0/device/find-device-for-add-customer], requestSession: [F213590C2EA533356A2D6AAF20548CA6]
18-12-2020 16:46:48.942 INFO  c.e.g.controller.BaseController.processRequest.68 - [GET] to requestPath: /v1.0/device/find-device-for-add-customer - urlParam: businessUnitId=10d7ff14-d06b-49c3-8791-43d44b5ca50d&deviceName=G - pathParm: null - headerParam: authorization=Bearer eyJhbGciOiJIUzUxMiJ9.eyJzdWIiOiI1MGQ3ZmYxNC1kMDZiLTQ5YzMtODc5MS00M2Q0NGI1Y2E1OWQiLCJpYXQiOjE2MDgxOTg3MDMsImV4cCI6MTYwODgwMzUwM30.zGDIpEq2d6mmAOhTDc5_J0nIX-kmPRYmOmkyomk3u9Ic76lR1oGTABBOjkyvWRwZR3pg-lznVJLFVVJqFwm_eA&user-agent=PostmanRuntime/7.26.8&accept=*/*&postman-token=712616e2-8bd1-4443-91ce-d6d371e8145d&host=localhost:8415&accept-encoding=gzip, deflate, br&connection=keep-alive&cookie=JSESSIONID=F213590C2EA533356A2D6AAF20548CA6
18-12-2020 16:46:48.943 INFO  c.e.g.controller.BaseController.processRequest.80 - Get Rabbit type for GET /device/find-device-for-add-customer ==> Rabbit: rpc
18-12-2020 16:46:49.385 INFO  c.e.g.controller.BaseController.processRequest.90 - Elapsed [443 (ms)] for requestUri: [/v1.0/device/find-device-for-add-customer], requestSession: [F213590C2EA533356A2D6AAF20548CA6]
18-12-2020 16:48:25.709 INFO  c.e.g.controller.BaseController.processRequest.68 - [GET] to requestPath: /v1.0/device/find-device-for-add-customer - urlParam: businessUnitId=10d7ff14-d06b-49c3-8791-43d44b5ca50d&deviceName=G - pathParm: null - headerParam: authorization=Bearer eyJhbGciOiJIUzUxMiJ9.eyJzdWIiOiI1MGQ3ZmYxNC1kMDZiLTQ5YzMtODc5MS00M2Q0NGI1Y2E1OWQiLCJpYXQiOjE2MDgxOTg3MDMsImV4cCI6MTYwODgwMzUwM30.zGDIpEq2d6mmAOhTDc5_J0nIX-kmPRYmOmkyomk3u9Ic76lR1oGTABBOjkyvWRwZR3pg-lznVJLFVVJqFwm_eA&user-agent=PostmanRuntime/7.26.8&accept=*/*&postman-token=527f879d-259e-473f-b188-c2cb78022396&host=localhost:8415&accept-encoding=gzip, deflate, br&connection=keep-alive&cookie=JSESSIONID=F213590C2EA533356A2D6AAF20548CA6
18-12-2020 16:48:25.710 INFO  c.e.g.controller.BaseController.processRequest.80 - Get Rabbit type for GET /device/find-device-for-add-customer ==> Rabbit: rpc
18-12-2020 16:48:25.825 INFO  c.e.g.controller.BaseController.processRequest.90 - Elapsed [116 (ms)] for requestUri: [/v1.0/device/find-device-for-add-customer], requestSession: [F213590C2EA533356A2D6AAF20548CA6]
18-12-2020 16:54:31.631 INFO  c.e.g.controller.BaseController.processRequest.68 - [GET] to requestPath: /v1.0/device/find-device-for-add-customer - urlParam: businessUnitId=10d7ff14-d06b-49c3-8791-43d44b5ca50d&deviceName=G - pathParm: null - headerParam: authorization=Bearer eyJhbGciOiJIUzUxMiJ9.eyJzdWIiOiI1MGQ3ZmYxNC1kMDZiLTQ5YzMtODc5MS00M2Q0NGI1Y2E1OWQiLCJpYXQiOjE2MDgxOTg3MDMsImV4cCI6MTYwODgwMzUwM30.zGDIpEq2d6mmAOhTDc5_J0nIX-kmPRYmOmkyomk3u9Ic76lR1oGTABBOjkyvWRwZR3pg-lznVJLFVVJqFwm_eA&user-agent=PostmanRuntime/7.26.8&accept=*/*&postman-token=04f13056-ec46-4f20-bbc6-f8094f673c85&host=localhost:8415&accept-encoding=gzip, deflate, br&connection=keep-alive&cookie=JSESSIONID=F213590C2EA533356A2D6AAF20548CA6
18-12-2020 16:54:31.632 INFO  c.e.g.controller.BaseController.processRequest.80 - Get Rabbit type for GET /device/find-device-for-add-customer ==> Rabbit: rpc
18-12-2020 16:54:32.067 INFO  c.e.g.controller.BaseController.processRequest.90 - Elapsed [436 (ms)] for requestUri: [/v1.0/device/find-device-for-add-customer], requestSession: [F213590C2EA533356A2D6AAF20548CA6]
18-12-2020 16:54:34.479 INFO  c.e.g.controller.BaseController.processRequest.68 - [GET] to requestPath: /v1.0/device/find-device-for-add-customer - urlParam: businessUnitId=10d7ff14-d06b-49c3-8791-43d44b5ca50d&deviceName=G - pathParm: null - headerParam: authorization=Bearer eyJhbGciOiJIUzUxMiJ9.eyJzdWIiOiI1MGQ3ZmYxNC1kMDZiLTQ5YzMtODc5MS00M2Q0NGI1Y2E1OWQiLCJpYXQiOjE2MDgxOTg3MDMsImV4cCI6MTYwODgwMzUwM30.zGDIpEq2d6mmAOhTDc5_J0nIX-kmPRYmOmkyomk3u9Ic76lR1oGTABBOjkyvWRwZR3pg-lznVJLFVVJqFwm_eA&user-agent=PostmanRuntime/7.26.8&accept=*/*&postman-token=e91d8ded-b524-41d3-90f0-5ef071ed5141&host=localhost:8415&accept-encoding=gzip, deflate, br&connection=keep-alive&cookie=JSESSIONID=F213590C2EA533356A2D6AAF20548CA6
18-12-2020 16:54:34.480 INFO  c.e.g.controller.BaseController.processRequest.80 - Get Rabbit type for GET /device/find-device-for-add-customer ==> Rabbit: rpc
18-12-2020 16:54:34.611 INFO  c.e.g.controller.BaseController.processRequest.90 - Elapsed [133 (ms)] for requestUri: [/v1.0/device/find-device-for-add-customer], requestSession: [F213590C2EA533356A2D6AAF20548CA6]
18-12-2020 16:54:58.000 INFO  c.e.g.controller.BaseController.processRequest.68 - [GET] to requestPath: /v1.0/device/find-device-for-add-customer - urlParam: businessUnitId=10d7ff14-d06b-49c3-8791-43d44b5ca50d&customerId=11d7ff14-d06b-49c3-8791-43d44b5ca10a&deviceName=G - pathParm: null - headerParam: authorization=Bearer eyJhbGciOiJIUzUxMiJ9.eyJzdWIiOiI1MGQ3ZmYxNC1kMDZiLTQ5YzMtODc5MS00M2Q0NGI1Y2E1OWQiLCJpYXQiOjE2MDgxOTg3MDMsImV4cCI6MTYwODgwMzUwM30.zGDIpEq2d6mmAOhTDc5_J0nIX-kmPRYmOmkyomk3u9Ic76lR1oGTABBOjkyvWRwZR3pg-lznVJLFVVJqFwm_eA&user-agent=PostmanRuntime/7.26.8&accept=*/*&postman-token=b8f18c3a-abcc-4f5c-9273-6d14f859ede2&host=localhost:8415&accept-encoding=gzip, deflate, br&connection=keep-alive&cookie=JSESSIONID=F213590C2EA533356A2D6AAF20548CA6
18-12-2020 16:54:58.001 INFO  c.e.g.controller.BaseController.processRequest.80 - Get Rabbit type for GET /device/find-device-for-add-customer ==> Rabbit: rpc
18-12-2020 16:54:58.142 INFO  c.e.g.controller.BaseController.processRequest.90 - Elapsed [143 (ms)] for requestUri: [/v1.0/device/find-device-for-add-customer], requestSession: [F213590C2EA533356A2D6AAF20548CA6]
18-12-2020 16:57:46.886 INFO  com.elcom.gateway.MainApplication.logStarting.55 - Starting MainApplication on DESKTOP-2U9UF8V with PID 8152 (E:\1.ELCOM\0.Vitalsign\1.televital-platform\VitalsignApiGateway\target\classes started by Admin in E:\1.ELCOM\0.Vitalsign\1.televital-platform\VitalsignApiGateway)
18-12-2020 16:57:46.890 INFO  com.elcom.gateway.MainApplication.logStartupProfileInfo.651 - No active profile set, falling back to default profiles: default
18-12-2020 16:57:50.622 INFO  com.elcom.gateway.MainApplication.logStarted.61 - Started MainApplication in 4.434 seconds (JVM running for 4.981)
18-12-2020 16:58:56.698 INFO  c.e.g.controller.BaseController.processRequest.68 - [GET] to requestPath: /v1.0/device/find-device-for-add-customer - urlParam: businessUnitId=10d7ff14-d06b-49c3-8791-43d44b5ca50d&customerId=11d7ff14-d06b-49c3-8791-43d44b5ca10a&deviceName=G - pathParm: null - headerParam: authorization=Bearer eyJhbGciOiJIUzUxMiJ9.eyJzdWIiOiI1MGQ3ZmYxNC1kMDZiLTQ5YzMtODc5MS00M2Q0NGI1Y2E1OWQiLCJpYXQiOjE2MDgxOTg3MDMsImV4cCI6MTYwODgwMzUwM30.zGDIpEq2d6mmAOhTDc5_J0nIX-kmPRYmOmkyomk3u9Ic76lR1oGTABBOjkyvWRwZR3pg-lznVJLFVVJqFwm_eA&user-agent=PostmanRuntime/7.26.8&accept=*/*&postman-token=85770040-450d-4dbe-a62f-2a3de0d6c314&host=localhost:8415&accept-encoding=gzip, deflate, br&connection=keep-alive&cookie=JSESSIONID=F213590C2EA533356A2D6AAF20548CA6
18-12-2020 16:58:56.705 INFO  c.e.g.controller.BaseController.processRequest.80 - Get Rabbit type for GET /device/find-device-for-add-customer ==> Rabbit: rpc
18-12-2020 16:59:06.533 INFO  c.e.g.controller.BaseController.processRequest.90 - Elapsed [9829 (ms)] for requestUri: [/v1.0/device/find-device-for-add-customer], requestSession: [B168449D9C2624E1ABC88D389D39F664]
